<?xml version="1.0" encoding="UTF-8"?>
<coverage generated="1777989594885" clover="3.2.0">
  <project timestamp="1777989594885" name="All files">
    <metrics statements="2286" coveredstatements="316" conditionals="1344" coveredconditionals="18" methods="317" coveredmethods="3" elements="3947" coveredelements="337" complexity="0" loc="2286" ncloc="2286" packages="7" files="44" classes="44"/>
    <package name="src">
      <metrics statements="45" coveredstatements="10" conditionals="24" coveredconditionals="2" methods="7" coveredmethods="0"/>
      <file name="upload.js" path="C:\Users\hmmot\Bureau\Project PFE\SMQ_GED\backend\src\upload.js">
        <metrics statements="35" coveredstatements="10" conditionals="20" coveredconditionals="2" methods="6" coveredmethods="0"/>
        <line num="1" count="1" type="stmt"/>
        <line num="2" count="1" type="stmt"/>
        <line num="3" count="1" type="stmt"/>
        <line num="4" count="1" type="stmt"/>
        <line num="5" count="1" type="stmt"/>
        <line num="10" count="1" type="cond" truecount="1" falsecount="1"/>
        <line num="14" count="1" type="cond" truecount="1" falsecount="1"/>
        <line num="20" count="0" type="stmt"/>
        <line num="22" count="0" type="cond" truecount="0" falsecount="2"/>
        <line num="23" count="0" type="stmt"/>
        <line num="27" count="0" type="cond" truecount="0" falsecount="2"/>
        <line num="30" count="0" type="stmt"/>
        <line num="31" count="0" type="stmt"/>
        <line num="32" count="0" type="stmt"/>
        <line num="33" count="0" type="stmt"/>
        <line num="37" count="0" type="cond" truecount="0" falsecount="2"/>
        <line num="38" count="0" type="stmt"/>
        <line num="39" count="0" type="stmt"/>
        <line num="41" count="0" type="stmt"/>
        <line num="44" count="1" type="stmt"/>
        <line num="46" count="0" type="cond" truecount="0" falsecount="2"/>
        <line num="47" count="0" type="cond" truecount="0" falsecount="2"/>
        <line num="48" count="0" type="cond" truecount="0" falsecount="2"/>
        <line num="50" count="0" type="stmt"/>
        <line num="52" count="0" type="cond" truecount="0" falsecount="2"/>
        <line num="53" count="0" type="stmt"/>
        <line num="54" count="0" type="stmt"/>
        <line num="56" count="0" type="stmt"/>
        <line num="59" count="0" type="stmt"/>
        <line num="60" count="0" type="stmt"/>
        <line num="64" count="1" type="stmt"/>
        <line num="70" count="0" type="stmt"/>
        <line num="77" count="0" type="cond" truecount="0" falsecount="2"/>
        <line num="78" count="0" type="stmt"/>
        <line num="82" count="1" type="stmt"/>
      </file>
      <file name="utils.js" path="C:\Users\hmmot\Bureau\Project PFE\SMQ_GED\backend\src\utils.js">
        <metrics statements="10" coveredstatements="0" conditionals="4" coveredconditionals="0" methods="1" coveredmethods="0"/>
        <line num="1" count="0" type="stmt"/>
        <line num="5" count="0" type="stmt"/>
        <line num="10" count="0" type="cond" truecount="0" falsecount="4"/>
        <line num="11" count="0" type="stmt"/>
        <line num="14" count="0" type="stmt"/>
        <line num="17" count="0" type="stmt"/>
        <line num="26" count="0" type="stmt"/>
        <line num="29" count="0" type="stmt"/>
        <line num="33" count="0" type="stmt"/>
        <line num="36" count="0" type="stmt"/>
      </file>
    </package>
    <package name="src.controllers">
      <metrics statements="1567" coveredstatements="116" conditionals="959" coveredconditionals="6" methods="202" coveredmethods="2"/>
      <file name="aiController.js" path="C:\Users\hmmot\Bureau\Project PFE\SMQ_GED\backend\src\controllers\aiController.js">
        <metrics statements="423" coveredstatements="11" conditionals="413" coveredconditionals="0" methods="70" coveredmethods="0"/>
        <line num="11" count="1" type="stmt"/>
        <line num="17" count="0" type="stmt"/>
        <line num="27" count="0" type="stmt"/>
        <line num="30" count="0" type="stmt"/>
        <line num="33" count="0" type="stmt"/>
        <line num="41" count="1" type="stmt"/>
        <line num="251" count="1" type="stmt"/>
        <line num="252" count="1" type="stmt"/>
        <line num="254" count="0" type="stmt"/>
        <line num="255" count="0" type="cond" truecount="0" falsecount="4"/>
        <line num="256" count="0" type="stmt"/>
        <line num="257" count="0" type="stmt"/>
        <line num="258" count="0" type="stmt"/>
        <line num="259" count="0" type="stmt"/>
        <line num="264" count="0" type="stmt"/>
        <line num="265" count="0" type="stmt"/>
        <line num="268" count="0" type="stmt"/>
        <line num="269" count="0" type="cond" truecount="0" falsecount="2"/>
        <line num="272" count="0" type="stmt"/>
        <line num="273" count="0" type="cond" truecount="0" falsecount="2"/>
        <line num="276" count="0" type="stmt"/>
        <line num="277" count="0" type="cond" truecount="0" falsecount="2"/>
        <line num="280" count="0" type="stmt"/>
        <line num="281" count="0" type="stmt"/>
        <line num="283" count="0" type="stmt"/>
        <line num="284" count="0" type="cond" truecount="0" falsecount="2"/>
        <line num="285" count="0" type="stmt"/>
        <line num="286" count="0" type="stmt"/>
        <line num="289" count="0" type="stmt"/>
        <line num="290" count="0" type="stmt"/>
        <line num="291" count="0" type="stmt"/>
        <line num="293" count="0" type="cond" truecount="0" falsecount="2"/>
        <line num="294" count="0" type="stmt"/>
        <line num="295" count="0" type="stmt"/>
        <line num="300" count="0" type="stmt"/>
        <line num="305" count="0" type="stmt"/>
        <line num="306" count="0" type="cond" truecount="0" falsecount="2"/>
        <line num="307" count="0" type="stmt"/>
        <line num="311" count="0" type="stmt"/>
        <line num="316" count="0" type="stmt"/>
        <line num="331" count="0" type="cond" truecount="0" falsecount="32"/>
        <line num="333" count="0" type="stmt"/>
        <line num="346" count="0" type="stmt"/>
        <line num="357" count="0" type="cond" truecount="0" falsecount="2"/>
        <line num="358" count="0" type="stmt"/>
        <line num="385" count="0" type="stmt"/>
        <line num="412" count="0" type="stmt"/>
        <line num="423" count="0" type="cond" truecount="0" falsecount="2"/>
        <line num="424" count="0" type="stmt"/>
        <line num="426" count="0" type="stmt"/>
        <line num="437" count="0" type="cond" truecount="0" falsecount="2"/>
        <line num="438" count="0" type="stmt"/>
        <line num="440" count="0" type="stmt"/>
        <line num="451" count="0" type="cond" truecount="0" falsecount="2"/>
        <line num="452" count="0" type="stmt"/>
        <line num="454" count="0" type="stmt"/>
        <line num="462" count="0" type="stmt"/>
        <line num="463" count="0" type="stmt"/>
        <line num="465" count="0" type="stmt"/>
        <line num="472" count="0" type="stmt"/>
        <line num="497" count="0" type="stmt"/>
        <line num="508" count="0" type="stmt"/>
        <line num="519" count="0" type="stmt"/>
        <line num="531" count="0" type="stmt"/>
        <line num="542" count="0" type="cond" truecount="0" falsecount="2"/>
        <line num="543" count="0" type="stmt"/>
        <line num="553" count="0" type="cond" truecount="0" falsecount="2"/>
        <line num="554" count="0" type="stmt"/>
        <line num="565" count="0" type="stmt"/>
        <line num="572" count="0" type="stmt"/>
        <line num="581" count="0" type="stmt"/>
        <line num="588" count="0" type="stmt"/>
        <line num="597" count="0" type="stmt"/>
        <line num="598" count="0" type="cond" truecount="0" falsecount="2"/>
        <line num="599" count="0" type="stmt"/>
        <line num="609" count="0" type="stmt"/>
        <line num="616" count="0" type="stmt"/>
        <line num="625" count="0" type="stmt"/>
        <line num="626" count="0" type="cond" truecount="0" falsecount="2"/>
        <line num="627" count="0" type="stmt"/>
        <line num="638" count="0" type="stmt"/>
        <line num="646" count="0" type="stmt"/>
        <line num="655" count="0" type="stmt"/>
        <line num="665" count="0" type="stmt"/>
        <line num="676" count="0" type="stmt"/>
        <line num="686" count="0" type="stmt"/>
        <line num="697" count="0" type="stmt"/>
        <line num="710" count="0" type="stmt"/>
        <line num="711" count="0" type="cond" truecount="0" falsecount="2"/>
        <line num="712" count="0" type="stmt"/>
        <line num="718" count="0" type="stmt"/>
        <line num="730" count="0" type="stmt"/>
        <line num="738" count="0" type="stmt"/>
        <line num="747" count="0" type="stmt"/>
        <line num="768" count="0" type="stmt"/>
        <line num="776" count="0" type="stmt"/>
        <line num="777" count="0" type="stmt"/>
        <line num="778" count="0" type="cond" truecount="0" falsecount="2"/>
        <line num="787" count="0" type="stmt"/>
        <line num="796" count="0" type="stmt"/>
        <line num="806" count="0" type="stmt"/>
        <line num="809" count="0" type="stmt"/>
        <line num="818" count="0" type="stmt"/>
        <line num="828" count="0" type="stmt"/>
        <line num="836" count="0" type="stmt"/>
        <line num="839" count="0" type="stmt"/>
        <line num="848" count="0" type="stmt"/>
        <line num="859" count="0" type="stmt"/>
        <line num="860" count="0" type="stmt"/>
        <line num="872" count="0" type="stmt"/>
        <line num="873" count="0" type="cond" truecount="0" falsecount="2"/>
        <line num="874" count="0" type="stmt"/>
        <line num="882" count="0" type="stmt"/>
        <line num="889" count="0" type="stmt"/>
        <line num="890" count="0" type="cond" truecount="0" falsecount="2"/>
        <line num="891" count="0" type="cond" truecount="0" falsecount="2"/>
        <line num="892" count="0" type="stmt"/>
        <line num="906" count="0" type="stmt"/>
        <line num="913" count="0" type="stmt"/>
        <line num="921" count="0" type="cond" truecount="0" falsecount="4"/>
        <line num="922" count="0" type="cond" truecount="0" falsecount="2"/>
        <line num="924" count="0" type="stmt"/>
        <line num="930" count="0" type="stmt"/>
        <line num="949" count="1" type="stmt"/>
        <line num="952" count="0" type="stmt"/>
        <line num="953" count="0" type="cond" truecount="0" falsecount="4"/>
        <line num="955" count="0" type="stmt"/>
        <line num="967" count="0" type="stmt"/>
        <line num="968" count="0" type="stmt"/>
        <line num="978" count="0" type="stmt"/>
        <line num="979" count="0" type="stmt"/>
        <line num="980" count="0" type="stmt"/>
        <line num="981" count="0" type="stmt"/>
        <line num="982" count="0" type="stmt"/>
        <line num="983" count="0" type="cond" truecount="0" falsecount="2"/>
        <line num="984" count="0" type="cond" truecount="0" falsecount="2"/>
        <line num="985" count="0" type="stmt"/>
        <line num="988" count="0" type="stmt"/>
        <line num="989" count="0" type="stmt"/>
        <line num="990" count="0" type="stmt"/>
        <line num="996" count="0" type="stmt"/>
        <line num="997" count="0" type="cond" truecount="0" falsecount="4"/>
        <line num="999" count="0" type="stmt"/>
        <line num="1011" count="0" type="stmt"/>
        <line num="1012" count="0" type="stmt"/>
        <line num="1022" count="0" type="stmt"/>
        <line num="1023" count="0" type="stmt"/>
        <line num="1024" count="0" type="stmt"/>
        <line num="1025" count="0" type="stmt"/>
        <line num="1026" count="0" type="stmt"/>
        <line num="1027" count="0" type="stmt"/>
        <line num="1028" count="0" type="cond" truecount="0" falsecount="2"/>
        <line num="1029" count="0" type="stmt"/>
        <line num="1030" count="0" type="cond" truecount="0" falsecount="2"/>
        <line num="1031" count="0" type="stmt"/>
        <line num="1032" count="0" type="stmt"/>
        <line num="1033" count="0" type="cond" truecount="0" falsecount="2"/>
        <line num="1034" count="0" type="cond" truecount="0" falsecount="2"/>
        <line num="1038" count="0" type="stmt"/>
        <line num="1040" count="0" type="stmt"/>
        <line num="1041" count="0" type="stmt"/>
        <line num="1042" count="0" type="stmt"/>
        <line num="1047" count="0" type="cond" truecount="0" falsecount="2"/>
        <line num="1051" count="0" type="stmt"/>
        <line num="1082" count="0" type="stmt"/>
        <line num="1102" count="0" type="stmt"/>
        <line num="1103" count="0" type="cond" truecount="0" falsecount="4"/>
        <line num="1104" count="0" type="cond" truecount="0" falsecount="2"/>
        <line num="1105" count="0" type="stmt"/>
        <line num="1106" count="0" type="cond" truecount="0" falsecount="2"/>
        <line num="1107" count="0" type="cond" truecount="0" falsecount="4"/>
        <line num="1108" count="0" type="cond" truecount="0" falsecount="4"/>
        <line num="1109" count="0" type="cond" truecount="0" falsecount="2"/>
        <line num="1110" count="0" type="cond" truecount="0" falsecount="2"/>
        <line num="1111" count="0" type="cond" truecount="0" falsecount="2"/>
        <line num="1113" count="0" type="cond" truecount="0" falsecount="4"/>
        <line num="1115" count="0" type="cond" truecount="0" falsecount="4"/>
        <line num="1116" count="0" type="cond" truecount="0" falsecount="4"/>
        <line num="1117" count="0" type="cond" truecount="0" falsecount="2"/>
        <line num="1121" count="0" type="cond" truecount="0" falsecount="4"/>
        <line num="1122" count="0" type="cond" truecount="0" falsecount="5"/>
        <line num="1125" count="0" type="cond" truecount="0" falsecount="2"/>
        <line num="1126" count="0" type="cond" truecount="0" falsecount="2"/>
        <line num="1129" count="0" type="cond" truecount="0" falsecount="4"/>
        <line num="1130" count="0" type="stmt"/>
        <line num="1132" count="0" type="cond" truecount="0" falsecount="8"/>
        <line num="1141" count="0" type="stmt"/>
        <line num="1190" count="0" type="cond" truecount="0" falsecount="1"/>
        <line num="1191" count="0" type="stmt"/>
        <line num="1193" count="0" type="cond" truecount="0" falsecount="4"/>
        <line num="1194" count="0" type="stmt"/>
        <line num="1197" count="0" type="stmt"/>
        <line num="1198" count="0" type="cond" truecount="0" falsecount="2"/>
        <line num="1199" count="0" type="cond" truecount="0" falsecount="2"/>
        <line num="1201" count="0" type="stmt"/>
        <line num="1203" count="0" type="stmt"/>
        <line num="1204" count="0" type="stmt"/>
        <line num="1205" count="0" type="stmt"/>
        <line num="1206" count="0" type="cond" truecount="0" falsecount="4"/>
        <line num="1207" count="0" type="stmt"/>
        <line num="1210" count="0" type="cond" truecount="0" falsecount="2"/>
        <line num="1211" count="0" type="stmt"/>
        <line num="1212" count="0" type="cond" truecount="0" falsecount="2"/>
        <line num="1213" count="0" type="stmt"/>
        <line num="1214" count="0" type="cond" truecount="0" falsecount="2"/>
        <line num="1215" count="0" type="stmt"/>
        <line num="1217" count="0" type="stmt"/>
        <line num="1221" count="0" type="stmt"/>
        <line num="1222" count="0" type="stmt"/>
        <line num="1223" count="0" type="stmt"/>
        <line num="1225" count="0" type="stmt"/>
        <line num="1226" count="0" type="cond" truecount="0" falsecount="3"/>
        <line num="1227" count="0" type="cond" truecount="0" falsecount="2"/>
        <line num="1228" count="0" type="stmt"/>
        <line num="1229" count="0" type="stmt"/>
        <line num="1230" count="0" type="cond" truecount="0" falsecount="2"/>
        <line num="1231" count="0" type="cond" truecount="0" falsecount="2"/>
        <line num="1232" count="0" type="stmt"/>
        <line num="1233" count="0" type="cond" truecount="0" falsecount="2"/>
        <line num="1234" count="0" type="stmt"/>
        <line num="1235" count="0" type="stmt"/>
        <line num="1242" count="0" type="cond" truecount="0" falsecount="2"/>
        <line num="1244" count="0" type="stmt"/>
        <line num="1254" count="0" type="stmt"/>
        <line num="1264" count="0" type="cond" truecount="0" falsecount="2"/>
        <line num="1267" count="0" type="cond" truecount="0" falsecount="2"/>
        <line num="1268" count="0" type="cond" truecount="0" falsecount="2"/>
        <line num="1271" count="0" type="cond" truecount="0" falsecount="2"/>
        <line num="1272" count="0" type="stmt"/>
        <line num="1278" count="0" type="stmt"/>
        <line num="1289" count="0" type="stmt"/>
        <line num="1290" count="0" type="stmt"/>
        <line num="1298" count="0" type="cond" truecount="0" falsecount="1"/>
        <line num="1299" count="0" type="stmt"/>
        <line num="1301" count="0" type="cond" truecount="0" falsecount="4"/>
        <line num="1302" count="0" type="stmt"/>
        <line num="1305" count="0" type="stmt"/>
        <line num="1306" count="0" type="cond" truecount="0" falsecount="2"/>
        <line num="1307" count="0" type="cond" truecount="0" falsecount="2"/>
        <line num="1310" count="0" type="stmt"/>
        <line num="1311" count="0" type="stmt"/>
        <line num="1312" count="0" type="stmt"/>
        <line num="1313" count="0" type="stmt"/>
        <line num="1314" count="0" type="stmt"/>
        <line num="1316" count="0" type="stmt"/>
        <line num="1317" count="0" type="stmt"/>
        <line num="1318" count="0" type="stmt"/>
        <line num="1319" count="0" type="stmt"/>
        <line num="1320" count="0" type="cond" truecount="0" falsecount="4"/>
        <line num="1321" count="0" type="stmt"/>
        <line num="1324" count="0" type="cond" truecount="0" falsecount="2"/>
        <line num="1325" count="0" type="stmt"/>
        <line num="1328" count="0" type="stmt"/>
        <line num="1329" count="0" type="stmt"/>
        <line num="1330" count="0" type="cond" truecount="0" falsecount="2"/>
        <line num="1332" count="0" type="cond" truecount="0" falsecount="2"/>
        <line num="1333" count="0" type="stmt"/>
        <line num="1334" count="0" type="stmt"/>
        <line num="1335" count="0" type="cond" truecount="0" falsecount="2"/>
        <line num="1336" count="0" type="cond" truecount="0" falsecount="2"/>
        <line num="1337" count="0" type="cond" truecount="0" falsecount="2"/>
        <line num="1342" count="0" type="stmt"/>
        <line num="1349" count="0" type="stmt"/>
        <line num="1350" count="0" type="cond" truecount="0" falsecount="2"/>
        <line num="1351" count="0" type="cond" truecount="0" falsecount="2"/>
        <line num="1354" count="0" type="stmt"/>
        <line num="1364" count="0" type="cond" truecount="0" falsecount="2"/>
        <line num="1365" count="0" type="stmt"/>
        <line num="1366" count="0" type="cond" truecount="0" falsecount="2"/>
        <line num="1367" count="0" type="stmt"/>
        <line num="1369" count="0" type="cond" truecount="0" falsecount="2"/>
        <line num="1370" count="0" type="stmt"/>
        <line num="1373" count="0" type="stmt"/>
        <line num="1376" count="0" type="cond" truecount="0" falsecount="2"/>
        <line num="1377" count="0" type="stmt"/>
        <line num="1384" count="0" type="stmt"/>
        <line num="1385" count="0" type="stmt"/>
        <line num="1387" count="0" type="stmt"/>
        <line num="1396" count="1" type="stmt"/>
        <line num="1409" count="1" type="stmt"/>
        <line num="1422" count="1" type="stmt"/>
        <line num="1432" count="0" type="stmt"/>
        <line num="1433" count="0" type="stmt"/>
        <line num="1434" count="0" type="stmt"/>
        <line num="1435" count="0" type="cond" truecount="0" falsecount="2"/>
        <line num="1436" count="0" type="stmt"/>
        <line num="1439" count="0" type="stmt"/>
        <line num="1443" count="0" type="cond" truecount="0" falsecount="6"/>
        <line num="1446" count="0" type="stmt"/>
        <line num="1449" count="0" type="stmt"/>
        <line num="1452" count="0" type="stmt"/>
        <line num="1455" count="0" type="stmt"/>
        <line num="1458" count="0" type="stmt"/>
        <line num="1461" count="0" type="stmt"/>
        <line num="1463" count="0" type="stmt"/>
        <line num="1464" count="0" type="stmt"/>
        <line num="1465" count="0" type="stmt"/>
        <line num="1467" count="0" type="stmt"/>
        <line num="1481" count="0" type="stmt"/>
        <line num="1483" count="0" type="cond" truecount="0" falsecount="5"/>
        <line num="1484" count="0" type="stmt"/>
        <line num="1487" count="0" type="stmt"/>
        <line num="1489" count="0" type="cond" truecount="0" falsecount="2"/>
        <line num="1490" count="0" type="cond" truecount="0" falsecount="2"/>
        <line num="1491" count="0" type="stmt"/>
        <line num="1492" count="0" type="stmt"/>
        <line num="1501" count="0" type="cond" truecount="0" falsecount="2"/>
        <line num="1504" count="0" type="stmt"/>
        <line num="1507" count="0" type="stmt"/>
        <line num="1510" count="0" type="stmt"/>
        <line num="1514" count="0" type="stmt"/>
        <line num="1523" count="0" type="stmt"/>
        <line num="1524" count="0" type="stmt"/>
        <line num="1532" count="1" type="stmt"/>
        <line num="1540" count="0" type="stmt"/>
        <line num="1541" count="0" type="cond" truecount="0" falsecount="2"/>
        <line num="1542" count="0" type="stmt"/>
        <line num="1543" count="0" type="stmt"/>
        <line num="1546" count="0" type="stmt"/>
        <line num="1547" count="0" type="cond" truecount="0" falsecount="2"/>
        <line num="1549" count="0" type="stmt"/>
        <line num="1550" count="0" type="cond" truecount="0" falsecount="2"/>
        <line num="1551" count="0" type="stmt"/>
        <line num="1552" count="0" type="stmt"/>
        <line num="1553" count="0" type="cond" truecount="0" falsecount="2"/>
        <line num="1555" count="0" type="stmt"/>
        <line num="1559" count="0" type="cond" truecount="0" falsecount="2"/>
        <line num="1560" count="0" type="stmt"/>
        <line num="1561" count="0" type="stmt"/>
        <line num="1564" count="0" type="stmt"/>
        <line num="1576" count="0" type="stmt"/>
        <line num="1584" count="0" type="stmt"/>
        <line num="1585" count="0" type="stmt"/>
        <line num="1587" count="0" type="stmt"/>
        <line num="1588" count="0" type="cond" truecount="0" falsecount="2"/>
        <line num="1589" count="0" type="stmt"/>
        <line num="1590" count="0" type="cond" truecount="0" falsecount="4"/>
        <line num="1591" count="0" type="stmt"/>
        <line num="1593" count="0" type="stmt"/>
        <line num="1594" count="0" type="stmt"/>
        <line num="1595" count="0" type="stmt"/>
        <line num="1596" count="0" type="stmt"/>
        <line num="1597" count="0" type="cond" truecount="0" falsecount="2"/>
        <line num="1598" count="0" type="stmt"/>
        <line num="1599" count="0" type="stmt"/>
        <line num="1600" count="0" type="stmt"/>
        <line num="1603" count="0" type="stmt"/>
        <line num="1608" count="0" type="stmt"/>
        <line num="1615" count="0" type="stmt"/>
        <line num="1617" count="0" type="cond" truecount="0" falsecount="5"/>
        <line num="1618" count="0" type="stmt"/>
        <line num="1621" count="0" type="stmt"/>
        <line num="1622" count="0" type="stmt"/>
        <line num="1623" count="0" type="stmt"/>
        <line num="1626" count="0" type="stmt"/>
        <line num="1629" count="0" type="cond" truecount="0" falsecount="2"/>
        <line num="1630" count="0" type="cond" truecount="0" falsecount="2"/>
        <line num="1631" count="0" type="cond" truecount="0" falsecount="2"/>
        <line num="1632" count="0" type="cond" truecount="0" falsecount="2"/>
        <line num="1641" count="0" type="cond" truecount="0" falsecount="2"/>
        <line num="1642" count="0" type="stmt"/>
        <line num="1646" count="0" type="cond" truecount="0" falsecount="2"/>
        <line num="1647" count="0" type="stmt"/>
        <line num="1654" count="0" type="stmt"/>
        <line num="1656" count="0" type="stmt"/>
        <line num="1657" count="0" type="stmt"/>
        <line num="1666" count="1" type="stmt"/>
        <line num="1675" count="0" type="stmt"/>
        <line num="1678" count="0" type="stmt"/>
        <line num="1692" count="0" type="stmt"/>
        <line num="1693" count="0" type="stmt"/>
        <line num="1694" count="0" type="cond" truecount="0" falsecount="2"/>
        <line num="1695" count="0" type="stmt"/>
        <line num="1711" count="0" type="stmt"/>
        <line num="1730" count="0" type="cond" truecount="0" falsecount="2"/>
        <line num="1731" count="0" type="stmt"/>
        <line num="1745" count="0" type="stmt"/>
        <line num="1775" count="0" type="stmt"/>
        <line num="1776" count="0" type="cond" truecount="0" falsecount="4"/>
        <line num="1777" count="0" type="stmt"/>
        <line num="1792" count="0" type="stmt"/>
        <line num="1810" count="0" type="cond" truecount="0" falsecount="2"/>
        <line num="1811" count="0" type="stmt"/>
        <line num="1825" count="0" type="stmt"/>
        <line num="1841" count="0" type="stmt"/>
        <line num="1842" count="0" type="cond" truecount="0" falsecount="2"/>
        <line num="1844" count="0" type="stmt"/>
        <line num="1852" count="0" type="stmt"/>
        <line num="1853" count="0" type="cond" truecount="0" falsecount="4"/>
        <line num="1855" count="0" type="stmt"/>
        <line num="1878" count="0" type="stmt"/>
        <line num="1880" count="0" type="cond" truecount="0" falsecount="2"/>
        <line num="1883" count="0" type="stmt"/>
        <line num="1886" count="0" type="stmt"/>
        <line num="1890" count="0" type="stmt"/>
        <line num="1916" count="0" type="stmt"/>
        <line num="1917" count="0" type="stmt"/>
        <line num="1918" count="0" type="cond" truecount="0" falsecount="2"/>
        <line num="1920" count="0" type="stmt"/>
        <line num="1921" count="0" type="cond" truecount="0" falsecount="2"/>
        <line num="1922" count="0" type="stmt"/>
        <line num="1924" count="0" type="stmt"/>
        <line num="1932" count="0" type="stmt"/>
        <line num="1933" count="0" type="stmt"/>
        <line num="1935" count="0" type="cond" truecount="0" falsecount="2"/>
        <line num="1936" count="0" type="stmt"/>
        <line num="1941" count="0" type="stmt"/>
        <line num="1942" count="0" type="stmt"/>
        <line num="1944" count="0" type="stmt"/>
        <line num="1945" count="0" type="stmt"/>
        <line num="1947" count="0" type="stmt"/>
        <line num="1948" count="0" type="stmt"/>
        <line num="1956" count="0" type="stmt"/>
        <line num="1957" count="0" type="stmt"/>
        <line num="1959" count="0" type="cond" truecount="0" falsecount="2"/>
        <line num="1960" count="0" type="stmt"/>
        <line num="1963" count="0" type="stmt"/>
        <line num="1964" count="0" type="cond" truecount="0" falsecount="2"/>
        <line num="1965" count="0" type="stmt"/>
        <line num="1975" count="0" type="stmt"/>
        <line num="1980" count="0" type="stmt"/>
        <line num="1981" count="0" type="stmt"/>
        <line num="1985" count="1" type="stmt"/>
      </file>
      <file name="authController.js" path="C:\Users\hmmot\Bureau\Project PFE\SMQ_GED\backend\src\controllers\authController.js">
        <metrics statements="221" coveredstatements="19" conditionals="115" coveredconditionals="6" methods="19" coveredmethods="1"/>
        <line num="8" count="1" type="stmt"/>
        <line num="9" count="1" type="stmt"/>
        <line num="10" count="1" type="stmt"/>
        <line num="11" count="1" type="stmt"/>
        <line num="12" count="1" type="stmt"/>
        <line num="13" count="1" type="stmt"/>
        <line num="14" count="1" type="stmt"/>
        <line num="15" count="1" type="stmt"/>
        <line num="16" count="1" type="stmt"/>
        <line num="19" count="1" type="stmt"/>
        <line num="20" count="1" type="cond" truecount="1" falsecount="1"/>
        <line num="21" count="0" type="stmt"/>
        <line num="22" count="0" type="stmt"/>
        <line num="24" count="1" type="cond" truecount="1" falsecount="1"/>
        <line num="29" count="3" type="cond" truecount="1" falsecount="1"/>
        <line num="30" count="0" type="stmt"/>
        <line num="31" count="0" type="stmt"/>
        <line num="32" count="0" type="stmt"/>
        <line num="34" count="1" type="stmt"/>
        <line num="44" count="0" type="stmt"/>
        <line num="45" count="0" type="stmt"/>
        <line num="52" count="0" type="stmt"/>
        <line num="58" count="0" type="stmt"/>
        <line num="63" count="0" type="stmt"/>
        <line num="68" count="0" type="stmt"/>
        <line num="74" count="0" type="stmt"/>
        <line num="78" count="0" type="stmt"/>
        <line num="85" count="0" type="stmt"/>
        <line num="86" count="0" type="stmt"/>
        <line num="87" count="0" type="stmt"/>
        <line num="89" count="0" type="stmt"/>
        <line num="93" count="0" type="cond" truecount="0" falsecount="2"/>
        <line num="94" count="0" type="stmt"/>
        <line num="97" count="0" type="stmt"/>
        <line num="102" count="0" type="cond" truecount="0" falsecount="2"/>
        <line num="104" count="0" type="cond" truecount="0" falsecount="2"/>
        <line num="105" count="0" type="stmt"/>
        <line num="106" count="0" type="stmt"/>
        <line num="111" count="0" type="stmt"/>
        <line num="113" count="0" type="stmt"/>
        <line num="116" count="0" type="stmt"/>
        <line num="117" count="0" type="stmt"/>
        <line num="122" count="0" type="stmt"/>
        <line num="125" count="0" type="stmt"/>
        <line num="133" count="0" type="stmt"/>
        <line num="149" count="1" type="stmt"/>
        <line num="150" count="1" type="stmt"/>
        <line num="152" count="1" type="stmt"/>
        <line num="155" count="0" type="stmt"/>
        <line num="157" count="0" type="cond" truecount="0" falsecount="4"/>
        <line num="158" count="0" type="stmt"/>
        <line num="164" count="0" type="stmt"/>
        <line num="165" count="0" type="stmt"/>
        <line num="174" count="0" type="stmt"/>
        <line num="177" count="0" type="cond" truecount="0" falsecount="4"/>
        <line num="178" count="0" type="stmt"/>
        <line num="179" count="0" type="stmt"/>
        <line num="180" count="0" type="stmt"/>
        <line num="184" count="0" type="cond" truecount="0" falsecount="4"/>
        <line num="185" count="0" type="stmt"/>
        <line num="186" count="0" type="stmt"/>
        <line num="192" count="0" type="cond" truecount="0" falsecount="2"/>
        <line num="193" count="0" type="stmt"/>
        <line num="199" count="0" type="cond" truecount="0" falsecount="3"/>
        <line num="202" count="0" type="stmt"/>
        <line num="204" count="0" type="cond" truecount="0" falsecount="2"/>
        <line num="205" count="0" type="stmt"/>
        <line num="206" count="0" type="cond" truecount="0" falsecount="2"/>
        <line num="207" count="0" type="stmt"/>
        <line num="208" count="0" type="stmt"/>
        <line num="213" count="0" type="cond" truecount="0" falsecount="2"/>
        <line num="214" count="0" type="stmt"/>
        <line num="215" count="0" type="cond" truecount="0" falsecount="2"/>
        <line num="216" count="0" type="cond" truecount="0" falsecount="2"/>
        <line num="217" count="0" type="cond" truecount="0" falsecount="2"/>
        <line num="218" count="0" type="stmt"/>
        <line num="219" count="0" type="stmt"/>
        <line num="223" count="0" type="stmt"/>
        <line num="224" count="0" type="stmt"/>
        <line num="226" count="0" type="stmt"/>
        <line num="231" count="0" type="stmt"/>
        <line num="236" count="0" type="stmt"/>
        <line num="240" count="0" type="stmt"/>
        <line num="242" count="0" type="stmt"/>
        <line num="243" count="0" type="stmt"/>
        <line num="245" count="0" type="stmt"/>
        <line num="249" count="0" type="stmt"/>
        <line num="250" count="0" type="stmt"/>
        <line num="251" count="0" type="cond" truecount="0" falsecount="2"/>
        <line num="252" count="0" type="cond" truecount="0" falsecount="2"/>
        <line num="253" count="0" type="stmt"/>
        <line num="255" count="0" type="stmt"/>
        <line num="262" count="0" type="stmt"/>
        <line num="267" count="0" type="stmt"/>
        <line num="269" count="0" type="stmt"/>
        <line num="271" count="0" type="stmt"/>
        <line num="273" count="0" type="stmt"/>
        <line num="283" count="0" type="stmt"/>
        <line num="284" count="0" type="stmt"/>
        <line num="292" count="0" type="stmt"/>
        <line num="293" count="0" type="cond" truecount="0" falsecount="2"/>
        <line num="294" count="0" type="stmt"/>
        <line num="297" count="0" type="stmt"/>
        <line num="298" count="0" type="stmt"/>
        <line num="300" count="0" type="cond" truecount="0" falsecount="2"/>
        <line num="301" count="0" type="stmt"/>
        <line num="303" count="0" type="stmt"/>
        <line num="306" count="0" type="stmt"/>
        <line num="314" count="0" type="stmt"/>
        <line num="315" count="0" type="cond" truecount="0" falsecount="2"/>
        <line num="316" count="0" type="stmt"/>
        <line num="319" count="0" type="stmt"/>
        <line num="321" count="0" type="cond" truecount="0" falsecount="2"/>
        <line num="322" count="0" type="stmt"/>
        <line num="324" count="0" type="stmt"/>
        <line num="333" count="1" type="stmt"/>
        <line num="336" count="0" type="stmt"/>
        <line num="339" count="0" type="stmt"/>
        <line num="340" count="0" type="cond" truecount="0" falsecount="2"/>
        <line num="341" count="0" type="cond" truecount="0" falsecount="2"/>
        <line num="342" count="0" type="cond" truecount="0" falsecount="2"/>
        <line num="343" count="0" type="cond" truecount="0" falsecount="2"/>
        <line num="345" count="0" type="cond" truecount="0" falsecount="2"/>
        <line num="346" count="0" type="stmt"/>
        <line num="348" count="0" type="stmt"/>
        <line num="349" count="0" type="cond" truecount="0" falsecount="4"/>
        <line num="350" count="0" type="stmt"/>
        <line num="352" count="0" type="cond" truecount="0" falsecount="2"/>
        <line num="353" count="0" type="stmt"/>
        <line num="354" count="0" type="stmt"/>
        <line num="357" count="0" type="cond" truecount="0" falsecount="5"/>
        <line num="358" count="0" type="stmt"/>
        <line num="360" count="0" type="cond" truecount="0" falsecount="4"/>
        <line num="361" count="0" type="stmt"/>
        <line num="363" count="0" type="cond" truecount="0" falsecount="2"/>
        <line num="364" count="0" type="stmt"/>
        <line num="367" count="0" type="stmt"/>
        <line num="369" count="0" type="stmt"/>
        <line num="373" count="0" type="cond" truecount="0" falsecount="2"/>
        <line num="374" count="0" type="stmt"/>
        <line num="381" count="0" type="stmt"/>
        <line num="384" count="0" type="stmt"/>
        <line num="391" count="0" type="stmt"/>
        <line num="393" count="0" type="stmt"/>
        <line num="398" count="0" type="stmt"/>
        <line num="399" count="0" type="stmt"/>
        <line num="407" count="0" type="stmt"/>
        <line num="408" count="0" type="cond" truecount="0" falsecount="2"/>
        <line num="409" count="0" type="stmt"/>
        <line num="410" count="0" type="stmt"/>
        <line num="411" count="0" type="stmt"/>
        <line num="412" count="0" type="cond" truecount="0" falsecount="2"/>
        <line num="413" count="0" type="stmt"/>
        <line num="414" count="0" type="stmt"/>
        <line num="415" count="0" type="stmt"/>
        <line num="422" count="0" type="cond" truecount="0" falsecount="2"/>
        <line num="423" count="0" type="stmt"/>
        <line num="426" count="0" type="stmt"/>
        <line num="433" count="0" type="stmt"/>
        <line num="441" count="0" type="stmt"/>
        <line num="448" count="0" type="stmt"/>
        <line num="452" count="0" type="stmt"/>
        <line num="456" count="0" type="stmt"/>
        <line num="457" count="0" type="stmt"/>
        <line num="461" count="0" type="stmt"/>
        <line num="465" count="0" type="stmt"/>
        <line num="468" count="0" type="cond" truecount="0" falsecount="2"/>
        <line num="469" count="0" type="stmt"/>
        <line num="476" count="0" type="stmt"/>
        <line num="486" count="0" type="stmt"/>
        <line num="490" count="0" type="stmt"/>
        <line num="499" count="0" type="stmt"/>
        <line num="500" count="0" type="cond" truecount="0" falsecount="2"/>
        <line num="501" count="0" type="stmt"/>
        <line num="504" count="0" type="stmt"/>
        <line num="505" count="0" type="stmt"/>
        <line num="511" count="0" type="cond" truecount="0" falsecount="2"/>
        <line num="512" count="0" type="stmt"/>
        <line num="515" count="0" type="stmt"/>
        <line num="518" count="0" type="stmt"/>
        <line num="524" count="0" type="stmt"/>
        <line num="525" count="0" type="stmt"/>
        <line num="527" count="0" type="stmt"/>
        <line num="533" count="0" type="stmt"/>
        <line num="540" count="0" type="stmt"/>
        <line num="541" count="0" type="stmt"/>
        <line num="543" count="0" type="stmt"/>
        <line num="544" count="0" type="stmt"/>
        <line num="553" count="0" type="stmt"/>
        <line num="555" count="0" type="cond" truecount="0" falsecount="5"/>
        <line num="556" count="0" type="stmt"/>
        <line num="558" count="0" type="cond" truecount="0" falsecount="2"/>
        <line num="559" count="0" type="stmt"/>
        <line num="561" count="0" type="stmt"/>
        <line num="562" count="0" type="cond" truecount="0" falsecount="2"/>
        <line num="563" count="0" type="stmt"/>
        <line num="566" count="0" type="stmt"/>
        <line num="567" count="0" type="stmt"/>
        <line num="568" count="0" type="stmt"/>
        <line num="570" count="0" type="stmt"/>
        <line num="577" count="0" type="cond" truecount="0" falsecount="2"/>
        <line num="578" count="0" type="stmt"/>
        <line num="579" count="0" type="stmt"/>
        <line num="582" count="0" type="stmt"/>
        <line num="584" count="0" type="cond" truecount="0" falsecount="2"/>
        <line num="585" count="0" type="stmt"/>
        <line num="586" count="0" type="stmt"/>
        <line num="589" count="0" type="cond" truecount="0" falsecount="2"/>
        <line num="590" count="0" type="stmt"/>
        <line num="591" count="0" type="stmt"/>
        <line num="595" count="0" type="stmt"/>
        <line num="598" count="0" type="stmt"/>
        <line num="604" count="0" type="stmt"/>
        <line num="609" count="0" type="stmt"/>
        <line num="611" count="0" type="stmt"/>
        <line num="612" count="0" type="stmt"/>
        <line num="614" count="0" type="stmt"/>
        <line num="615" count="0" type="stmt"/>
        <line num="616" count="0" type="stmt"/>
        <line num="618" count="0" type="stmt"/>
        <line num="622" count="1" type="stmt"/>
      </file>
      <file name="dashboardController.js" path="C:\Users\hmmot\Bureau\Project PFE\SMQ_GED\backend\src\controllers\dashboardController.js">
        <metrics statements="17" coveredstatements="4" conditionals="6" coveredconditionals="0" methods="5" coveredmethods="0"/>
        <line num="8" count="1" type="stmt"/>
        <line num="18" count="1" type="stmt"/>
        <line num="19" count="0" type="stmt"/>
        <line num="20" count="0" type="stmt"/>
        <line num="107" count="0" type="stmt"/>
        <line num="123" count="0" type="stmt"/>
        <line num="124" count="0" type="stmt"/>
        <line num="135" count="1" type="stmt"/>
        <line num="136" count="0" type="stmt"/>
        <line num="137" count="0" type="stmt"/>
        <line num="187" count="0" type="stmt"/>
        <line num="188" count="0" type="stmt"/>
        <line num="192" count="0" type="stmt"/>
        <line num="199" count="0" type="stmt"/>
        <line num="206" count="0" type="stmt"/>
        <line num="207" count="0" type="stmt"/>
        <line num="211" count="1" type="stmt"/>
      </file>
      <file name="documentController.js" path="C:\Users\hmmot\Bureau\Project PFE\SMQ_GED\backend\src\controllers\documentController.js">
        <metrics statements="372" coveredstatements="26" conditionals="198" coveredconditionals="0" methods="35" coveredmethods="0"/>
        <line num="11" count="1" type="stmt"/>
        <line num="12" count="1" type="stmt"/>
        <line num="13" count="1" type="stmt"/>
        <line num="14" count="1" type="stmt"/>
        <line num="15" count="1" type="stmt"/>
        <line num="16" count="1" type="stmt"/>
        <line num="20" count="1" type="stmt"/>
        <line num="21" count="1" type="stmt"/>
        <line num="27" count="1" type="stmt"/>
        <line num="42" count="1" type="stmt"/>
        <line num="47" count="1" type="stmt"/>
        <line num="48" count="0" type="stmt"/>
        <line num="49" count="0" type="stmt"/>
        <line num="50" count="0" type="stmt"/>
        <line num="65" count="0" type="stmt"/>
        <line num="67" count="0" type="cond" truecount="0" falsecount="2"/>
        <line num="68" count="0" type="cond" truecount="0" falsecount="2"/>
        <line num="71" count="0" type="stmt"/>
        <line num="72" count="0" type="cond" truecount="0" falsecount="2"/>
        <line num="73" count="0" type="cond" truecount="0" falsecount="2"/>
        <line num="74" count="0" type="cond" truecount="0" falsecount="2"/>
        <line num="75" count="0" type="cond" truecount="0" falsecount="2"/>
        <line num="76" count="0" type="cond" truecount="0" falsecount="2"/>
        <line num="77" count="0" type="cond" truecount="0" falsecount="2"/>
        <line num="79" count="0" type="cond" truecount="0" falsecount="2"/>
        <line num="80" count="0" type="stmt"/>
        <line num="81" count="0" type="stmt"/>
        <line num="88" count="0" type="stmt"/>
        <line num="92" count="0" type="cond" truecount="0" falsecount="2"/>
        <line num="93" count="0" type="stmt"/>
        <line num="94" count="0" type="stmt"/>
        <line num="96" count="0" type="stmt"/>
        <line num="97" count="0" type="cond" truecount="0" falsecount="2"/>
        <line num="98" count="0" type="stmt"/>
        <line num="99" count="0" type="stmt"/>
        <line num="103" count="0" type="stmt"/>
        <line num="107" count="0" type="cond" truecount="0" falsecount="2"/>
        <line num="108" count="0" type="stmt"/>
        <line num="109" count="0" type="stmt"/>
        <line num="113" count="0" type="stmt"/>
        <line num="116" count="0" type="cond" truecount="0" falsecount="2"/>
        <line num="117" count="0" type="stmt"/>
        <line num="118" count="0" type="stmt"/>
        <line num="122" count="0" type="stmt"/>
        <line num="130" count="0" type="stmt"/>
        <line num="131" count="0" type="stmt"/>
        <line num="135" count="0" type="stmt"/>
        <line num="137" count="0" type="stmt"/>
        <line num="140" count="0" type="stmt"/>
        <line num="141" count="0" type="stmt"/>
        <line num="142" count="0" type="stmt"/>
        <line num="143" count="0" type="stmt"/>
        <line num="144" count="0" type="stmt"/>
        <line num="145" count="0" type="stmt"/>
        <line num="147" count="0" type="stmt"/>
        <line num="150" count="0" type="cond" truecount="0" falsecount="2"/>
        <line num="151" count="0" type="stmt"/>
        <line num="155" count="0" type="stmt"/>
        <line num="156" count="0" type="stmt"/>
        <line num="159" count="0" type="stmt"/>
        <line num="185" count="0" type="stmt"/>
        <line num="188" count="0" type="stmt"/>
        <line num="200" count="0" type="stmt"/>
        <line num="209" count="0" type="stmt"/>
        <line num="212" count="0" type="stmt"/>
        <line num="213" count="0" type="cond" truecount="0" falsecount="2"/>
        <line num="214" count="0" type="stmt"/>
        <line num="215" count="0" type="cond" truecount="0" falsecount="2"/>
        <line num="216" count="0" type="stmt"/>
        <line num="220" count="0" type="stmt"/>
        <line num="227" count="0" type="stmt"/>
        <line num="241" count="0" type="stmt"/>
        <line num="242" count="0" type="stmt"/>
        <line num="243" count="0" type="stmt"/>
        <line num="245" count="0" type="stmt"/>
        <line num="264" count="1" type="stmt"/>
        <line num="265" count="0" type="stmt"/>
        <line num="272" count="0" type="stmt"/>
        <line num="274" count="0" type="stmt"/>
        <line num="275" count="0" type="stmt"/>
        <line num="276" count="0" type="stmt"/>
        <line num="278" count="0" type="cond" truecount="0" falsecount="2"/>
        <line num="280" count="0" type="stmt"/>
        <line num="281" count="0" type="stmt"/>
        <line num="282" count="0" type="stmt"/>
        <line num="284" count="0" type="cond" truecount="0" falsecount="2"/>
        <line num="285" count="0" type="cond" truecount="0" falsecount="2"/>
        <line num="287" count="0" type="cond" truecount="0" falsecount="2"/>
        <line num="288" count="0" type="cond" truecount="0" falsecount="2"/>
        <line num="289" count="0" type="cond" truecount="0" falsecount="2"/>
        <line num="291" count="0" type="cond" truecount="0" falsecount="2"/>
        <line num="292" count="0" type="stmt"/>
        <line num="293" count="0" type="stmt"/>
        <line num="295" count="0" type="cond" truecount="0" falsecount="2"/>
        <line num="296" count="0" type="stmt"/>
        <line num="297" count="0" type="stmt"/>
        <line num="299" count="0" type="cond" truecount="0" falsecount="2"/>
        <line num="300" count="0" type="stmt"/>
        <line num="302" count="0" type="cond" truecount="0" falsecount="2"/>
        <line num="303" count="0" type="stmt"/>
        <line num="309" count="0" type="stmt"/>
        <line num="310" count="0" type="stmt"/>
        <line num="313" count="0" type="cond" truecount="0" falsecount="2"/>
        <line num="314" count="0" type="cond" truecount="0" falsecount="2"/>
        <line num="315" count="0" type="cond" truecount="0" falsecount="2"/>
        <line num="316" count="0" type="stmt"/>
        <line num="318" count="0" type="stmt"/>
        <line num="348" count="0" type="cond" truecount="0" falsecount="2"/>
        <line num="349" count="0" type="stmt"/>
        <line num="351" count="0" type="stmt"/>
        <line num="361" count="0" type="stmt"/>
        <line num="362" count="0" type="stmt"/>
        <line num="369" count="1" type="stmt"/>
        <line num="370" count="0" type="stmt"/>
        <line num="371" count="0" type="stmt"/>
        <line num="394" count="0" type="cond" truecount="0" falsecount="2"/>
        <line num="395" count="0" type="stmt"/>
        <line num="397" count="0" type="stmt"/>
        <line num="398" count="0" type="stmt"/>
        <line num="405" count="1" type="stmt"/>
        <line num="406" count="0" type="stmt"/>
        <line num="407" count="0" type="stmt"/>
        <line num="415" count="0" type="stmt"/>
        <line num="417" count="0" type="stmt"/>
        <line num="418" count="0" type="stmt"/>
        <line num="425" count="1" type="stmt"/>
        <line num="426" count="0" type="stmt"/>
        <line num="427" count="0" type="stmt"/>
        <line num="428" count="0" type="stmt"/>
        <line num="430" count="0" type="stmt"/>
        <line num="431" count="0" type="stmt"/>
        <line num="432" count="0" type="cond" truecount="0" falsecount="2"/>
        <line num="435" count="0" type="stmt"/>
        <line num="442" count="0" type="cond" truecount="0" falsecount="2"/>
        <line num="443" count="0" type="stmt"/>
        <line num="444" count="0" type="stmt"/>
        <line num="446" count="0" type="stmt"/>
        <line num="449" count="0" type="cond" truecount="0" falsecount="2"/>
        <line num="450" count="0" type="stmt"/>
        <line num="451" count="0" type="stmt"/>
        <line num="457" count="0" type="cond" truecount="0" falsecount="2"/>
        <line num="458" count="0" type="stmt"/>
        <line num="459" count="0" type="stmt"/>
        <line num="463" count="0" type="cond" truecount="0" falsecount="2"/>
        <line num="464" count="0" type="stmt"/>
        <line num="465" count="0" type="stmt"/>
        <line num="474" count="0" type="stmt"/>
        <line num="475" count="0" type="stmt"/>
        <line num="477" count="0" type="cond" truecount="0" falsecount="5"/>
        <line num="478" count="0" type="stmt"/>
        <line num="479" count="0" type="cond" truecount="0" falsecount="2"/>
        <line num="481" count="0" type="stmt"/>
        <line num="482" count="0" type="stmt"/>
        <line num="484" count="0" type="stmt"/>
        <line num="485" count="0" type="cond" truecount="0" falsecount="2"/>
        <line num="486" count="0" type="stmt"/>
        <line num="488" count="0" type="stmt"/>
        <line num="489" count="0" type="stmt"/>
        <line num="491" count="0" type="cond" truecount="0" falsecount="2"/>
        <line num="492" count="0" type="stmt"/>
        <line num="493" count="0" type="cond" truecount="0" falsecount="4"/>
        <line num="495" count="0" type="stmt"/>
        <line num="496" count="0" type="cond" truecount="0" falsecount="2"/>
        <line num="497" count="0" type="stmt"/>
        <line num="498" count="0" type="stmt"/>
        <line num="500" count="0" type="stmt"/>
        <line num="502" count="0" type="stmt"/>
        <line num="503" count="0" type="cond" truecount="0" falsecount="2"/>
        <line num="504" count="0" type="stmt"/>
        <line num="506" count="0" type="stmt"/>
        <line num="507" count="0" type="cond" truecount="0" falsecount="2"/>
        <line num="508" count="0" type="stmt"/>
        <line num="509" count="0" type="stmt"/>
        <line num="511" count="0" type="stmt"/>
        <line num="521" count="0" type="stmt"/>
        <line num="522" count="0" type="stmt"/>
        <line num="525" count="0" type="stmt"/>
        <line num="526" count="0" type="stmt"/>
        <line num="527" count="0" type="cond" truecount="0" falsecount="2"/>
        <line num="528" count="0" type="stmt"/>
        <line num="530" count="0" type="stmt"/>
        <line num="531" count="0" type="stmt"/>
        <line num="532" count="0" type="stmt"/>
        <line num="533" count="0" type="stmt"/>
        <line num="535" count="0" type="stmt"/>
        <line num="538" count="0" type="stmt"/>
        <line num="550" count="0" type="stmt"/>
        <line num="558" count="0" type="cond" truecount="0" falsecount="2"/>
        <line num="559" count="0" type="stmt"/>
        <line num="568" count="0" type="cond" truecount="0" falsecount="2"/>
        <line num="569" count="0" type="stmt"/>
        <line num="583" count="0" type="stmt"/>
        <line num="590" count="0" type="stmt"/>
        <line num="593" count="0" type="stmt"/>
        <line num="596" count="0" type="stmt"/>
        <line num="598" count="0" type="stmt"/>
        <line num="600" count="0" type="stmt"/>
        <line num="601" count="0" type="stmt"/>
        <line num="602" count="0" type="stmt"/>
        <line num="604" count="0" type="stmt"/>
        <line num="612" count="1" type="stmt"/>
        <line num="613" count="0" type="stmt"/>
        <line num="614" count="0" type="stmt"/>
        <line num="615" count="0" type="stmt"/>
        <line num="617" count="0" type="stmt"/>
        <line num="618" count="0" type="stmt"/>
        <line num="620" count="0" type="cond" truecount="0" falsecount="2"/>
        <line num="621" count="0" type="stmt"/>
        <line num="622" count="0" type="stmt"/>
        <line num="626" count="0" type="stmt"/>
        <line num="633" count="0" type="cond" truecount="0" falsecount="2"/>
        <line num="634" count="0" type="stmt"/>
        <line num="635" count="0" type="stmt"/>
        <line num="637" count="0" type="stmt"/>
        <line num="638" count="0" type="stmt"/>
        <line num="641" count="0" type="cond" truecount="0" falsecount="2"/>
        <line num="642" count="0" type="stmt"/>
        <line num="643" count="0" type="stmt"/>
        <line num="649" count="0" type="stmt"/>
        <line num="650" count="0" type="stmt"/>
        <line num="651" count="0" type="stmt"/>
        <line num="655" count="0" type="cond" truecount="0" falsecount="2"/>
        <line num="656" count="0" type="cond" truecount="0" falsecount="2"/>
        <line num="658" count="0" type="cond" truecount="0" falsecount="2"/>
        <line num="659" count="0" type="cond" truecount="0" falsecount="4"/>
        <line num="660" count="0" type="stmt"/>
        <line num="661" count="0" type="cond" truecount="0" falsecount="2"/>
        <line num="662" count="0" type="stmt"/>
        <line num="668" count="0" type="cond" truecount="0" falsecount="5"/>
        <line num="669" count="0" type="stmt"/>
        <line num="670" count="0" type="stmt"/>
        <line num="678" count="0" type="cond" truecount="0" falsecount="2"/>
        <line num="681" count="0" type="stmt"/>
        <line num="689" count="0" type="stmt"/>
        <line num="690" count="0" type="cond" truecount="0" falsecount="4"/>
        <line num="691" count="0" type="stmt"/>
        <line num="692" count="0" type="cond" truecount="0" falsecount="2"/>
        <line num="697" count="0" type="stmt"/>
        <line num="705" count="0" type="stmt"/>
        <line num="709" count="0" type="cond" truecount="0" falsecount="2"/>
        <line num="710" count="0" type="stmt"/>
        <line num="711" count="0" type="stmt"/>
        <line num="713" count="0" type="stmt"/>
        <line num="716" count="0" type="stmt"/>
        <line num="722" count="0" type="cond" truecount="0" falsecount="2"/>
        <line num="723" count="0" type="stmt"/>
        <line num="730" count="0" type="stmt"/>
        <line num="746" count="0" type="stmt"/>
        <line num="749" count="0" type="stmt"/>
        <line num="752" count="0" type="stmt"/>
        <line num="754" count="0" type="stmt"/>
        <line num="760" count="0" type="stmt"/>
        <line num="761" count="0" type="stmt"/>
        <line num="762" count="0" type="stmt"/>
        <line num="764" count="0" type="stmt"/>
        <line num="771" count="1" type="stmt"/>
        <line num="772" count="0" type="stmt"/>
        <line num="773" count="0" type="stmt"/>
        <line num="787" count="0" type="stmt"/>
        <line num="793" count="0" type="stmt"/>
        <line num="795" count="0" type="stmt"/>
        <line num="796" count="0" type="stmt"/>
        <line num="804" count="1" type="stmt"/>
        <line num="805" count="0" type="stmt"/>
        <line num="806" count="0" type="stmt"/>
        <line num="824" count="0" type="stmt"/>
        <line num="825" count="0" type="stmt"/>
        <line num="826" count="0" type="stmt"/>
        <line num="829" count="0" type="stmt"/>
        <line num="835" count="0" type="stmt"/>
        <line num="836" count="0" type="stmt"/>
        <line num="844" count="1" type="stmt"/>
        <line num="845" count="0" type="stmt"/>
        <line num="846" count="0" type="stmt"/>
        <line num="868" count="0" type="stmt"/>
        <line num="869" count="0" type="stmt"/>
        <line num="873" count="0" type="stmt"/>
        <line num="874" count="0" type="stmt"/>
        <line num="888" count="1" type="stmt"/>
        <line num="889" count="0" type="stmt"/>
        <line num="890" count="0" type="stmt"/>
        <line num="910" count="0" type="stmt"/>
        <line num="912" count="0" type="stmt"/>
        <line num="913" count="0" type="stmt"/>
        <line num="923" count="1" type="stmt"/>
        <line num="924" count="0" type="stmt"/>
        <line num="925" count="0" type="stmt"/>
        <line num="926" count="0" type="stmt"/>
        <line num="928" count="0" type="stmt"/>
        <line num="931" count="0" type="stmt"/>
        <line num="940" count="0" type="cond" truecount="0" falsecount="2"/>
        <line num="941" count="0" type="stmt"/>
        <line num="942" count="0" type="stmt"/>
        <line num="950" count="0" type="stmt"/>
        <line num="953" count="0" type="cond" truecount="0" falsecount="2"/>
        <line num="954" count="0" type="stmt"/>
        <line num="955" count="0" type="stmt"/>
        <line num="959" count="0" type="stmt"/>
        <line num="960" count="0" type="stmt"/>
        <line num="965" count="0" type="stmt"/>
        <line num="966" count="0" type="stmt"/>
        <line num="984" count="0" type="stmt"/>
        <line num="985" count="0" type="stmt"/>
        <line num="988" count="0" type="stmt"/>
        <line num="991" count="0" type="stmt"/>
        <line num="992" count="0" type="stmt"/>
        <line num="993" count="0" type="stmt"/>
        <line num="995" count="0" type="stmt"/>
        <line num="1005" count="1" type="stmt"/>
        <line num="1006" count="0" type="stmt"/>
        <line num="1007" count="0" type="stmt"/>
        <line num="1023" count="0" type="stmt"/>
        <line num="1025" count="0" type="stmt"/>
        <line num="1026" count="0" type="stmt"/>
        <line num="1034" count="1" type="stmt"/>
        <line num="1035" count="0" type="stmt"/>
        <line num="1036" count="0" type="stmt"/>
        <line num="1052" count="0" type="stmt"/>
        <line num="1054" count="0" type="stmt"/>
        <line num="1055" count="0" type="stmt"/>
        <line num="1063" count="1" type="stmt"/>
        <line num="1064" count="0" type="stmt"/>
        <line num="1065" count="0" type="stmt"/>
        <line num="1066" count="0" type="stmt"/>
        <line num="1067" count="0" type="stmt"/>
        <line num="1075" count="0" type="cond" truecount="0" falsecount="2"/>
        <line num="1076" count="0" type="stmt"/>
        <line num="1077" count="0" type="stmt"/>
        <line num="1078" count="0" type="stmt"/>
        <line num="1080" count="0" type="stmt"/>
        <line num="1083" count="0" type="stmt"/>
        <line num="1084" count="0" type="stmt"/>
        <line num="1088" count="0" type="stmt"/>
        <line num="1089" count="0" type="stmt"/>
        <line num="1096" count="0" type="stmt"/>
        <line num="1097" count="0" type="stmt"/>
        <line num="1099" count="0" type="stmt"/>
        <line num="1100" count="0" type="stmt"/>
        <line num="1102" count="0" type="stmt"/>
        <line num="1111" count="1" type="stmt"/>
        <line num="1112" count="0" type="stmt"/>
        <line num="1113" count="0" type="stmt"/>
        <line num="1116" count="0" type="stmt"/>
        <line num="1120" count="0" type="cond" truecount="0" falsecount="2"/>
        <line num="1121" count="0" type="stmt"/>
        <line num="1123" count="0" type="stmt"/>
        <line num="1126" count="0" type="stmt"/>
        <line num="1138" count="0" type="stmt"/>
        <line num="1149" count="0" type="stmt"/>
        <line num="1159" count="0" type="stmt"/>
        <line num="1162" count="0" type="stmt"/>
        <line num="1163" count="0" type="cond" truecount="0" falsecount="2"/>
        <line num="1164" count="0" type="stmt"/>
        <line num="1175" count="0" type="stmt"/>
        <line num="1176" count="0" type="stmt"/>
        <line num="1189" count="0" type="stmt"/>
        <line num="1190" count="0" type="stmt"/>
        <line num="1201" count="0" type="stmt"/>
        <line num="1203" count="0" type="stmt"/>
        <line num="1216" count="0" type="stmt"/>
        <line num="1217" count="0" type="stmt"/>
        <line num="1226" count="0" type="stmt"/>
        <line num="1227" count="0" type="stmt"/>
        <line num="1229" count="0" type="cond" truecount="0" falsecount="2"/>
        <line num="1230" count="0" type="stmt"/>
        <line num="1233" count="0" type="stmt"/>
        <line num="1234" count="0" type="cond" truecount="0" falsecount="2"/>
        <line num="1235" count="0" type="cond" truecount="0" falsecount="2"/>
        <line num="1236" count="0" type="cond" truecount="0" falsecount="2"/>
        <line num="1238" count="0" type="stmt"/>
        <line num="1239" count="0" type="stmt"/>
        <line num="1243" count="1" type="stmt"/>
      </file>
      <file name="folderController.js" path="C:\Users\hmmot\Bureau\Project PFE\SMQ_GED\backend\src\controllers\folderController.js">
        <metrics statements="16" coveredstatements="4" conditionals="0" coveredconditionals="0" methods="2" coveredmethods="0"/>
        <line num="6" count="1" type="stmt"/>
        <line num="8" count="1" type="stmt"/>
        <line num="9" count="0" type="stmt"/>
        <line num="10" count="0" type="stmt"/>
        <line num="11" count="0" type="stmt"/>
        <line num="15" count="0" type="stmt"/>
        <line num="17" count="0" type="stmt"/>
        <line num="18" count="0" type="stmt"/>
        <line num="22" count="1" type="stmt"/>
        <line num="23" count="0" type="stmt"/>
        <line num="24" count="0" type="stmt"/>
        <line num="25" count="0" type="stmt"/>
        <line num="29" count="0" type="stmt"/>
        <line num="31" count="0" type="stmt"/>
        <line num="32" count="0" type="stmt"/>
        <line num="36" count="1" type="stmt"/>
      </file>
      <file name="incidentController.js" path="C:\Users\hmmot\Bureau\Project PFE\SMQ_GED\backend\src\controllers\incidentController.js">
        <metrics statements="42" coveredstatements="5" conditionals="23" coveredconditionals="0" methods="4" coveredmethods="0"/>
        <line num="5" count="1" type="stmt"/>
        <line num="8" count="0" type="stmt"/>
        <line num="28" count="0" type="stmt"/>
        <line num="32" count="1" type="stmt"/>
        <line num="33" count="0" type="cond" truecount="0" falsecount="2"/>
        <line num="34" count="0" type="stmt"/>
        <line num="35" count="0" type="stmt"/>
        <line num="36" count="0" type="stmt"/>
        <line num="38" count="0" type="cond" truecount="0" falsecount="2"/>
        <line num="39" count="0" type="cond" truecount="0" falsecount="2"/>
        <line num="41" count="0" type="cond" truecount="0" falsecount="2"/>
        <line num="43" count="0" type="stmt"/>
        <line num="44" count="0" type="stmt"/>
        <line num="47" count="0" type="stmt"/>
        <line num="49" count="0" type="stmt"/>
        <line num="63" count="0" type="stmt"/>
        <line num="65" count="0" type="stmt"/>
        <line num="66" count="0" type="stmt"/>
        <line num="71" count="1" type="stmt"/>
        <line num="72" count="0" type="stmt"/>
        <line num="73" count="0" type="stmt"/>
        <line num="74" count="0" type="stmt"/>
        <line num="76" count="0" type="stmt"/>
        <line num="77" count="0" type="cond" truecount="0" falsecount="2"/>
        <line num="78" count="0" type="stmt"/>
        <line num="81" count="0" type="stmt"/>
        <line num="82" count="0" type="stmt"/>
        <line num="92" count="0" type="cond" truecount="0" falsecount="2"/>
        <line num="93" count="0" type="stmt"/>
        <line num="95" count="0" type="stmt"/>
        <line num="97" count="0" type="stmt"/>
        <line num="98" count="0" type="stmt"/>
        <line num="103" count="1" type="stmt"/>
        <line num="104" count="0" type="cond" truecount="0" falsecount="1"/>
        <line num="105" count="0" type="cond" truecount="0" falsecount="4"/>
        <line num="106" count="0" type="stmt"/>
        <line num="108" count="0" type="stmt"/>
        <line num="109" count="0" type="stmt"/>
        <line num="114" count="0" type="stmt"/>
        <line num="116" count="0" type="stmt"/>
        <line num="117" count="0" type="stmt"/>
        <line num="121" count="1" type="stmt"/>
      </file>
      <file name="logController.js" path="C:\Users\hmmot\Bureau\Project PFE\SMQ_GED\backend\src\controllers\logController.js">
        <metrics statements="57" coveredstatements="6" conditionals="20" coveredconditionals="0" methods="7" coveredmethods="1"/>
        <line num="6" count="1" type="stmt"/>
        <line num="13" count="1" type="stmt"/>
        <line num="20" count="1" type="stmt"/>
        <line num="28" count="0" type="stmt"/>
        <line num="29" count="0" type="stmt"/>
        <line num="30" count="0" type="stmt"/>
        <line num="31" count="0" type="stmt"/>
        <line num="39" count="1" type="stmt"/>
        <line num="51" count="0" type="stmt"/>
        <line num="53" count="0" type="stmt"/>
        <line num="54" count="0" type="stmt"/>
        <line num="55" count="0" type="stmt"/>
        <line num="58" count="0" type="stmt"/>
        <line num="59" count="0" type="stmt"/>
        <line num="60" count="0" type="stmt"/>
        <line num="62" count="0" type="cond" truecount="0" falsecount="2"/>
        <line num="63" count="0" type="stmt"/>
        <line num="64" count="0" type="stmt"/>
        <line num="66" count="0" type="cond" truecount="0" falsecount="2"/>
        <line num="67" count="0" type="stmt"/>
        <line num="68" count="0" type="stmt"/>
        <line num="70" count="0" type="cond" truecount="0" falsecount="2"/>
        <line num="71" count="0" type="stmt"/>
        <line num="72" count="0" type="stmt"/>
        <line num="74" count="0" type="cond" truecount="0" falsecount="2"/>
        <line num="75" count="0" type="stmt"/>
        <line num="76" count="0" type="stmt"/>
        <line num="78" count="0" type="cond" truecount="0" falsecount="2"/>
        <line num="79" count="0" type="stmt"/>
        <line num="80" count="0" type="stmt"/>
        <line num="82" count="0" type="cond" truecount="0" falsecount="2"/>
        <line num="83" count="0" type="stmt"/>
        <line num="84" count="0" type="stmt"/>
        <line num="86" count="0" type="cond" truecount="0" falsecount="2"/>
        <line num="87" count="0" type="stmt"/>
        <line num="88" count="0" type="stmt"/>
        <line num="90" count="0" type="cond" truecount="0" falsecount="2"/>
        <line num="91" count="0" type="stmt"/>
        <line num="92" count="0" type="stmt"/>
        <line num="95" count="0" type="cond" truecount="0" falsecount="2"/>
        <line num="97" count="0" type="stmt"/>
        <line num="98" count="0" type="stmt"/>
        <line num="105" count="0" type="stmt"/>
        <line num="107" count="0" type="stmt"/>
        <line num="108" count="0" type="stmt"/>
        <line num="110" count="0" type="stmt"/>
        <line num="134" count="0" type="stmt"/>
        <line num="136" count="0" type="stmt"/>
        <line num="137" count="0" type="stmt"/>
        <line num="144" count="1" type="stmt"/>
        <line num="145" count="0" type="stmt"/>
        <line num="146" count="0" type="stmt"/>
        <line num="147" count="0" type="stmt"/>
        <line num="151" count="0" type="stmt"/>
        <line num="153" count="0" type="stmt"/>
        <line num="154" count="0" type="stmt"/>
        <line num="158" count="1" type="stmt"/>
      </file>
      <file name="notificationController.js" path="C:\Users\hmmot\Bureau\Project PFE\SMQ_GED\backend\src\controllers\notificationController.js">
        <metrics statements="140" coveredstatements="4" conditionals="84" coveredconditionals="0" methods="27" coveredmethods="0"/>
        <line num="7" count="1" type="stmt"/>
        <line num="8" count="1" type="stmt"/>
        <line num="9" count="1" type="stmt"/>
        <line num="13" count="0" type="cond" truecount="0" falsecount="4"/>
        <line num="14" count="0" type="stmt"/>
        <line num="15" count="0" type="stmt"/>
        <line num="21" count="0" type="stmt"/>
        <line num="23" count="0" type="stmt"/>
        <line num="24" count="0" type="cond" truecount="0" falsecount="4"/>
        <line num="25" count="0" type="stmt"/>
        <line num="28" count="0" type="stmt"/>
        <line num="31" count="0" type="stmt"/>
        <line num="32" count="0" type="stmt"/>
        <line num="33" count="0" type="cond" truecount="0" falsecount="4"/>
        <line num="34" count="0" type="stmt"/>
        <line num="41" count="0" type="stmt"/>
        <line num="52" count="0" type="stmt"/>
        <line num="55" count="0" type="stmt"/>
        <line num="58" count="0" type="stmt"/>
        <line num="65" count="0" type="stmt"/>
        <line num="78" count="0" type="cond" truecount="0" falsecount="4"/>
        <line num="80" count="0" type="stmt"/>
        <line num="81" count="0" type="stmt"/>
        <line num="89" count="0" type="stmt"/>
        <line num="91" count="0" type="stmt"/>
        <line num="99" count="0" type="cond" truecount="0" falsecount="2"/>
        <line num="101" count="0" type="stmt"/>
        <line num="110" count="0" type="cond" truecount="0" falsecount="2"/>
        <line num="114" count="0" type="stmt"/>
        <line num="115" count="0" type="cond" truecount="0" falsecount="2"/>
        <line num="116" count="0" type="stmt"/>
        <line num="122" count="0" type="cond" truecount="0" falsecount="2"/>
        <line num="123" count="0" type="stmt"/>
        <line num="129" count="0" type="cond" truecount="0" falsecount="2"/>
        <line num="130" count="0" type="stmt"/>
        <line num="136" count="0" type="cond" truecount="0" falsecount="2"/>
        <line num="137" count="0" type="stmt"/>
        <line num="143" count="0" type="cond" truecount="0" falsecount="2"/>
        <line num="144" count="0" type="stmt"/>
        <line num="147" count="0" type="stmt"/>
        <line num="148" count="0" type="stmt"/>
        <line num="153" count="0" type="cond" truecount="0" falsecount="2"/>
        <line num="154" count="0" type="stmt"/>
        <line num="161" count="0" type="cond" truecount="0" falsecount="2"/>
        <line num="162" count="0" type="stmt"/>
        <line num="169" count="0" type="stmt"/>
        <line num="172" count="0" type="stmt"/>
        <line num="173" count="0" type="stmt"/>
        <line num="174" count="0" type="cond" truecount="0" falsecount="4"/>
        <line num="175" count="0" type="stmt"/>
        <line num="176" count="0" type="cond" truecount="0" falsecount="2"/>
        <line num="177" count="0" type="stmt"/>
        <line num="178" count="0" type="cond" truecount="0" falsecount="4"/>
        <line num="179" count="0" type="stmt"/>
        <line num="180" count="0" type="cond" truecount="0" falsecount="2"/>
        <line num="181" count="0" type="stmt"/>
        <line num="183" count="0" type="stmt"/>
        <line num="185" count="0" type="cond" truecount="0" falsecount="2"/>
        <line num="186" count="0" type="stmt"/>
        <line num="192" count="0" type="stmt"/>
        <line num="196" count="0" type="stmt"/>
        <line num="200" count="0" type="stmt"/>
        <line num="209" count="0" type="cond" truecount="0" falsecount="2"/>
        <line num="212" count="0" type="cond" truecount="0" falsecount="2"/>
        <line num="213" count="0" type="cond" truecount="0" falsecount="4"/>
        <line num="216" count="0" type="cond" truecount="0" falsecount="2"/>
        <line num="218" count="0" type="stmt"/>
        <line num="219" count="0" type="stmt"/>
        <line num="225" count="0" type="stmt"/>
        <line num="228" count="0" type="stmt"/>
        <line num="229" count="0" type="stmt"/>
        <line num="230" count="0" type="cond" truecount="0" falsecount="2"/>
        <line num="231" count="0" type="stmt"/>
        <line num="237" count="0" type="stmt"/>
        <line num="241" count="0" type="stmt"/>
        <line num="245" count="0" type="stmt"/>
        <line num="255" count="0" type="stmt"/>
        <line num="256" count="0" type="stmt"/>
        <line num="258" count="0" type="stmt"/>
        <line num="259" count="0" type="stmt"/>
        <line num="260" count="0" type="stmt"/>
        <line num="264" count="0" type="stmt"/>
        <line num="273" count="0" type="stmt"/>
        <line num="274" count="0" type="stmt"/>
        <line num="277" count="0" type="stmt"/>
        <line num="284" count="0" type="cond" truecount="0" falsecount="2"/>
        <line num="286" count="0" type="stmt"/>
        <line num="287" count="0" type="stmt"/>
        <line num="288" count="0" type="stmt"/>
        <line num="291" count="0" type="stmt"/>
        <line num="293" count="0" type="stmt"/>
        <line num="300" count="0" type="stmt"/>
        <line num="302" count="0" type="stmt"/>
        <line num="305" count="0" type="stmt"/>
        <line num="306" count="0" type="stmt"/>
        <line num="314" count="0" type="stmt"/>
        <line num="322" count="0" type="stmt"/>
        <line num="323" count="0" type="stmt"/>
        <line num="331" count="0" type="cond" truecount="0" falsecount="2"/>
        <line num="332" count="0" type="stmt"/>
        <line num="333" count="0" type="stmt"/>
        <line num="334" count="0" type="stmt"/>
        <line num="340" count="0" type="stmt"/>
        <line num="343" count="0" type="stmt"/>
        <line num="345" count="0" type="stmt"/>
        <line num="346" count="0" type="stmt"/>
        <line num="353" count="0" type="stmt"/>
        <line num="361" count="0" type="stmt"/>
        <line num="362" count="0" type="cond" truecount="0" falsecount="2"/>
        <line num="364" count="0" type="stmt"/>
        <line num="365" count="0" type="stmt"/>
        <line num="375" count="0" type="stmt"/>
        <line num="377" count="0" type="stmt"/>
        <line num="378" count="0" type="stmt"/>
        <line num="386" count="0" type="stmt"/>
        <line num="387" count="0" type="cond" truecount="0" falsecount="2"/>
        <line num="389" count="0" type="stmt"/>
        <line num="390" count="0" type="stmt"/>
        <line num="395" count="0" type="stmt"/>
        <line num="397" count="0" type="stmt"/>
        <line num="405" count="0" type="stmt"/>
        <line num="406" count="0" type="stmt"/>
        <line num="407" count="0" type="cond" truecount="0" falsecount="2"/>
        <line num="409" count="0" type="stmt"/>
        <line num="410" count="0" type="stmt"/>
        <line num="415" count="0" type="stmt"/>
        <line num="417" count="0" type="stmt"/>
        <line num="425" count="0" type="stmt"/>
        <line num="426" count="0" type="cond" truecount="0" falsecount="2"/>
        <line num="428" count="0" type="stmt"/>
        <line num="429" count="0" type="stmt"/>
        <line num="434" count="0" type="stmt"/>
        <line num="436" count="0" type="stmt"/>
        <line num="445" count="0" type="stmt"/>
        <line num="446" count="0" type="cond" truecount="0" falsecount="2"/>
        <line num="447" count="0" type="stmt"/>
        <line num="448" count="0" type="stmt"/>
        <line num="449" count="0" type="stmt"/>
        <line num="451" count="0" type="stmt"/>
        <line num="455" count="1" type="stmt"/>
      </file>
      <file name="processController.js" path="C:\Users\hmmot\Bureau\Project PFE\SMQ_GED\backend\src\controllers\processController.js">
        <metrics statements="8" coveredstatements="3" conditionals="0" coveredconditionals="0" methods="1" coveredmethods="0"/>
        <line num="1" count="1" type="stmt"/>
        <line num="3" count="1" type="stmt"/>
        <line num="4" count="0" type="stmt"/>
        <line num="5" count="0" type="stmt"/>
        <line num="6" count="0" type="stmt"/>
        <line num="8" count="0" type="stmt"/>
        <line num="9" count="0" type="stmt"/>
        <line num="13" count="1" type="stmt"/>
      </file>
      <file name="roleController.js" path="C:\Users\hmmot\Bureau\Project PFE\SMQ_GED\backend\src\controllers\roleController.js">
        <metrics statements="73" coveredstatements="10" conditionals="20" coveredconditionals="0" methods="9" coveredmethods="0"/>
        <line num="6" count="1" type="stmt"/>
        <line num="7" count="1" type="stmt"/>
        <line num="13" count="1" type="stmt"/>
        <line num="19" count="1" type="stmt"/>
        <line num="20" count="0" type="stmt"/>
        <line num="22" count="0" type="stmt"/>
        <line num="26" count="0" type="cond" truecount="0" falsecount="2"/>
        <line num="28" count="0" type="stmt"/>
        <line num="29" count="0" type="stmt"/>
        <line num="35" count="0" type="stmt"/>
        <line num="40" count="0" type="stmt"/>
        <line num="43" count="0" type="stmt"/>
        <line num="49" count="1" type="stmt"/>
        <line num="50" count="0" type="stmt"/>
        <line num="51" count="0" type="stmt"/>
        <line num="54" count="0" type="stmt"/>
        <line num="58" count="0" type="stmt"/>
        <line num="59" count="0" type="stmt"/>
        <line num="61" count="0" type="stmt"/>
        <line num="63" count="0" type="stmt"/>
        <line num="64" count="0" type="stmt"/>
        <line num="71" count="1" type="stmt"/>
        <line num="72" count="0" type="stmt"/>
        <line num="73" count="0" type="stmt"/>
        <line num="80" count="0" type="stmt"/>
        <line num="82" count="0" type="stmt"/>
        <line num="83" count="0" type="stmt"/>
        <line num="92" count="1" type="stmt"/>
        <line num="93" count="0" type="stmt"/>
        <line num="94" count="0" type="stmt"/>
        <line num="96" count="0" type="cond" truecount="0" falsecount="2"/>
        <line num="97" count="0" type="stmt"/>
        <line num="99" count="0" type="stmt"/>
        <line num="101" count="0" type="stmt"/>
        <line num="105" count="0" type="cond" truecount="0" falsecount="2"/>
        <line num="106" count="0" type="stmt"/>
        <line num="109" count="0" type="cond" truecount="0" falsecount="2"/>
        <line num="110" count="0" type="stmt"/>
        <line num="113" count="0" type="stmt"/>
        <line num="117" count="0" type="cond" truecount="0" falsecount="2"/>
        <line num="118" count="0" type="stmt"/>
        <line num="121" count="0" type="stmt"/>
        <line num="125" count="0" type="stmt"/>
        <line num="132" count="0" type="stmt"/>
        <line num="133" count="0" type="stmt"/>
        <line num="141" count="1" type="stmt"/>
        <line num="142" count="0" type="stmt"/>
        <line num="143" count="0" type="stmt"/>
        <line num="144" count="0" type="stmt"/>
        <line num="148" count="0" type="cond" truecount="0" falsecount="2"/>
        <line num="149" count="0" type="stmt"/>
        <line num="151" count="0" type="stmt"/>
        <line num="152" count="0" type="stmt"/>
        <line num="153" count="0" type="stmt"/>
        <line num="158" count="0" type="stmt"/>
        <line num="159" count="0" type="stmt"/>
        <line num="167" count="1" type="stmt"/>
        <line num="168" count="0" type="stmt"/>
        <line num="169" count="0" type="stmt"/>
        <line num="171" count="0" type="cond" truecount="0" falsecount="2"/>
        <line num="172" count="0" type="stmt"/>
[...]
      <file name="userRoutes.js" path="C:\Users\hmmot\Bureau\Project PFE\SMQ_GED\backend\src\routes\userRoutes.js">
        <metrics statements="6" coveredstatements="6" conditionals="0" coveredconditionals="0" methods="0" coveredmethods="0"/>
        <line num="5" count="1" type="stmt"/>
        <line num="6" count="1" type="stmt"/>
        <line num="7" count="1" type="stmt"/>
        <line num="9" count="1" type="stmt"/>
        <line num="10" count="1" type="stmt"/>
        <line num="12" count="1" type="stmt"/>
      </file>
      <file name="validationRoutes.js" path="C:\Users\hmmot\Bureau\Project PFE\SMQ_GED\backend\src\routes\validationRoutes.js">
        <metrics statements="14" coveredstatements="14" conditionals="0" coveredconditionals="0" methods="0" coveredmethods="0"/>
        <line num="8" count="1" type="stmt"/>
        <line num="9" count="1" type="stmt"/>
        <line num="10" count="1" type="stmt"/>
        <line num="11" count="1" type="stmt"/>
        <line num="14" count="1" type="stmt"/>
        <line num="15" count="1" type="stmt"/>
        <line num="16" count="1" type="stmt"/>
        <line num="17" count="1" type="stmt"/>
        <line num="18" count="1" type="stmt"/>
        <line num="23" count="1" type="stmt"/>
        <line num="31" count="1" type="stmt"/>
        <line num="36" count="1" type="stmt"/>
        <line num="41" count="1" type="stmt"/>
        <line num="46" count="1" type="stmt"/>
      </file>
    </package>
    <package name="src.services">
      <metrics statements="229" coveredstatements="15" conditionals="224" coveredconditionals="5" methods="42" coveredmethods="0"/>
      <file name="emailService.js" path="C:\Users\hmmot\Bureau\Project PFE\SMQ_GED\backend\src\services\emailService.js">
        <metrics statements="120" coveredstatements="7" conditionals="152" coveredconditionals="0" methods="24" coveredmethods="0"/>
        <line num="4" count="1" type="stmt"/>
        <line num="6" count="1" type="stmt"/>
        <line num="9" count="0" type="stmt"/>
        <line num="18" count="0" type="cond" truecount="0" falsecount="4"/>
        <line num="19" count="0" type="stmt"/>
        <line num="20" count="0" type="stmt"/>
        <line num="22" count="0" type="stmt"/>
        <line num="23" count="0" type="stmt"/>
        <line num="24" count="0" type="stmt"/>
        <line num="25" count="0" type="stmt"/>
        <line num="27" count="0" type="stmt"/>
        <line num="28" count="0" type="stmt"/>
        <line num="33" count="1" type="stmt"/>
        <line num="51" count="1" type="stmt"/>
        <line num="65" count="1" type="stmt"/>
        <line num="106" count="0" type="cond" truecount="0" falsecount="2"/>
        <line num="107" count="0" type="stmt"/>
        <line num="114" count="0" type="cond" truecount="0" falsecount="2"/>
        <line num="115" count="0" type="cond" truecount="0" falsecount="2"/>
        <line num="116" count="0" type="stmt"/>
        <line num="121" count="0" type="cond" truecount="0" falsecount="2"/>
        <line num="122" count="0" type="cond" truecount="0" falsecount="2"/>
        <line num="123" count="0" type="cond" truecount="0" falsecount="2"/>
        <line num="124" count="0" type="cond" truecount="0" falsecount="2"/>
        <line num="125" count="0" type="stmt"/>
        <line num="141" count="0" type="cond" truecount="0" falsecount="2"/>
        <line num="142" count="0" type="cond" truecount="0" falsecount="2"/>
        <line num="143" count="0" type="cond" truecount="0" falsecount="2"/>
        <line num="144" count="0" type="stmt"/>
        <line num="145" count="0" type="stmt"/>
        <line num="216" count="0" type="cond" truecount="0" falsecount="2"/>
        <line num="217" count="0" type="stmt"/>
        <line num="224" count="0" type="cond" truecount="0" falsecount="2"/>
        <line num="225" count="0" type="stmt"/>
        <line num="237" count="0" type="stmt"/>
        <line num="245" count="0" type="stmt"/>
        <line num="255" count="0" type="cond" truecount="0" falsecount="2"/>
        <line num="256" count="0" type="cond" truecount="0" falsecount="5"/>
        <line num="263" count="0" type="stmt"/>
        <line num="271" count="0" type="cond" truecount="0" falsecount="2"/>
        <line num="272" count="0" type="cond" truecount="0" falsecount="2"/>
        <line num="273" count="0" type="cond" truecount="0" falsecount="2"/>
        <line num="274" count="0" type="stmt"/>
        <line num="287" count="0" type="stmt"/>
        <line num="288" count="0" type="stmt"/>
        <line num="289" count="0" type="cond" truecount="0" falsecount="2"/>
        <line num="290" count="0" type="stmt"/>
        <line num="302" count="0" type="stmt"/>
        <line num="305" count="1" type="stmt"/>
        <line num="317" count="0" type="cond" truecount="0" falsecount="2"/>
        <line num="318" count="0" type="cond" truecount="0" falsecount="2"/>
        <line num="319" count="0" type="stmt"/>
        <line num="320" count="0" type="stmt"/>
        <line num="321" count="0" type="cond" truecount="0" falsecount="4"/>
        <line num="322" count="0" type="stmt"/>
        <line num="335" count="0" type="stmt"/>
        <line num="339" count="0" type="stmt"/>
        <line num="340" count="0" type="cond" truecount="0" falsecount="2"/>
        <line num="341" count="0" type="stmt"/>
        <line num="342" count="0" type="cond" truecount="0" falsecount="2"/>
        <line num="343" count="0" type="stmt"/>
        <line num="356" count="0" type="stmt"/>
        <line num="360" count="0" type="stmt"/>
        <line num="361" count="0" type="stmt"/>
        <line num="362" count="0" type="cond" truecount="0" falsecount="2"/>
        <line num="363" count="0" type="stmt"/>
        <line num="375" count="0" type="stmt"/>
        <line num="381" count="0" type="cond" truecount="0" falsecount="4"/>
        <line num="382" count="0" type="stmt"/>
        <line num="383" count="0" type="stmt"/>
        <line num="384" count="0" type="cond" truecount="0" falsecount="2"/>
        <line num="386" count="0" type="stmt"/>
        <line num="399" count="0" type="stmt"/>
        <line num="426" count="0" type="stmt"/>
        <line num="436" count="0" type="stmt"/>
        <line num="437" count="0" type="stmt"/>
        <line num="438" count="0" type="cond" truecount="0" falsecount="2"/>
        <line num="439" count="0" type="stmt"/>
        <line num="451" count="0" type="stmt"/>
        <line num="456" count="0" type="stmt"/>
        <line num="457" count="0" type="cond" truecount="0" falsecount="2"/>
        <line num="458" count="0" type="stmt"/>
        <line num="459" count="0" type="stmt"/>
        <line num="460" count="0" type="stmt"/>
        <line num="461" count="0" type="stmt"/>
        <line num="463" count="0" type="stmt"/>
        <line num="492" count="0" type="stmt"/>
        <line num="508" count="0" type="stmt"/>
        <line num="510" count="0" type="cond" truecount="0" falsecount="2"/>
        <line num="511" count="0" type="stmt"/>
        <line num="512" count="0" type="stmt"/>
        <line num="522" count="0" type="cond" truecount="0" falsecount="2"/>
        <line num="523" count="0" type="stmt"/>
        <line num="524" count="0" type="stmt"/>
        <line num="535" count="0" type="cond" truecount="0" falsecount="2"/>
        <line num="536" count="0" type="cond" truecount="0" falsecount="2"/>
        <line num="537" count="0" type="stmt"/>
        <line num="538" count="0" type="stmt"/>
        <line num="553" count="0" type="stmt"/>
        <line num="556" count="0" type="cond" truecount="0" falsecount="2"/>
        <line num="557" count="0" type="stmt"/>
        <line num="564" count="0" type="cond" truecount="0" falsecount="4"/>
        <line num="565" count="0" type="cond" truecount="0" falsecount="2"/>
        <line num="566" count="0" type="cond" truecount="0" falsecount="2"/>
        <line num="567" count="0" type="stmt"/>
        <line num="568" count="0" type="stmt"/>
        <line num="574" count="0" type="stmt"/>
        <line num="576" count="0" type="stmt"/>
        <line num="581" count="0" type="cond" truecount="0" falsecount="5"/>
        <line num="582" count="0" type="cond" truecount="0" falsecount="2"/>
        <line num="584" count="0" type="stmt"/>
        <line num="585" count="0" type="stmt"/>
        <line num="586" count="0" type="stmt"/>
        <line num="587" count="0" type="stmt"/>
        <line num="588" count="0" type="stmt"/>
        <line num="589" count="0" type="stmt"/>
        <line num="590" count="0" type="cond" truecount="0" falsecount="2"/>
        <line num="592" count="0" type="stmt"/>
        <line num="604" count="0" type="stmt"/>
        <line num="607" count="1" type="stmt"/>
      </file>
      <file name="ldapService.js" path="C:\Users\hmmot\Bureau\Project PFE\SMQ_GED\backend\src\services\ldapService.js">
        <metrics statements="47" coveredstatements="8" conditionals="37" coveredconditionals="5" methods="13" coveredmethods="0"/>
        <line num="8" count="1" type="stmt"/>
        <line num="10" count="1" type="stmt"/>
        <line num="11" count="1" type="cond" truecount="1" falsecount="1"/>
        <line num="12" count="1" type="cond" truecount="1" falsecount="1"/>
        <line num="13" count="1" type="cond" truecount="1" falsecount="1"/>
        <line num="14" count="1" type="cond" truecount="1" falsecount="1"/>
        <line num="15" count="1" type="cond" truecount="1" falsecount="1"/>
        <line num="19" count="0" type="stmt"/>
        <line num="20" count="0" type="stmt"/>
        <line num="25" count="0" type="stmt"/>
        <line num="34" count="0" type="stmt"/>
        <line num="35" count="0" type="cond" truecount="0" falsecount="2"/>
        <line num="40" count="0" type="stmt"/>
        <line num="41" count="0" type="stmt"/>
        <line num="48" count="0" type="stmt"/>
        <line num="49" count="0" type="stmt"/>
        <line num="50" count="0" type="cond" truecount="0" falsecount="2"/>
        <line num="51" count="0" type="stmt"/>
        <line num="52" count="0" type="stmt"/>
        <line num="53" count="0" type="stmt"/>
        <line num="64" count="0" type="cond" truecount="0" falsecount="2"/>
        <line num="65" count="0" type="cond" truecount="0" falsecount="4"/>
        <line num="66" count="0" type="stmt"/>
        <line num="67" count="0" type="stmt"/>
        <line num="70" count="0" type="cond" truecount="0" falsecount="2"/>
        <line num="71" count="0" type="stmt"/>
        <line num="75" count="0" type="stmt"/>
        <line num="76" count="0" type="stmt"/>
        <line num="78" count="0" type="cond" truecount="0" falsecount="4"/>
        <line num="79" count="0" type="stmt"/>
        <line num="83" count="0" type="stmt"/>
        <line num="84" count="0" type="cond" truecount="0" falsecount="2"/>
        <line num="85" count="0" type="stmt"/>
        <line num="86" count="0" type="stmt"/>
        <line num="89" count="0" type="stmt"/>
        <line num="90" count="0" type="cond" truecount="0" falsecount="2"/>
        <line num="93" count="0" type="stmt"/>
        <line num="94" count="0" type="stmt"/>
        <line num="95" count="0" type="stmt"/>
        <line num="96" count="0" type="stmt"/>
        <line num="97" count="0" type="stmt"/>
        <line num="103" count="0" type="stmt"/>
        <line num="106" count="0" type="stmt"/>
        <line num="107" count="0" type="stmt"/>
        <line num="109" count="0" type="stmt"/>
        <line num="113" count="1" type="stmt"/>
        <line num="115" count="0" type="stmt"/>
      </file>
      <file name="sharepointService.js" path="C:\Users\hmmot\Bureau\Project PFE\SMQ_GED\backend\src\services\sharepointService.js">
        <metrics statements="62" coveredstatements="0" conditionals="35" coveredconditionals="0" methods="5" coveredmethods="0"/>
        <line num="11" count="0" type="cond" truecount="0" falsecount="5"/>
        <line num="17" count="0" type="cond" truecount="0" falsecount="2"/>
        <line num="18" count="0" type="stmt"/>
        <line num="20" count="0" type="stmt"/>
        <line num="24" count="0" type="stmt"/>
        <line num="25" count="0" type="stmt"/>
        <line num="31" count="0" type="cond" truecount="0" falsecount="2"/>
        <line num="32" count="0" type="cond" truecount="0" falsecount="4"/>
        <line num="34" count="0" type="stmt"/>
        <line num="35" count="0" type="stmt"/>
        <line num="42" count="0" type="stmt"/>
        <line num="43" count="0" type="cond" truecount="0" falsecount="2"/>
        <line num="44" count="0" type="stmt"/>
        <line num="45" count="0" type="stmt"/>
        <line num="47" count="0" type="stmt"/>
        <line num="48" count="0" type="stmt"/>
        <line num="49" count="0" type="stmt"/>
        <line num="50" count="0" type="stmt"/>
        <line num="55" count="0" type="stmt"/>
        <line num="58" count="0" type="cond" truecount="0" falsecount="2"/>
        <line num="59" count="0" type="stmt"/>
        <line num="60" count="0" type="stmt"/>
        <line num="61" count="0" type="stmt"/>
        <line num="63" count="0" type="stmt"/>
        <line num="67" count="0" type="cond" truecount="0" falsecount="2"/>
        <line num="68" count="0" type="stmt"/>
        <line num="70" count="0" type="stmt"/>
        <line num="74" count="0" type="cond" truecount="0" falsecount="2"/>
        <line num="75" count="0" type="stmt"/>
        <line num="76" count="0" type="stmt"/>
        <line num="77" count="0" type="stmt"/>
        <line num="91" count="0" type="cond" truecount="0" falsecount="2"/>
        <line num="92" count="0" type="stmt"/>
        <line num="93" count="0" type="stmt"/>
        <line num="96" count="0" type="stmt"/>
        <line num="97" count="0" type="stmt"/>
        <line num="98" count="0" type="stmt"/>
        <line num="99" count="0" type="stmt"/>
        <line num="101" count="0" type="stmt"/>
        <line num="102" count="0" type="cond" truecount="0" falsecount="2"/>
        <line num="104" count="0" type="stmt"/>
        <line num="116" count="0" type="cond" truecount="0" falsecount="2"/>
        <line num="117" count="0" type="stmt"/>
        <line num="120" count="0" type="stmt"/>
        <line num="121" count="0" type="stmt"/>
        <line num="122" count="0" type="stmt"/>
        <line num="123" count="0" type="stmt"/>
        <line num="125" count="0" type="stmt"/>
        <line num="126" count="0" type="stmt"/>
        <line num="138" count="0" type="cond" truecount="0" falsecount="2"/>
        <line num="140" count="0" type="stmt"/>
        <line num="141" count="0" type="stmt"/>
        <line num="142" count="0" type="stmt"/>
        <line num="143" count="0" type="cond" truecount="0" falsecount="2"/>
        <line num="145" count="0" type="stmt"/>
        <line num="150" count="0" type="cond" truecount="0" falsecount="2"/>
        <line num="151" count="0" type="stmt"/>
        <line num="152" count="0" type="cond" truecount="0" falsecount="2"/>
        <line num="154" count="0" type="stmt"/>
        <line num="155" count="0" type="stmt"/>
        <line num="159" count="0" type="stmt"/>
        <line num="162" count="0" type="stmt"/>
      </file>
    </package>
    <package name="src.utils">
      <metrics statements="63" coveredstatements="15" conditionals="42" coveredconditionals="1" methods="16" coveredmethods="0"/>
      <file name="auditLog.js" path="C:\Users\hmmot\Bureau\Project PFE\SMQ_GED\backend\src\utils\auditLog.js">
        <metrics statements="7" coveredstatements="2" conditionals="14" coveredconditionals="0" methods="1" coveredmethods="0"/>
        <line num="4" count="1" type="stmt"/>
        <line num="8" count="0" type="cond" truecount="0" falsecount="5"/>
        <line num="9" count="0" type="cond" truecount="0" falsecount="4"/>
        <line num="11" count="0" type="stmt"/>
        <line num="12" count="0" type="stmt"/>
        <line num="19" count="0" type="stmt"/>
        <line num="23" count="1" type="stmt"/>
      </file>
      <file name="incidentDetector.js" path="C:\Users\hmmot\Bureau\Project PFE\SMQ_GED\backend\src\utils\incidentDetector.js">
        <metrics statements="28" coveredstatements="0" conditionals="8" coveredconditionals="0" methods="7" coveredmethods="0"/>
        <line num="4" count="0" type="stmt"/>
        <line num="5" count="0" type="stmt"/>
        <line num="7" count="0" type="stmt"/>
        <line num="8" count="0" type="stmt"/>
        <line num="10" count="0" type="stmt"/>
        <line num="19" count="0" type="stmt"/>
        <line num="29" count="0" type="stmt"/>
        <line num="39" count="0" type="stmt"/>
        <line num="49" count="0" type="stmt"/>
        <line num="54" count="0" type="stmt"/>
        <line num="56" count="0" type="stmt"/>
        <line num="57" count="0" type="stmt"/>
        <line num="58" count="0" type="cond" truecount="0" falsecount="2"/>
        <line num="60" count="0" type="stmt"/>
        <line num="74" count="0" type="stmt"/>
        <line num="76" count="0" type="stmt"/>
        <line num="85" count="0" type="cond" truecount="0" falsecount="2"/>
        <line num="87" count="0" type="stmt"/>
        <line num="89" count="0" type="stmt"/>
        <line num="95" count="0" type="stmt"/>
        <line num="98" count="0" type="stmt"/>
        <line num="99" count="0" type="cond" truecount="0" falsecount="2"/>
        <line num="100" count="0" type="stmt"/>
        <line num="112" count="0" type="stmt"/>
        <line num="118" count="0" type="stmt"/>
        <line num="119" count="0" type="stmt"/>
        <line num="120" count="0" type="stmt"/>
        <line num="123" count="0" type="stmt"/>
      </file>
      <file name="logger.js" path="C:\Users\hmmot\Bureau\Project PFE\SMQ_GED\backend\src\utils\logger.js">
        <metrics statements="14" coveredstatements="11" conditionals="8" coveredconditionals="1" methods="7" coveredmethods="0"/>
        <line num="5" count="1" type="stmt"/>
        <line num="6" count="1" type="stmt"/>
        <line num="8" count="1" type="stmt"/>
        <line num="9" count="1" type="stmt"/>
        <line num="10" count="1" type="stmt"/>
        <line num="13" count="1" type="cond" truecount="1" falsecount="1"/>
        <line num="15" count="0" type="stmt"/>
        <line num="19" count="0" type="stmt"/>
        <line num="20" count="0" type="cond" truecount="0" falsecount="2"/>
        <line num="23" count="1" type="cond" truecount="0" falsecount="1"/>
        <line num="24" count="1" type="cond" truecount="0" falsecount="1"/>
        <line num="25" count="1" type="cond" truecount="0" falsecount="1"/>
        <line num="26" count="1" type="cond" truecount="0" falsecount="1"/>
        <line num="28" count="1" type="stmt"/>
      </file>
      <file name="passwordPolicy.js" path="C:\Users\hmmot\Bureau\Project PFE\SMQ_GED\backend\src\utils\passwordPolicy.js">
        <metrics statements="14" coveredstatements="2" conditionals="12" coveredconditionals="0" methods="1" coveredmethods="0"/>
        <line num="4" count="1" type="stmt"/>
        <line num="13" count="0" type="stmt"/>
        <line num="15" count="0" type="cond" truecount="0" falsecount="4"/>
        <line num="16" count="0" type="stmt"/>
        <line num="17" count="0" type="cond" truecount="0" falsecount="2"/>
        <line num="18" count="0" type="stmt"/>
        <line num="19" count="0" type="cond" truecount="0" falsecount="2"/>
        <line num="20" count="0" type="stmt"/>
        <line num="21" count="0" type="cond" truecount="0" falsecount="2"/>
        <line num="22" count="0" type="stmt"/>
        <line num="23" count="0" type="cond" truecount="0" falsecount="2"/>
        <line num="24" count="0" type="stmt"/>
        <line num="26" count="0" type="stmt"/>
        <line num="29" count="1" type="stmt"/>
      </file>
    </package>
  </project>
</coverage>
