{"C:\\Users\\hmmot\\Bureau\\Project PFE\\SMQ_GED\\backend\\src\\upload.js": {"path":"C:\\Users\\hmmot\\Bureau\\Project PFE\\SMQ_GED\\backend\\src\\upload.js","statementMap":{"0":{"start":{"line":1,"column":15},"end":{"line":1,"column":32}},"1":{"start":{"line":2,"column":15},"end":{"line":2,"column":28}},"2":{"start":{"line":3,"column":15},"end":{"line":3,"column":30}},"3":{"start":{"line":4,"column":15},"end":{"line":4,"column":30}},"4":{"start":{"line":5,"column":0},"end":{"line":5,"column":27}},"5":{"start":{"line":10,"column":16},"end":{"line":12,"column":44}},"6":{"start":{"line":14,"column":0},"end":{"line":14,"column":72}},"7":{"start":{"line":14,"column":29},"end":{"line":14,"column":72}},"8":{"start":{"line":20,"column":19},"end":{"line":20,"column":37}},"9":{"start":{"line":22,"column":2},"end":{"line":28,"column":3}},"10":{"start":{"line":23,"column":16},"end":{"line":26,"column":5}},"11":{"start":{"line":27,"column":4},"end":{"line":27,"column":53}},"12":{"start":{"line":27,"column":25},"end":{"line":27,"column":53}},"13":{"start":{"line":30,"column":16},"end":{"line":30,"column":18}},"14":{"start":{"line":31,"column":18},"end":{"line":31,"column":28}},"15":{"start":{"line":32,"column":2},"end":{"line":40,"column":3}},"16":{"start":{"line":33,"column":16},"end":{"line":36,"column":5}},"17":{"start":{"line":37,"column":4},"end":{"line":37,"column":32}},"18":{"start":{"line":37,"column":26},"end":{"line":37,"column":32}},"19":{"start":{"line":38,"column":4},"end":{"line":38,"column":36}},"20":{"start":{"line":39,"column":4},"end":{"line":39,"column":38}},"21":{"start":{"line":41,"column":2},"end":{"line":41,"column":25}},"22":{"start":{"line":44,"column":16},"end":{"line":62,"column":2}},"23":{"start":{"line":46,"column":22},"end":{"line":46,"column":62}},"24":{"start":{"line":47,"column":22},"end":{"line":47,"column":62}},"25":{"start":{"line":48,"column":4},"end":{"line":48,"column":44}},"26":{"start":{"line":48,"column":19},"end":{"line":48,"column":44}},"27":{"start":{"line":50,"column":4},"end":{"line":56,"column":38}},"28":{"start":{"line":52,"column":25},"end":{"line":52,"column":72}},"29":{"start":{"line":53,"column":8},"end":{"line":53,"column":52}},"30":{"start":{"line":54,"column":8},"end":{"line":54,"column":27}},"31":{"start":{"line":56,"column":19},"end":{"line":56,"column":36}},"32":{"start":{"line":59,"column":21},"end":{"line":59,"column":59}},"33":{"start":{"line":60,"column":4},"end":{"line":60,"column":42}},"34":{"start":{"line":64,"column":15},"end":{"line":80,"column":2}},"35":{"start":{"line":70,"column":20},"end":{"line":76,"column":5}},"36":{"start":{"line":77,"column":4},"end":{"line":77,"column":85}},"37":{"start":{"line":77,"column":42},"end":{"line":77,"column":85}},"38":{"start":{"line":78,"column":4},"end":{"line":78,"column":19}},"39":{"start":{"line":82,"column":0},"end":{"line":82,"column":56}}},"fnMap":{"0":{"name":"resolveFolderPath","decl":{"start":{"line":19,"column":15},"end":{"line":19,"column":32}},"loc":{"start":{"line":19,"column":53},"end":{"line":42,"column":1}},"line":19},"1":{"name":"(anonymous_1)","decl":{"start":{"line":45,"column":15},"end":{"line":45,"column":16}},"loc":{"start":{"line":45,"column":35},"end":{"line":57,"column":3}},"line":45},"2":{"name":"(anonymous_2)","decl":{"start":{"line":51,"column":12},"end":{"line":51,"column":13}},"loc":{"start":{"line":51,"column":23},"end":{"line":55,"column":7}},"line":51},"3":{"name":"(anonymous_3)","decl":{"start":{"line":56,"column":13},"end":{"line":56,"column":14}},"loc":{"start":{"line":56,"column":19},"end":{"line":56,"column":36}},"line":56},"4":{"name":"(anonymous_4)","decl":{"start":{"line":58,"column":12},"end":{"line":58,"column":13}},"loc":{"start":{"line":58,"column":32},"end":{"line":61,"column":3}},"line":58},"5":{"name":"(anonymous_5)","decl":{"start":{"line":69,"column":14},"end":{"line":69,"column":15}},"loc":{"start":{"line":69,"column":33},"end":{"line":79,"column":3}},"line":69}},"branchMap":{"0":{"loc":{"start":{"line":10,"column":16},"end":{"line":12,"column":44}},"type":"cond-expr","locations":[{"start":{"line":11,"column":4},"end":{"line":11,"column":40}},{"start":{"line":12,"column":4},"end":{"line":12,"column":44}}],"line":10},"1":{"loc":{"start":{"line":14,"column":0},"end":{"line":14,"column":72}},"type":"if","locations":[{"start":{"line":14,"column":0},"end":{"line":14,"column":72}},{"start":{},"end":{}}],"line":14},"2":{"loc":{"start":{"line":22,"column":2},"end":{"line":28,"column":3}},"type":"if","locations":[{"start":{"line":22,"column":2},"end":{"line":28,"column":3}},{"start":{},"end":{}}],"line":22},"3":{"loc":{"start":{"line":27,"column":4},"end":{"line":27,"column":53}},"type":"if","locations":[{"start":{"line":27,"column":4},"end":{"line":27,"column":53}},{"start":{},"end":{}}],"line":27},"4":{"loc":{"start":{"line":37,"column":4},"end":{"line":37,"column":32}},"type":"if","locations":[{"start":{"line":37,"column":4},"end":{"line":37,"column":32}},{"start":{},"end":{}}],"line":37},"5":{"loc":{"start":{"line":46,"column":22},"end":{"line":46,"column":62}},"type":"binary-expr","locations":[{"start":{"line":46,"column":22},"end":{"line":46,"column":39}},{"start":{"line":46,"column":44},"end":{"line":46,"column":62}}],"line":46},"6":{"loc":{"start":{"line":47,"column":22},"end":{"line":47,"column":62}},"type":"binary-expr","locations":[{"start":{"line":47,"column":22},"end":{"line":47,"column":39}},{"start":{"line":47,"column":44},"end":{"line":47,"column":62}}],"line":47},"7":{"loc":{"start":{"line":48,"column":4},"end":{"line":48,"column":44}},"type":"if","locations":[{"start":{"line":48,"column":4},"end":{"line":48,"column":44}},{"start":{},"end":{}}],"line":48},"8":{"loc":{"start":{"line":52,"column":25},"end":{"line":52,"column":72}},"type":"cond-expr","locations":[{"start":{"line":52,"column":35},"end":{"line":52,"column":62}},{"start":{"line":52,"column":65},"end":{"line":52,"column":72}}],"line":52},"9":{"loc":{"start":{"line":77,"column":4},"end":{"line":77,"column":85}},"type":"if","locations":[{"start":{"line":77,"column":4},"end":{"line":77,"column":85}},{"start":{},"end":{}}],"line":77}},"s":{"0":1,"1":1,"2":1,"3":1,"4":1,"5":1,"6":1,"7":0,"8":0,"9":0,"10":0,"11":0,"12":0,"13":0,"14":0,"15":0,"16":0,"17":0,"18":0,"19":0,"20":0,"21":0,"22":1,"23":0,"24":0,"25":0,"26":0,"27":0,"28":0,"29":0,"30":0,"31":0,"32":0,"33":0,"34":1,"35":0,"36":0,"37":0,"38":0,"39":1},"f":{"0":0,"1":0,"2":0,"3":0,"4":0,"5":0},"b":{"0":[1,0],"1":[0,1],"2":[0,0],"3":[0,0],"4":[0,0],"5":[0,0],"6":[0,0],"7":[0,0],"8":[0,0],"9":[0,0]},"_coverageSchema":"1a1c01bbd47fc00a2c39e90264f33305004495a9","hash":"cf56936f39388aa776674bcfb1a88d58af10dd90"}
,"C:\\Users\\hmmot\\Bureau\\Project PFE\\SMQ_GED\\backend\\src\\utils.js": {"path":"C:\\Users\\hmmot\\Bureau\\Project PFE\\SMQ_GED\\backend\\src\\utils.js","statementMap":{"0":{"start":{"line":1,"column":13},"end":{"line":1,"column":28}},"1":{"start":{"line":5,"column":23},"end":{"line":8,"column":3}},"2":{"start":{"line":10,"column":2},"end":{"line":12,"column":3}},"3":{"start":{"line":11,"column":4},"end":{"line":11,"column":57}},"4":{"start":{"line":14,"column":21},"end":{"line":14,"column":46}},"5":{"start":{"line":17,"column":22},"end":{"line":24,"column":3}},"6":{"start":{"line":26,"column":16},"end":{"line":26,"column":55}},"7":{"start":{"line":29,"column":23},"end":{"line":29,"column":53}},"8":{"start":{"line":33,"column":2},"end":{"line":33,"column":53}},"9":{"start":{"line":36,"column":0},"end":{"line":36,"column":37}}},"fnMap":{"0":{"name":"generateDocCode","decl":{"start":{"line":3,"column":15},"end":{"line":3,"column":30}},"loc":{"start":{"line":3,"column":51},"end":{"line":34,"column":1}},"line":3}},"branchMap":{"0":{"loc":{"start":{"line":10,"column":2},"end":{"line":12,"column":3}},"type":"if","locations":[{"start":{"line":10,"column":2},"end":{"line":12,"column":3}},{"start":{},"end":{}}],"line":10},"1":{"loc":{"start":{"line":10,"column":6},"end":{"line":10,"column":61}},"type":"binary-expr","locations":[{"start":{"line":10,"column":6},"end":{"line":10,"column":31}},{"start":{"line":10,"column":35},"end":{"line":10,"column":61}}],"line":10}},"s":{"0":0,"1":0,"2":0,"3":0,"4":0,"5":0,"6":0,"7":0,"8":0,"9":0},"f":{"0":0},"b":{"0":[0,0],"1":[0,0]}}
,"C:\\Users\\hmmot\\Bureau\\Project PFE\\SMQ_GED\\backend\\src\\controllers\\aiController.js": {"path":"C:\\Users\\hmmot\\Bureau\\Project PFE\\SMQ_GED\\backend\\src\\controllers\\aiController.js","statementMap":{"0":{"start":{"line":11,"column":13},"end":{"line":11,"column":29}},"1":{"start":{"line":17,"column":2},"end":{"line":26,"column":5}},"2":{"start":{"line":27,"column":2},"end":{"line":29,"column":5}},"3":{"start":{"line":30,"column":2},"end":{"line":32,"column":5}},"4":{"start":{"line":33,"column":2},"end":{"line":33,"column":43}},"5":{"start":{"line":41,"column":24},"end":{"line":248,"column":1}},"6":{"start":{"line":251,"column":20},"end":{"line":251,"column":24}},"7":{"start":{"line":252,"column":21},"end":{"line":252,"column":22}},"8":{"start":{"line":254,"column":14},"end":{"line":254,"column":24}},"9":{"start":{"line":255,"column":2},"end":{"line":255,"column":70}},"10":{"start":{"line":255,"column":52},"end":{"line":255,"column":70}},"11":{"start":{"line":256,"column":12},"end":{"line":256,"column":84}},"12":{"start":{"line":257,"column":2},"end":{"line":257,"column":26}},"13":{"start":{"line":258,"column":2},"end":{"line":258,"column":23}},"14":{"start":{"line":259,"column":2},"end":{"line":259,"column":20}},"15":{"start":{"line":264,"column":19},"end":{"line":264,"column":21}},"16":{"start":{"line":265,"column":19},"end":{"line":265,"column":38}},"17":{"start":{"line":268,"column":20},"end":{"line":268,"column":86}},"18":{"start":{"line":269,"column":2},"end":{"line":269,"column":64}},"19":{"start":{"line":269,"column":17},"end":{"line":269,"column":64}},"20":{"start":{"line":272,"column":20},"end":{"line":272,"column":94}},"21":{"start":{"line":273,"column":2},"end":{"line":273,"column":71}},"22":{"start":{"line":273,"column":17},"end":{"line":273,"column":71}},"23":{"start":{"line":276,"column":20},"end":{"line":276,"column":119}},"24":{"start":{"line":277,"column":2},"end":{"line":277,"column":53}},"25":{"start":{"line":277,"column":17},"end":{"line":277,"column":53}},"26":{"start":{"line":280,"column":2},"end":{"line":298,"column":54}},"27":{"start":{"line":281,"column":18},"end":{"line":281,"column":39}},"28":{"start":{"line":283,"column":19},"end":{"line":283,"column":82}},"29":{"start":{"line":283,"column":35},"end":{"line":283,"column":81}},"30":{"start":{"line":284,"column":4},"end":{"line":297,"column":5}},"31":{"start":{"line":285,"column":6},"end":{"line":285,"column":40}},"32":{"start":{"line":286,"column":6},"end":{"line":286,"column":41}},"33":{"start":{"line":289,"column":22},"end":{"line":292,"column":8}},"34":{"start":{"line":290,"column":22},"end":{"line":290,"column":83}},"35":{"start":{"line":290,"column":69},"end":{"line":290,"column":82}},"36":{"start":{"line":291,"column":8},"end":{"line":291,"column":51}},"37":{"start":{"line":291,"column":31},"end":{"line":291,"column":49}},"38":{"start":{"line":293,"column":6},"end":{"line":296,"column":7}},"39":{"start":{"line":294,"column":8},"end":{"line":294,"column":43}},"40":{"start":{"line":295,"column":8},"end":{"line":295,"column":44}},"41":{"start":{"line":300,"column":2},"end":{"line":300,"column":18}},"42":{"start":{"line":305,"column":2},"end":{"line":309,"column":3}},"43":{"start":{"line":306,"column":4},"end":{"line":308,"column":5}},"44":{"start":{"line":307,"column":6},"end":{"line":307,"column":21}},"45":{"start":{"line":311,"column":2},"end":{"line":311,"column":79}},"46":{"start":{"line":316,"column":22},"end":{"line":329,"column":3}},"47":{"start":{"line":331,"column":2},"end":{"line":943,"column":3}},"48":{"start":{"line":333,"column":6},"end":{"line":343,"column":8}},"49":{"start":{"line":346,"column":6},"end":{"line":354,"column":8}},"50":{"start":{"line":357,"column":6},"end":{"line":384,"column":7}},"51":{"start":{"line":358,"column":8},"end":{"line":383,"column":10}},"52":{"start":{"line":385,"column":6},"end":{"line":409,"column":8}},"53":{"start":{"line":412,"column":6},"end":{"line":420,"column":8}},"54":{"start":{"line":423,"column":6},"end":{"line":425,"column":7}},"55":{"start":{"line":424,"column":8},"end":{"line":424,"column":105}},"56":{"start":{"line":426,"column":6},"end":{"line":434,"column":8}},"57":{"start":{"line":437,"column":6},"end":{"line":439,"column":7}},"58":{"start":{"line":438,"column":8},"end":{"line":438,"column":53}},"59":{"start":{"line":440,"column":6},"end":{"line":448,"column":8}},"60":{"start":{"line":451,"column":6},"end":{"line":453,"column":7}},"61":{"start":{"line":452,"column":8},"end":{"line":452,"column":53}},"62":{"start":{"line":454,"column":22},"end":{"line":461,"column":8}},"63":{"start":{"line":462,"column":22},"end":{"line":462,"column":86}},"64":{"start":{"line":462,"column":54},"end":{"line":462,"column":82}},"65":{"start":{"line":463,"column":6},"end":{"line":468,"column":8}},"66":{"start":{"line":465,"column":43},"end":{"line":465,"column":96}},"67":{"start":{"line":472,"column":6},"end":{"line":494,"column":8}},"68":{"start":{"line":497,"column":6},"end":{"line":505,"column":8}},"69":{"start":{"line":508,"column":6},"end":{"line":516,"column":8}},"70":{"start":{"line":519,"column":6},"end":{"line":528,"column":8}},"71":{"start":{"line":531,"column":6},"end":{"line":539,"column":8}},"72":{"start":{"line":542,"column":6},"end":{"line":552,"column":7}},"73":{"start":{"line":543,"column":8},"end":{"line":551,"column":10}},"74":{"start":{"line":553,"column":6},"end":{"line":563,"column":7}},"75":{"start":{"line":554,"column":8},"end":{"line":562,"column":10}},"76":{"start":{"line":565,"column":25},"end":{"line":571,"column":8}},"77":{"start":{"line":572,"column":6},"end":{"line":577,"column":8}},"78":{"start":{"line":581,"column":26},"end":{"line":587,"column":8}},"79":{"start":{"line":588,"column":6},"end":{"line":593,"column":8}},"80":{"start":{"line":597,"column":19},"end":{"line":597,"column":39}},"81":{"start":{"line":598,"column":6},"end":{"line":608,"column":7}},"82":{"start":{"line":599,"column":8},"end":{"line":607,"column":10}},"83":{"start":{"line":609,"column":25},"end":{"line":615,"column":8}},"84":{"start":{"line":616,"column":6},"end":{"line":621,"column":8}},"85":{"start":{"line":625,"column":17},"end":{"line":625,"column":41}},"86":{"start":{"line":626,"column":6},"end":{"line":637,"column":7}},"87":{"start":{"line":627,"column":8},"end":{"line":636,"column":10}},"88":{"start":{"line":638,"column":25},"end":{"line":645,"column":8}},"89":{"start":{"line":646,"column":6},"end":{"line":651,"column":8}},"90":{"start":{"line":655,"column":6},"end":{"line":662,"column":8}},"91":{"start":{"line":665,"column":6},"end":{"line":673,"column":8}},"92":{"start":{"line":676,"column":6},"end":{"line":683,"column":8}},"93":{"start":{"line":686,"column":6},"end":{"line":694,"column":8}},"94":{"start":{"line":697,"column":6},"end":{"line":707,"column":8}},"95":{"start":{"line":710,"column":18},"end":{"line":710,"column":34}},"96":{"start":{"line":711,"column":6},"end":{"line":717,"column":7}},"97":{"start":{"line":712,"column":8},"end":{"line":716,"column":10}},"98":{"start":{"line":718,"column":6},"end":{"line":726,"column":8}},"99":{"start":{"line":730,"column":26},"end":{"line":737,"column":8}},"100":{"start":{"line":738,"column":6},"end":{"line":743,"column":8}},"101":{"start":{"line":747,"column":6},"end":{"line":765,"column":8}},"102":{"start":{"line":768,"column":26},"end":{"line":775,"column":8}},"103":{"start":{"line":776,"column":25},"end":{"line":776,"column":84}},"104":{"start":{"line":776,"column":59},"end":{"line":776,"column":80}},"105":{"start":{"line":777,"column":6},"end":{"line":783,"column":8}},"106":{"start":{"line":778,"column":47},"end":{"line":778,"column":138}},"107":{"start":{"line":787,"column":24},"end":{"line":795,"column":8}},"108":{"start":{"line":796,"column":24},"end":{"line":805,"column":8}},"109":{"start":{"line":806,"column":6},"end":{"line":814,"column":8}},"110":{"start":{"line":809,"column":45},"end":{"line":809,"column":123}},"111":{"start":{"line":818,"column":27},"end":{"line":827,"column":8}},"112":{"start":{"line":828,"column":28},"end":{"line":835,"column":8}},"113":{"start":{"line":836,"column":6},"end":{"line":844,"column":8}},"114":{"start":{"line":839,"column":49},"end":{"line":839,"column":93}},"115":{"start":{"line":848,"column":25},"end":{"line":858,"column":8}},"116":{"start":{"line":859,"column":24},"end":{"line":859,"column":82}},"117":{"start":{"line":860,"column":6},"end":{"line":868,"column":8}},"118":{"start":{"line":872,"column":18},"end":{"line":872,"column":34}},"119":{"start":{"line":873,"column":6},"end":{"line":881,"column":7}},"120":{"start":{"line":874,"column":8},"end":{"line":880,"column":10}},"121":{"start":{"line":882,"column":23},"end":{"line":888,"column":7}},"122":{"start":{"line":889,"column":17},"end":{"line":889,"column":33}},"123":{"start":{"line":890,"column":21},"end":{"line":890,"column":51}},"124":{"start":{"line":891,"column":21},"end":{"line":891,"column":51}},"125":{"start":{"line":892,"column":6},"end":{"line":902,"column":8}},"126":{"start":{"line":906,"column":6},"end":{"line":910,"column":8}},"127":{"start":{"line":913,"column":6},"end":{"line":918,"column":8}},"128":{"start":{"line":921,"column":25},"end":{"line":921,"column":116}},"129":{"start":{"line":922,"column":6},"end":{"line":929,"column":7}},"130":{"start":{"line":924,"column":8},"end":{"line":928,"column":10}},"131":{"start":{"line":930,"column":6},"end":{"line":941,"column":8}},"132":{"start":{"line":949,"column":14},"end":{"line":949,"column":30}},"133":{"start":{"line":952,"column":23},"end":{"line":952,"column":47}},"134":{"start":{"line":953,"column":2},"end":{"line":953,"column":78}},"135":{"start":{"line":953,"column":66},"end":{"line":953,"column":78}},"136":{"start":{"line":955,"column":15},"end":{"line":965,"column":4}},"137":{"start":{"line":967,"column":2},"end":{"line":991,"column":5}},"138":{"start":{"line":968,"column":16},"end":{"line":987,"column":6}},"139":{"start":{"line":978,"column":17},"end":{"line":978,"column":19}},"140":{"start":{"line":979,"column":6},"end":{"line":979,"column":54}},"141":{"start":{"line":979,"column":36},"end":{"line":979,"column":50}},"142":{"start":{"line":980,"column":6},"end":{"line":986,"column":9}},"143":{"start":{"line":981,"column":8},"end":{"line":985,"column":34}},"144":{"start":{"line":982,"column":25},"end":{"line":982,"column":41}},"145":{"start":{"line":983,"column":10},"end":{"line":983,"column":105}},"146":{"start":{"line":983,"column":30},"end":{"line":983,"column":80}},"147":{"start":{"line":983,"column":81},"end":{"line":983,"column":95}},"148":{"start":{"line":983,"column":96},"end":{"line":983,"column":103}},"149":{"start":{"line":984,"column":10},"end":{"line":984,"column":73}},"150":{"start":{"line":985,"column":18},"end":{"line":985,"column":32}},"151":{"start":{"line":988,"column":4},"end":{"line":988,"column":95}},"152":{"start":{"line":988,"column":29},"end":{"line":988,"column":76}},"153":{"start":{"line":988,"column":77},"end":{"line":988,"column":91}},"154":{"start":{"line":989,"column":4},"end":{"line":989,"column":20}},"155":{"start":{"line":990,"column":4},"end":{"line":990,"column":14}},"156":{"start":{"line":996,"column":23},"end":{"line":996,"column":47}},"157":{"start":{"line":997,"column":2},"end":{"line":997,"column":79}},"158":{"start":{"line":997,"column":66},"end":{"line":997,"column":79}},"159":{"start":{"line":999,"column":15},"end":{"line":1009,"column":4}},"160":{"start":{"line":1011,"column":2},"end":{"line":1043,"column":5}},"161":{"start":{"line":1012,"column":16},"end":{"line":1039,"column":6}},"162":{"start":{"line":1022,"column":19},"end":{"line":1022,"column":21}},"163":{"start":{"line":1023,"column":6},"end":{"line":1037,"column":9}},"164":{"start":{"line":1024,"column":8},"end":{"line":1024,"column":35}},"165":{"start":{"line":1025,"column":22},"end":{"line":1025,"column":40}},"166":{"start":{"line":1026,"column":8},"end":{"line":1026,"column":29}},"167":{"start":{"line":1027,"column":8},"end":{"line":1036,"column":9}},"168":{"start":{"line":1028,"column":10},"end":{"line":1028,"column":51}},"169":{"start":{"line":1028,"column":42},"end":{"line":1028,"column":51}},"170":{"start":{"line":1029,"column":23},"end":{"line":1029,"column":43}},"171":{"start":{"line":1030,"column":10},"end":{"line":1030,"column":59}},"172":{"start":{"line":1030,"column":35},"end":{"line":1030,"column":49}},"173":{"start":{"line":1030,"column":50},"end":{"line":1030,"column":57}},"174":{"start":{"line":1031,"column":10},"end":{"line":1035,"column":20}},"175":{"start":{"line":1032,"column":27},"end":{"line":1032,"column":43}},"176":{"start":{"line":1033,"column":26},"end":{"line":1033,"column":67}},"177":{"start":{"line":1034,"column":12},"end":{"line":1034,"column":75}},"178":{"start":{"line":1034,"column":23},"end":{"line":1034,"column":75}},"179":{"start":{"line":1038,"column":6},"end":{"line":1038,"column":45}},"180":{"start":{"line":1038,"column":30},"end":{"line":1038,"column":43}},"181":{"start":{"line":1040,"column":4},"end":{"line":1040,"column":42}},"182":{"start":{"line":1040,"column":26},"end":{"line":1040,"column":40}},"183":{"start":{"line":1041,"column":4},"end":{"line":1041,"column":20}},"184":{"start":{"line":1042,"column":4},"end":{"line":1042,"column":14}},"185":{"start":{"line":1047,"column":21},"end":{"line":1049,"column":50}},"186":{"start":{"line":1051,"column":18},"end":{"line":1080,"column":4}},"187":{"start":{"line":1082,"column":2},"end":{"line":1098,"column":4}},"188":{"start":{"line":1102,"column":22},"end":{"line":1102,"column":85}},"189":{"start":{"line":1102,"column":49},"end":{"line":1102,"column":72}},"190":{"start":{"line":1103,"column":22},"end":{"line":1103,"column":99}},"191":{"start":{"line":1103,"column":48},"end":{"line":1103,"column":80}},"192":{"start":{"line":1104,"column":22},"end":{"line":1104,"column":101}},"193":{"start":{"line":1104,"column":51},"end":{"line":1104,"column":82}},"194":{"start":{"line":1105,"column":22},"end":{"line":1105,"column":90}},"195":{"start":{"line":1105,"column":51},"end":{"line":1105,"column":78}},"196":{"start":{"line":1106,"column":22},"end":{"line":1106,"column":109}},"197":{"start":{"line":1106,"column":58},"end":{"line":1106,"column":86}},"198":{"start":{"line":1107,"column":22},"end":{"line":1107,"column":132}},"199":{"start":{"line":1107,"column":53},"end":{"line":1107,"column":112}},"200":{"start":{"line":1108,"column":22},"end":{"line":1108,"column":94}},"201":{"start":{"line":1108,"column":61},"end":{"line":1108,"column":85}},"202":{"start":{"line":1109,"column":22},"end":{"line":1109,"column":128}},"203":{"start":{"line":1109,"column":57},"end":{"line":1109,"column":108}},"204":{"start":{"line":1110,"column":22},"end":{"line":1110,"column":106}},"205":{"start":{"line":1110,"column":54},"end":{"line":1110,"column":87}},"206":{"start":{"line":1111,"column":22},"end":{"line":1111,"column":101}},"207":{"start":{"line":1111,"column":56},"end":{"line":1111,"column":81}},"208":{"start":{"line":1113,"column":21},"end":{"line":1139,"column":8}},"209":{"start":{"line":1115,"column":25},"end":{"line":1115,"column":130}},"210":{"start":{"line":1116,"column":25},"end":{"line":1116,"column":130}},"211":{"start":{"line":1117,"column":25},"end":{"line":1119,"column":134}},"212":{"start":{"line":1121,"column":8},"end":{"line":1123,"column":9}},"213":{"start":{"line":1122,"column":10},"end":{"line":1122,"column":132}},"214":{"start":{"line":1125,"column":8},"end":{"line":1127,"column":9}},"215":{"start":{"line":1126,"column":10},"end":{"line":1126,"column":129}},"216":{"start":{"line":1129,"column":8},"end":{"line":1131,"column":9}},"217":{"start":{"line":1130,"column":10},"end":{"line":1130,"column":69}},"218":{"start":{"line":1132,"column":8},"end":{"line":1137,"column":66}},"219":{"start":{"line":1141,"column":2},"end":{"line":1183,"column":87}},"220":{"start":{"line":1190,"column":34},"end":{"line":1190,"column":42}},"221":{"start":{"line":1191,"column":15},"end":{"line":1191,"column":30}},"222":{"start":{"line":1193,"column":2},"end":{"line":1195,"column":3}},"223":{"start":{"line":1194,"column":4},"end":{"line":1194,"column":67}},"224":{"start":{"line":1197,"column":23},"end":{"line":1197,"column":35}},"225":{"start":{"line":1198,"column":23},"end":{"line":1198,"column":47}},"226":{"start":{"line":1199,"column":23},"end":{"line":1199,"column":106}},"227":{"start":{"line":1201,"column":2},"end":{"line":1291,"column":3}},"228":{"start":{"line":1203,"column":25},"end":{"line":1203,"column":60}},"229":{"start":{"line":1204,"column":4},"end":{"line":1204,"column":34}},"230":{"start":{"line":1205,"column":25},"end":{"line":1205,"column":51}},"231":{"start":{"line":1206,"column":4},"end":{"line":1208,"column":5}},"232":{"start":{"line":1207,"column":6},"end":{"line":1207,"column":87}},"233":{"start":{"line":1210,"column":4},"end":{"line":1219,"column":5}},"234":{"start":{"line":1211,"column":16},"end":{"line":1211,"column":42}},"235":{"start":{"line":1212,"column":6},"end":{"line":1218,"column":7}},"236":{"start":{"line":1213,"column":8},"end":{"line":1213,"column":130}},"237":{"start":{"line":1214,"column":13},"end":{"line":1218,"column":7}},"238":{"start":{"line":1215,"column":8},"end":{"line":1215,"column":130}},"239":{"start":{"line":1217,"column":8},"end":{"line":1217,"column":130}},"240":{"start":{"line":1221,"column":21},"end":{"line":1221,"column":23}},"241":{"start":{"line":1222,"column":21},"end":{"line":1222,"column":25}},"242":{"start":{"line":1223,"column":21},"end":{"line":1223,"column":38}},"243":{"start":{"line":1225,"column":23},"end":{"line":1225,"column":154}},"244":{"start":{"line":1226,"column":23},"end":{"line":1226,"column":111}},"245":{"start":{"line":1227,"column":4},"end":{"line":1239,"column":5}},"246":{"start":{"line":1228,"column":6},"end":{"line":1238,"column":66}},"247":{"start":{"line":1229,"column":8},"end":{"line":1229,"column":78}},"248":{"start":{"line":1230,"column":8},"end":{"line":1237,"column":9}},"249":{"start":{"line":1231,"column":10},"end":{"line":1236,"column":11}},"250":{"start":{"line":1232,"column":12},"end":{"line":1232,"column":42}},"251":{"start":{"line":1233,"column":17},"end":{"line":1236,"column":11}},"252":{"start":{"line":1234,"column":27},"end":{"line":1234,"column":68}},"253":{"start":{"line":1235,"column":12},"end":{"line":1235,"column":31}},"254":{"start":{"line":1242,"column":23},"end":{"line":1242,"column":42}},"255":{"start":{"line":1244,"column":24},"end":{"line":1253,"column":6}},"256":{"start":{"line":1254,"column":24},"end":{"line":1254,"column":61}},"257":{"start":{"line":1264,"column":4},"end":{"line":1264,"column":150}},"258":{"start":{"line":1264,"column":23},"end":{"line":1264,"column":150}},"259":{"start":{"line":1267,"column":24},"end":{"line":1267,"column":47}},"260":{"start":{"line":1268,"column":24},"end":{"line":1268,"column":55}},"261":{"start":{"line":1271,"column":4},"end":{"line":1276,"column":5}},"262":{"start":{"line":1272,"column":6},"end":{"line":1275,"column":24}},"263":{"start":{"line":1278,"column":4},"end":{"line":1287,"column":7}},"264":{"start":{"line":1289,"column":4},"end":{"line":1289,"column":56}},"265":{"start":{"line":1290,"column":4},"end":{"line":1290,"column":90}},"266":{"start":{"line":1298,"column":34},"end":{"line":1298,"column":42}},"267":{"start":{"line":1299,"column":15},"end":{"line":1299,"column":30}},"268":{"start":{"line":1301,"column":2},"end":{"line":1303,"column":3}},"269":{"start":{"line":1302,"column":4},"end":{"line":1302,"column":67}},"270":{"start":{"line":1305,"column":23},"end":{"line":1305,"column":35}},"271":{"start":{"line":1306,"column":23},"end":{"line":1306,"column":47}},"272":{"start":{"line":1307,"column":23},"end":{"line":1307,"column":106}},"273":{"start":{"line":1310,"column":2},"end":{"line":1310,"column":53}},"274":{"start":{"line":1311,"column":2},"end":{"line":1311,"column":45}},"275":{"start":{"line":1312,"column":2},"end":{"line":1312,"column":44}},"276":{"start":{"line":1313,"column":2},"end":{"line":1313,"column":52}},"277":{"start":{"line":1314,"column":2},"end":{"line":1314,"column":21}},"278":{"start":{"line":1316,"column":2},"end":{"line":1388,"column":3}},"279":{"start":{"line":1317,"column":24},"end":{"line":1317,"column":59}},"280":{"start":{"line":1318,"column":4},"end":{"line":1318,"column":33}},"281":{"start":{"line":1319,"column":24},"end":{"line":1319,"column":50}},"282":{"start":{"line":1320,"column":4},"end":{"line":1322,"column":5}},"283":{"start":{"line":1321,"column":6},"end":{"line":1321,"column":87}},"284":{"start":{"line":1324,"column":4},"end":{"line":1326,"column":5}},"285":{"start":{"line":1325,"column":6},"end":{"line":1325,"column":123}},"286":{"start":{"line":1328,"column":15},"end":{"line":1328,"column":17}},"287":{"start":{"line":1328,"column":32},"end":{"line":1328,"column":36}},"288":{"start":{"line":1328,"column":46},"end":{"line":1328,"column":63}},"289":{"start":{"line":1329,"column":23},"end":{"line":1329,"column":116}},"290":{"start":{"line":1330,"column":23},"end":{"line":1330,"column":72}},"291":{"start":{"line":1332,"column":4},"end":{"line":1340,"column":5}},"292":{"start":{"line":1333,"column":6},"end":{"line":1339,"column":16}},"293":{"start":{"line":1334,"column":8},"end":{"line":1334,"column":78}},"294":{"start":{"line":1335,"column":8},"end":{"line":1338,"column":9}},"295":{"start":{"line":1336,"column":10},"end":{"line":1337,"column":101}},"296":{"start":{"line":1336,"column":32},"end":{"line":1336,"column":62}},"297":{"start":{"line":1337,"column":15},"end":{"line":1337,"column":101}},"298":{"start":{"line":1337,"column":42},"end":{"line":1337,"column":83}},"299":{"start":{"line":1337,"column":85},"end":{"line":1337,"column":99}},"300":{"start":{"line":1342,"column":24},"end":{"line":1348,"column":6}},"301":{"start":{"line":1349,"column":24},"end":{"line":1349,"column":61}},"302":{"start":{"line":1350,"column":24},"end":{"line":1350,"column":47}},"303":{"start":{"line":1351,"column":24},"end":{"line":1351,"column":55}},"304":{"start":{"line":1354,"column":4},"end":{"line":1362,"column":14}},"305":{"start":{"line":1364,"column":4},"end":{"line":1371,"column":5}},"306":{"start":{"line":1365,"column":27},"end":{"line":1365,"column":58}},"307":{"start":{"line":1366,"column":27},"end":{"line":1366,"column":100}},"308":{"start":{"line":1367,"column":6},"end":{"line":1367,"column":72}},"309":{"start":{"line":1369,"column":23},"end":{"line":1369,"column":111}},"310":{"start":{"line":1370,"column":6},"end":{"line":1370,"column":68}},"311":{"start":{"line":1373,"column":4},"end":{"line":1373,"column":34}},"312":{"start":{"line":1376,"column":4},"end":{"line":1381,"column":5}},"313":{"start":{"line":1377,"column":6},"end":{"line":1380,"column":24}},"314":{"start":{"line":1384,"column":4},"end":{"line":1384,"column":55}},"315":{"start":{"line":1385,"column":4},"end":{"line":1385,"column":86}},"316":{"start":{"line":1387,"column":4},"end":{"line":1387,"column":14}},"317":{"start":{"line":1396,"column":22},"end":{"line":1407,"column":1}},"318":{"start":{"line":1409,"column":25},"end":{"line":1420,"column":1}},"319":{"start":{"line":1422,"column":24},"end":{"line":1429,"column":1}},"320":{"start":{"line":1432,"column":20},"end":{"line":1432,"column":38}},"321":{"start":{"line":1433,"column":14},"end":{"line":1433,"column":15}},"322":{"start":{"line":1434,"column":2},"end":{"line":1438,"column":3}},"323":{"start":{"line":1435,"column":4},"end":{"line":1437,"column":5}},"324":{"start":{"line":1436,"column":6},"end":{"line":1436,"column":38}},"325":{"start":{"line":1439,"column":2},"end":{"line":1439,"column":15}},"326":{"start":{"line":1443,"column":19},"end":{"line":1443,"column":70}},"327":{"start":{"line":1446,"column":21},"end":{"line":1449,"column":39}},"328":{"start":{"line":1446,"column":73},"end":{"line":1449,"column":3}},"329":{"start":{"line":1449,"column":21},"end":{"line":1449,"column":38}},"330":{"start":{"line":1452,"column":24},"end":{"line":1455,"column":39}},"331":{"start":{"line":1452,"column":79},"end":{"line":1455,"column":3}},"332":{"start":{"line":1455,"column":21},"end":{"line":1455,"column":38}},"333":{"start":{"line":1458,"column":23},"end":{"line":1461,"column":39}},"334":{"start":{"line":1458,"column":77},"end":{"line":1461,"column":3}},"335":{"start":{"line":1461,"column":21},"end":{"line":1461,"column":38}},"336":{"start":{"line":1463,"column":21},"end":{"line":1463,"column":54}},"337":{"start":{"line":1463,"column":42},"end":{"line":1463,"column":53}},"338":{"start":{"line":1464,"column":21},"end":{"line":1464,"column":57}},"339":{"start":{"line":1464,"column":45},"end":{"line":1464,"column":56}},"340":{"start":{"line":1465,"column":21},"end":{"line":1465,"column":56}},"341":{"start":{"line":1465,"column":44},"end":{"line":1465,"column":55}},"342":{"start":{"line":1467,"column":2},"end":{"line":1474,"column":4}},"343":{"start":{"line":1481,"column":49},"end":{"line":1481,"column":57}},"344":{"start":{"line":1483,"column":2},"end":{"line":1485,"column":3}},"345":{"start":{"line":1484,"column":4},"end":{"line":1484,"column":105}},"346":{"start":{"line":1487,"column":2},"end":{"line":1525,"column":3}},"347":{"start":{"line":1489,"column":26},"end":{"line":1489,"column":39}},"348":{"start":{"line":1490,"column":4},"end":{"line":1502,"column":5}},"349":{"start":{"line":1491,"column":18},"end":{"line":1491,"column":57}},"350":{"start":{"line":1492,"column":21},"end":{"line":1500,"column":7}},"351":{"start":{"line":1501,"column":6},"end":{"line":1501,"column":49}},"352":{"start":{"line":1504,"column":19},"end":{"line":1504,"column":69}},"353":{"start":{"line":1507,"column":24},"end":{"line":1509,"column":5}},"354":{"start":{"line":1510,"column":28},"end":{"line":1512,"column":5}},"355":{"start":{"line":1514,"column":4},"end":{"line":1521,"column":7}},"356":{"start":{"line":1523,"column":4},"end":{"line":1523,"column":63}},"357":{"start":{"line":1524,"column":4},"end":{"line":1524,"column":80}},"358":{"start":{"line":1532,"column":18},"end":{"line":1536,"column":1}},"359":{"start":{"line":1540,"column":19},"end":{"line":1540,"column":73}},"360":{"start":{"line":1541,"column":2},"end":{"line":1544,"column":3}},"361":{"start":{"line":1542,"column":24},"end":{"line":1542,"column":32}},"362":{"start":{"line":1543,"column":4},"end":{"line":1543,"column":60}},"363":{"start":{"line":1546,"column":14},"end":{"line":1546,"column":54}},"364":{"start":{"line":1547,"column":2},"end":{"line":1547,"column":24}},"365":{"start":{"line":1547,"column":11},"end":{"line":1547,"column":24}},"366":{"start":{"line":1549,"column":17},"end":{"line":1549,"column":72}},"367":{"start":{"line":1550,"column":2},"end":{"line":1554,"column":3}},"368":{"start":{"line":1551,"column":28},"end":{"line":1551,"column":34}},"369":{"start":{"line":1552,"column":17},"end":{"line":1552,"column":47}},"370":{"start":{"line":1553,"column":4},"end":{"line":1553,"column":81}},"371":{"start":{"line":1553,"column":14},"end":{"line":1553,"column":81}},"372":{"start":{"line":1555,"column":2},"end":{"line":1555,"column":14}},"373":{"start":{"line":1559,"column":2},"end":{"line":1559,"column":23}},"374":{"start":{"line":1559,"column":13},"end":{"line":1559,"column":23}},"375":{"start":{"line":1560,"column":16},"end":{"line":1560,"column":18}},"376":{"start":{"line":1561,"column":15},"end":{"line":1561,"column":24}},"377":{"start":{"line":1564,"column":19},"end":{"line":1573,"column":3}},"378":{"start":{"line":1576,"column":24},"end":{"line":1582,"column":3}},"379":{"start":{"line":1584,"column":2},"end":{"line":1606,"column":3}},"380":{"start":{"line":1585,"column":4},"end":{"line":1585,"column":26}},"381":{"start":{"line":1587,"column":4},"end":{"line":1605,"column":5}},"382":{"start":{"line":1588,"column":18},"end":{"line":1588,"column":38}},"383":{"start":{"line":1589,"column":18},"end":{"line":1589,"column":39}},"384":{"start":{"line":1590,"column":6},"end":{"line":1604,"column":7}},"385":{"start":{"line":1591,"column":8},"end":{"line":1591,"column":22}},"386":{"start":{"line":1593,"column":23},"end":{"line":1593,"column":77}},"387":{"start":{"line":1594,"column":23},"end":{"line":1594,"column":32}},"388":{"start":{"line":1595,"column":24},"end":{"line":1595,"column":39}},"389":{"start":{"line":1596,"column":8},"end":{"line":1602,"column":9}},"390":{"start":{"line":1597,"column":10},"end":{"line":1601,"column":11}},"391":{"start":{"line":1598,"column":12},"end":{"line":1598,"column":32}},"392":{"start":{"line":1599,"column":12},"end":{"line":1599,"column":34}},"393":{"start":{"line":1600,"column":12},"end":{"line":1600,"column":18}},"394":{"start":{"line":1603,"column":8},"end":{"line":1603,"column":102}},"395":{"start":{"line":1608,"column":2},"end":{"line":1608,"column":58}},"396":{"start":{"line":1608,"column":30},"end":{"line":1608,"column":56}},"397":{"start":{"line":1615,"column":49},"end":{"line":1615,"column":57}},"398":{"start":{"line":1617,"column":2},"end":{"line":1619,"column":3}},"399":{"start":{"line":1618,"column":4},"end":{"line":1618,"column":72}},"400":{"start":{"line":1621,"column":2},"end":{"line":1658,"column":3}},"401":{"start":{"line":1622,"column":21},"end":{"line":1622,"column":72}},"402":{"start":{"line":1623,"column":18},"end":{"line":1623,"column":48}},"403":{"start":{"line":1626,"column":19},"end":{"line":1638,"column":5}},"404":{"start":{"line":1629,"column":40},"end":{"line":1629,"column":66}},"405":{"start":{"line":1630,"column":40},"end":{"line":1630,"column":66}},"406":{"start":{"line":1631,"column":40},"end":{"line":1631,"column":64}},"407":{"start":{"line":1632,"column":40},"end":{"line":1632,"column":67}},"408":{"start":{"line":1641,"column":4},"end":{"line":1652,"column":5}},"409":{"start":{"line":1642,"column":24},"end":{"line":1645,"column":7}},"410":{"start":{"line":1646,"column":6},"end":{"line":1651,"column":7}},"411":{"start":{"line":1647,"column":8},"end":{"line":1650,"column":10}},"412":{"start":{"line":1654,"column":4},"end":{"line":1654,"column":28}},"413":{"start":{"line":1656,"column":4},"end":{"line":1656,"column":54}},"414":{"start":{"line":1657,"column":4},"end":{"line":1657,"column":85}},"415":{"start":{"line":1666,"column":19},"end":{"line":1672,"column":1}},"416":{"start":{"line":1675,"column":26},"end":{"line":1675,"column":28}},"417":{"start":{"line":1678,"column":20},"end":{"line":1690,"column":35}},"418":{"start":{"line":1692,"column":2},"end":{"line":1708,"column":3}},"419":{"start":{"line":1693,"column":18},"end":{"line":1693,"column":68}},"420":{"start":{"line":1694,"column":4},"end":{"line":1707,"column":5}},"421":{"start":{"line":1695,"column":6},"end":{"line":1706,"column":9}},"422":{"start":{"line":1711,"column":23},"end":{"line":1728,"column":4}},"423":{"start":{"line":1730,"column":2},"end":{"line":1742,"column":3}},"424":{"start":{"line":1731,"column":4},"end":{"line":1741,"column":7}},"425":{"start":{"line":1745,"column":21},"end":{"line":1773,"column":39}},"426":{"start":{"line":1775,"column":2},"end":{"line":1789,"column":3}},"427":{"start":{"line":1776,"column":4},"end":{"line":1788,"column":5}},"428":{"start":{"line":1777,"column":6},"end":{"line":1787,"column":9}},"429":{"start":{"line":1792,"column":25},"end":{"line":1808,"column":31}},"430":{"start":{"line":1810,"column":2},"end":{"line":1822,"column":3}},"431":{"start":{"line":1811,"column":4},"end":{"line":1821,"column":7}},"432":{"start":{"line":1825,"column":21},"end":{"line":1839,"column":4}},"433":{"start":{"line":1841,"column":15},"end":{"line":1841,"column":33}},"434":{"start":{"line":1842,"column":16},"end":{"line":1842,"column":41}},"435":{"start":{"line":1844,"column":22},"end":{"line":1849,"column":4}},"436":{"start":{"line":1852,"column":25},"end":{"line":1852,"column":72}},"437":{"start":{"line":1853,"column":2},"end":{"line":1853,"column":104}},"438":{"start":{"line":1853,"column":33},"end":{"line":1853,"column":102}},"439":{"start":{"line":1855,"column":2},"end":{"line":1871,"column":4}},"440":{"start":{"line":1878,"column":64},"end":{"line":1878,"column":70}},"441":{"start":{"line":1880,"column":22},"end":{"line":1884,"column":18}},"442":{"start":{"line":1883,"column":8},"end":{"line":1883,"column":60}},"443":{"start":{"line":1886,"column":23},"end":{"line":1888,"column":62}},"444":{"start":{"line":1890,"column":20},"end":{"line":1914,"column":2}},"445":{"start":{"line":1916,"column":2},"end":{"line":1925,"column":3}},"446":{"start":{"line":1917,"column":16},"end":{"line":1917,"column":60}},"447":{"start":{"line":1918,"column":4},"end":{"line":1918,"column":26}},"448":{"start":{"line":1918,"column":14},"end":{"line":1918,"column":26}},"449":{"start":{"line":1920,"column":18},"end":{"line":1920,"column":42}},"450":{"start":{"line":1921,"column":4},"end":{"line":1921,"column":28}},"451":{"start":{"line":1921,"column":16},"end":{"line":1921,"column":28}},"452":{"start":{"line":1922,"column":4},"end":{"line":1922,"column":32}},"453":{"start":{"line":1924,"column":4},"end":{"line":1924,"column":16}},"454":{"start":{"line":1932,"column":15},"end":{"line":1932,"column":30}},"455":{"start":{"line":1933,"column":15},"end":{"line":1933,"column":25}},"456":{"start":{"line":1935,"column":2},"end":{"line":1939,"column":3}},"457":{"start":{"line":1936,"column":4},"end":{"line":1938,"column":7}},"458":{"start":{"line":1941,"column":2},"end":{"line":1949,"column":3}},"459":{"start":{"line":1942,"column":19},"end":{"line":1942,"column":46}},"460":{"start":{"line":1944,"column":25},"end":{"line":1944,"column":67}},"461":{"start":{"line":1945,"column":4},"end":{"line":1945,"column":49}},"462":{"start":{"line":1947,"column":4},"end":{"line":1947,"column":61}},"463":{"start":{"line":1948,"column":4},"end":{"line":1948,"column":96}},"464":{"start":{"line":1956,"column":15},"end":{"line":1956,"column":30}},"465":{"start":{"line":1957,"column":15},"end":{"line":1957,"column":25}},"466":{"start":{"line":1959,"column":2},"end":{"line":1961,"column":3}},"467":{"start":{"line":1960,"column":4},"end":{"line":1960,"column":80}},"468":{"start":{"line":1963,"column":2},"end":{"line":1982,"column":3}},"469":{"start":{"line":1964,"column":18},"end":{"line":1964,"column":49}},"470":{"start":{"line":1965,"column":19},"end":{"line":1973,"column":15}},"471":{"start":{"line":1975,"column":4},"end":{"line":1978,"column":7}},"472":{"start":{"line":1980,"column":4},"end":{"line":1980,"column":53}},"473":{"start":{"line":1981,"column":4},"end":{"line":1981,"column":87}},"474":{"start":{"line":1985,"column":0},"end":{"line":1993,"column":2}}},"fnMap":{"0":{"name":"ensureAITables","decl":{"start":{"line":16,"column":15},"end":{"line":16,"column":29}},"loc":{"start":{"line":16,"column":32},"end":{"line":34,"column":1}},"line":16},"1":{"name":"loadTypeCache","decl":{"start":{"line":253,"column":15},"end":{"line":253,"column":28}},"loc":{"start":{"line":253,"column":31},"end":{"line":260,"column":1}},"line":253},"2":{"name":"extractEntities","decl":{"start":{"line":263,"column":15},"end":{"line":263,"column":30}},"loc":{"start":{"line":263,"column":38},"end":{"line":301,"column":1}},"line":263},"3":{"name":"(anonymous_3)","decl":{"start":{"line":283,"column":30},"end":{"line":283,"column":31}},"loc":{"start":{"line":283,"column":35},"end":{"line":283,"column":81}},"line":283},"4":{"name":"(anonymous_4)","decl":{"start":{"line":289,"column":33},"end":{"line":289,"column":34}},"loc":{"start":{"line":289,"column":38},"end":{"line":292,"column":7}},"line":289},"5":{"name":"(anonymous_5)","decl":{"start":{"line":290,"column":64},"end":{"line":290,"column":65}},"loc":{"start":{"line":290,"column":69},"end":{"line":290,"column":82}},"line":290},"6":{"name":"(anonymous_6)","decl":{"start":{"line":291,"column":26},"end":{"line":291,"column":27}},"loc":{"start":{"line":291,"column":31},"end":{"line":291,"column":49}},"line":291},"7":{"name":"detectIntent","decl":{"start":{"line":304,"column":9},"end":{"line":304,"column":21}},"loc":{"start":{"line":304,"column":29},"end":{"line":312,"column":1}},"line":304},"8":{"name":"buildSQLForIntent","decl":{"start":{"line":315,"column":15},"end":{"line":315,"column":32}},"loc":{"start":{"line":315,"column":57},"end":{"line":944,"column":1}},"line":315},"9":{"name":"(anonymous_9)","decl":{"start":{"line":462,"column":42},"end":{"line":462,"column":43}},"loc":{"start":{"line":462,"column":54},"end":{"line":462,"column":82}},"line":462},"10":{"name":"(anonymous_10)","decl":{"start":{"line":465,"column":37},"end":{"line":465,"column":38}},"loc":{"start":{"line":465,"column":43},"end":{"line":465,"column":96}},"line":465},"11":{"name":"(anonymous_11)","decl":{"start":{"line":776,"column":49},"end":{"line":776,"column":50}},"loc":{"start":{"line":776,"column":59},"end":{"line":776,"column":80}},"line":776},"12":{"name":"(anonymous_12)","decl":{"start":{"line":778,"column":41},"end":{"line":778,"column":42}},"loc":{"start":{"line":778,"column":47},"end":{"line":778,"column":138}},"line":778},"13":{"name":"(anonymous_13)","decl":{"start":{"line":809,"column":39},"end":{"line":809,"column":40}},"loc":{"start":{"line":809,"column":45},"end":{"line":809,"column":123}},"line":809},"14":{"name":"(anonymous_14)","decl":{"start":{"line":839,"column":43},"end":{"line":839,"column":44}},"loc":{"start":{"line":839,"column":49},"end":{"line":839,"column":93}},"line":839},"15":{"name":"callGeminiLLM","decl":{"start":{"line":951,"column":15},"end":{"line":951,"column":28}},"loc":{"start":{"line":951,"column":68},"end":{"line":992,"column":1}},"line":951},"16":{"name":"(anonymous_16)","decl":{"start":{"line":967,"column":21},"end":{"line":967,"column":22}},"loc":{"start":{"line":967,"column":34},"end":{"line":991,"column":3}},"line":967},"17":{"name":"(anonymous_17)","decl":{"start":{"line":977,"column":7},"end":{"line":977,"column":8}},"loc":{"start":{"line":977,"column":20},"end":{"line":987,"column":5}},"line":977},"18":{"name":"(anonymous_18)","decl":{"start":{"line":979,"column":25},"end":{"line":979,"column":26}},"loc":{"start":{"line":979,"column":34},"end":{"line":979,"column":52}},"line":979},"19":{"name":"(anonymous_19)","decl":{"start":{"line":980,"column":24},"end":{"line":980,"column":25}},"loc":{"start":{"line":980,"column":30},"end":{"line":986,"column":7}},"line":980},"20":{"name":"(anonymous_20)","decl":{"start":{"line":988,"column":20},"end":{"line":988,"column":21}},"loc":{"start":{"line":988,"column":27},"end":{"line":988,"column":93}},"line":988},"21":{"name":"callGroqLLMStream","decl":{"start":{"line":995,"column":15},"end":{"line":995,"column":32}},"loc":{"start":{"line":995,"column":77},"end":{"line":1044,"column":1}},"line":995},"22":{"name":"(anonymous_22)","decl":{"start":{"line":1011,"column":21},"end":{"line":1011,"column":22}},"loc":{"start":{"line":1011,"column":34},"end":{"line":1043,"column":3}},"line":1011},"23":{"name":"(anonymous_23)","decl":{"start":{"line":1021,"column":7},"end":{"line":1021,"column":8}},"loc":{"start":{"line":1021,"column":20},"end":{"line":1039,"column":5}},"line":1021},"24":{"name":"(anonymous_24)","decl":{"start":{"line":1023,"column":25},"end":{"line":1023,"column":26}},"loc":{"start":{"line":1023,"column":34},"end":{"line":1037,"column":7}},"line":1023},"25":{"name":"(anonymous_25)","decl":{"start":{"line":1038,"column":24},"end":{"line":1038,"column":25}},"loc":{"start":{"line":1038,"column":30},"end":{"line":1038,"column":43}},"line":1038},"26":{"name":"(anonymous_26)","decl":{"start":{"line":1040,"column":20},"end":{"line":1040,"column":21}},"loc":{"start":{"line":1040,"column":26},"end":{"line":1040,"column":40}},"line":1040},"27":{"name":"fetchDBSnapshot","decl":{"start":{"line":1046,"column":15},"end":{"line":1046,"column":30}},"loc":{"start":{"line":1046,"column":46},"end":{"line":1099,"column":1}},"line":1046},"28":{"name":"buildSystemPrompt","decl":{"start":{"line":1101,"column":9},"end":{"line":1101,"column":26}},"loc":{"start":{"line":1101,"column":67},"end":{"line":1184,"column":1}},"line":1101},"29":{"name":"(anonymous_29)","decl":{"start":{"line":1102,"column":44},"end":{"line":1102,"column":45}},"loc":{"start":{"line":1102,"column":49},"end":{"line":1102,"column":72}},"line":1102},"30":{"name":"(anonymous_30)","decl":{"start":{"line":1103,"column":43},"end":{"line":1103,"column":44}},"loc":{"start":{"line":1103,"column":48},"end":{"line":1103,"column":80}},"line":1103},"31":{"name":"(anonymous_31)","decl":{"start":{"line":1104,"column":46},"end":{"line":1104,"column":47}},"loc":{"start":{"line":1104,"column":51},"end":{"line":1104,"column":82}},"line":1104},"32":{"name":"(anonymous_32)","decl":{"start":{"line":1105,"column":46},"end":{"line":1105,"column":47}},"loc":{"start":{"line":1105,"column":51},"end":{"line":1105,"column":78}},"line":1105},"33":{"name":"(anonymous_33)","decl":{"start":{"line":1106,"column":53},"end":{"line":1106,"column":54}},"loc":{"start":{"line":1106,"column":58},"end":{"line":1106,"column":86}},"line":1106},"34":{"name":"(anonymous_34)","decl":{"start":{"line":1107,"column":48},"end":{"line":1107,"column":49}},"loc":{"start":{"line":1107,"column":53},"end":{"line":1107,"column":112}},"line":1107},"35":{"name":"(anonymous_35)","decl":{"start":{"line":1108,"column":51},"end":{"line":1108,"column":52}},"loc":{"start":{"line":1108,"column":61},"end":{"line":1108,"column":85}},"line":1108},"36":{"name":"(anonymous_36)","decl":{"start":{"line":1109,"column":52},"end":{"line":1109,"column":53}},"loc":{"start":{"line":1109,"column":57},"end":{"line":1109,"column":108}},"line":1109},"37":{"name":"(anonymous_37)","decl":{"start":{"line":1110,"column":49},"end":{"line":1110,"column":50}},"loc":{"start":{"line":1110,"column":54},"end":{"line":1110,"column":87}},"line":1110},"38":{"name":"(anonymous_38)","decl":{"start":{"line":1111,"column":51},"end":{"line":1111,"column":52}},"loc":{"start":{"line":1111,"column":56},"end":{"line":1111,"column":81}},"line":1111},"39":{"name":"(anonymous_39)","decl":{"start":{"line":1114,"column":105},"end":{"line":1114,"column":106}},"loc":{"start":{"line":1114,"column":110},"end":{"line":1138,"column":7}},"line":1114},"40":{"name":"handleChatQuery","decl":{"start":{"line":1189,"column":15},"end":{"line":1189,"column":30}},"loc":{"start":{"line":1189,"column":41},"end":{"line":1292,"column":1}},"line":1189},"41":{"name":"(anonymous_41)","decl":{"start":{"line":1275,"column":14},"end":{"line":1275,"column":15}},"loc":{"start":{"line":1275,"column":20},"end":{"line":1275,"column":22}},"line":1275},"42":{"name":"handleStreamQuery","decl":{"start":{"line":1297,"column":15},"end":{"line":1297,"column":32}},"loc":{"start":{"line":1297,"column":43},"end":{"line":1389,"column":1}},"line":1297},"43":{"name":"(anonymous_43)","decl":{"start":{"line":1380,"column":14},"end":{"line":1380,"column":15}},"loc":{"start":{"line":1380,"column":20},"end":{"line":1380,"column":22}},"line":1380},"44":{"name":"computeScore","decl":{"start":{"line":1431,"column":9},"end":{"line":1431,"column":21}},"loc":{"start":{"line":1431,"column":38},"end":{"line":1440,"column":1}},"line":1431},"45":{"name":"classifyDocument","decl":{"start":{"line":1442,"column":9},"end":{"line":1442,"column":25}},"loc":{"start":{"line":1442,"column":52},"end":{"line":1475,"column":1}},"line":1442},"46":{"name":"(anonymous_46)","decl":{"start":{"line":1446,"column":55},"end":{"line":1446,"column":56}},"loc":{"start":{"line":1446,"column":73},"end":{"line":1449,"column":3}},"line":1446},"47":{"name":"(anonymous_47)","decl":{"start":{"line":1449,"column":11},"end":{"line":1449,"column":12}},"loc":{"start":{"line":1449,"column":21},"end":{"line":1449,"column":38}},"line":1449},"48":{"name":"(anonymous_48)","decl":{"start":{"line":1452,"column":61},"end":{"line":1452,"column":62}},"loc":{"start":{"line":1452,"column":79},"end":{"line":1455,"column":3}},"line":1452},"49":{"name":"(anonymous_49)","decl":{"start":{"line":1455,"column":11},"end":{"line":1455,"column":12}},"loc":{"start":{"line":1455,"column":21},"end":{"line":1455,"column":38}},"line":1455},"50":{"name":"(anonymous_50)","decl":{"start":{"line":1458,"column":59},"end":{"line":1458,"column":60}},"loc":{"start":{"line":1458,"column":77},"end":{"line":1461,"column":3}},"line":1458},"51":{"name":"(anonymous_51)","decl":{"start":{"line":1461,"column":11},"end":{"line":1461,"column":12}},"loc":{"start":{"line":1461,"column":21},"end":{"line":1461,"column":38}},"line":1461},"52":{"name":"(anonymous_52)","decl":{"start":{"line":1463,"column":37},"end":{"line":1463,"column":38}},"loc":{"start":{"line":1463,"column":42},"end":{"line":1463,"column":53}},"line":1463},"53":{"name":"(anonymous_53)","decl":{"start":{"line":1464,"column":40},"end":{"line":1464,"column":41}},"loc":{"start":{"line":1464,"column":45},"end":{"line":1464,"column":56}},"line":1464},"54":{"name":"(anonymous_54)","decl":{"start":{"line":1465,"column":39},"end":{"line":1465,"column":40}},"loc":{"start":{"line":1465,"column":44},"end":{"line":1465,"column":55}},"line":1465},"55":{"name":"handleClassification","decl":{"start":{"line":1480,"column":15},"end":{"line":1480,"column":35}},"loc":{"start":{"line":1480,"column":46},"end":{"line":1526,"column":1}},"line":1480},"56":{"name":"parseDate","decl":{"start":{"line":1538,"column":9},"end":{"line":1538,"column":18}},"loc":{"start":{"line":1538,"column":26},"end":{"line":1556,"column":1}},"line":1538},"57":{"name":"extractDatesFromText","decl":{"start":{"line":1558,"column":9},"end":{"line":1558,"column":29}},"loc":{"start":{"line":1558,"column":36},"end":{"line":1609,"column":1}},"line":1558},"58":{"name":"(anonymous_58)","decl":{"start":{"line":1608,"column":20},"end":{"line":1608,"column":21}},"loc":{"start":{"line":1608,"column":30},"end":{"line":1608,"column":56}},"line":1608},"59":{"name":"handleDateExtraction","decl":{"start":{"line":1614,"column":15},"end":{"line":1614,"column":35}},"loc":{"start":{"line":1614,"column":46},"end":{"line":1659,"column":1}},"line":1614},"60":{"name":"(anonymous_60)","decl":{"start":{"line":1629,"column":35},"end":{"line":1629,"column":36}},"loc":{"start":{"line":1629,"column":40},"end":{"line":1629,"column":66}},"line":1629},"61":{"name":"(anonymous_61)","decl":{"start":{"line":1630,"column":35},"end":{"line":1630,"column":36}},"loc":{"start":{"line":1630,"column":40},"end":{"line":1630,"column":66}},"line":1630},"62":{"name":"(anonymous_62)","decl":{"start":{"line":1631,"column":35},"end":{"line":1631,"column":36}},"loc":{"start":{"line":1631,"column":40},"end":{"line":1631,"column":64}},"line":1631},"63":{"name":"(anonymous_63)","decl":{"start":{"line":1632,"column":35},"end":{"line":1632,"column":36}},"loc":{"start":{"line":1632,"column":40},"end":{"line":1632,"column":67}},"line":1632},"64":{"name":"computeImprovements","decl":{"start":{"line":1674,"column":15},"end":{"line":1674,"column":34}},"loc":{"start":{"line":1674,"column":37},"end":{"line":1872,"column":1}},"line":1674},"65":{"name":"(anonymous_65)","decl":{"start":{"line":1853,"column":23},"end":{"line":1853,"column":24}},"loc":{"start":{"line":1853,"column":33},"end":{"line":1853,"column":102}},"line":1853},"66":{"name":"buildImprovementsAISynthesis","decl":{"start":{"line":1877,"column":15},"end":{"line":1877,"column":43}},"loc":{"start":{"line":1877,"column":52},"end":{"line":1926,"column":1}},"line":1877},"67":{"name":"(anonymous_67)","decl":{"start":{"line":1882,"column":26},"end":{"line":1882,"column":27}},"loc":{"start":{"line":1883,"column":8},"end":{"line":1883,"column":60}},"line":1883},"68":{"name":"getImprovements","decl":{"start":{"line":1931,"column":15},"end":{"line":1931,"column":30}},"loc":{"start":{"line":1931,"column":41},"end":{"line":1950,"column":1}},"line":1931},"69":{"name":"getQueryLogs","decl":{"start":{"line":1955,"column":15},"end":{"line":1955,"column":27}},"loc":{"start":{"line":1955,"column":38},"end":{"line":1983,"column":1}},"line":1955}},"branchMap":{"0":{"loc":{"start":{"line":255,"column":2},"end":{"line":255,"column":70}},"type":"if","locations":[{"start":{"line":255,"column":2},"end":{"line":255,"column":70}},{"start":{},"end":{}}],"line":255},"1":{"loc":{"start":{"line":255,"column":6},"end":{"line":255,"column":50}},"type":"binary-expr","locations":[{"start":{"line":255,"column":6},"end":{"line":255,"column":16}},{"start":{"line":255,"column":20},"end":{"line":255,"column":50}}],"line":255},"2":{"loc":{"start":{"line":269,"column":2},"end":{"line":269,"column":64}},"type":"if","locations":[{"start":{"line":269,"column":2},"end":{"line":269,"column":64}},{"start":{},"end":{}}],"line":269},"3":{"loc":{"start":{"line":273,"column":2},"end":{"line":273,"column":71}},"type":"if","locations":[{"start":{"line":273,"column":2},"end":{"line":273,"column":71}},{"start":{},"end":{}}],"line":273},"4":{"loc":{"start":{"line":277,"column":2},"end":{"line":277,"column":53}},"type":"if","locations":[{"start":{"line":277,"column":2},"end":{"line":277,"column":53}},{"start":{},"end":{}}],"line":277},"5":{"loc":{"start":{"line":284,"column":4},"end":{"line":297,"column":5}},"type":"if","locations":[{"start":{"line":284,"column":4},"end":{"line":297,"column":5}},{"start":{"line":287,"column":11},"end":{"line":297,"column":5}}],"line":284},"6":{"loc":{"start":{"line":293,"column":6},"end":{"line":296,"column":7}},"type":"if","locations":[{"start":{"line":293,"column":6},"end":{"line":296,"column":7}},{"start":{},"end":{}}],"line":293},"7":{"loc":{"start":{"line":306,"column":4},"end":{"line":308,"column":5}},"type":"if","locations":[{"start":{"line":306,"column":4},"end":{"line":308,"column":5}},{"start":{},"end":{}}],"line":306},"8":{"loc":{"start":{"line":331,"column":2},"end":{"line":943,"column":3}},"type":"switch","locations":[{"start":{"line":332,"column":4},"end":{"line":343,"column":8}},{"start":{"line":345,"column":4},"end":{"line":354,"column":8}},{"start":{"line":356,"column":4},"end":{"line":409,"column":8}},{"start":{"line":411,"column":4},"end":{"line":420,"column":8}},{"start":{"line":422,"column":4},"end":{"line":434,"column":8}},{"start":{"line":436,"column":4},"end":{"line":448,"column":8}},{"start":{"line":450,"column":4},"end":{"line":469,"column":5}},{"start":{"line":471,"column":4},"end":{"line":494,"column":8}},{"start":{"line":496,"column":4},"end":{"line":505,"column":8}},{"start":{"line":507,"column":4},"end":{"line":516,"column":8}},{"start":{"line":518,"column":4},"end":{"line":528,"column":8}},{"start":{"line":530,"column":4},"end":{"line":539,"column":8}},{"start":{"line":541,"column":4},"end":{"line":578,"column":5}},{"start":{"line":580,"column":4},"end":{"line":594,"column":5}},{"start":{"line":596,"column":4},"end":{"line":622,"column":5}},{"start":{"line":624,"column":4},"end":{"line":652,"column":5}},{"start":{"line":654,"column":4},"end":{"line":662,"column":8}},{"start":{"line":664,"column":4},"end":{"line":673,"column":8}},{"start":{"line":675,"column":4},"end":{"line":683,"column":8}},{"start":{"line":685,"column":4},"end":{"line":694,"column":8}},{"start":{"line":696,"column":4},"end":{"line":707,"column":8}},{"start":{"line":709,"column":4},"end":{"line":727,"column":5}},{"start":{"line":729,"column":4},"end":{"line":744,"column":5}},{"start":{"line":746,"column":4},"end":{"line":765,"column":8}},{"start":{"line":767,"column":4},"end":{"line":784,"column":5}},{"start":{"line":786,"column":4},"end":{"line":815,"column":5}},{"start":{"line":817,"column":4},"end":{"line":845,"column":5}},{"start":{"line":847,"column":4},"end":{"line":869,"column":5}},{"start":{"line":871,"column":4},"end":{"line":903,"column":5}},{"start":{"line":905,"column":4},"end":{"line":910,"column":8}},{"start":{"line":912,"column":4},"end":{"line":918,"column":8}},{"start":{"line":920,"column":4},"end":{"line":942,"column":5}}],"line":331},"9":{"loc":{"start":{"line":357,"column":6},"end":{"line":384,"column":7}},"type":"if","locations":[{"start":{"line":357,"column":6},"end":{"line":384,"column":7}},{"start":{},"end":{}}],"line":357},"10":{"loc":{"start":{"line":423,"column":6},"end":{"line":425,"column":7}},"type":"if","locations":[{"start":{"line":423,"column":6},"end":{"line":425,"column":7}},{"start":{},"end":{}}],"line":423},"11":{"loc":{"start":{"line":437,"column":6},"end":{"line":439,"column":7}},"type":"if","locations":[{"start":{"line":437,"column":6},"end":{"line":439,"column":7}},{"start":{},"end":{}}],"line":437},"12":{"loc":{"start":{"line":451,"column":6},"end":{"line":453,"column":7}},"type":"if","locations":[{"start":{"line":451,"column":6},"end":{"line":453,"column":7}},{"start":{},"end":{}}],"line":451},"13":{"loc":{"start":{"line":542,"column":6},"end":{"line":552,"column":7}},"type":"if","locations":[{"start":{"line":542,"column":6},"end":{"line":552,"column":7}},{"start":{},"end":{}}],"line":542},"14":{"loc":{"start":{"line":553,"column":6},"end":{"line":563,"column":7}},"type":"if","locations":[{"start":{"line":553,"column":6},"end":{"line":563,"column":7}},{"start":{},"end":{}}],"line":553},"15":{"loc":{"start":{"line":598,"column":6},"end":{"line":608,"column":7}},"type":"if","locations":[{"start":{"line":598,"column":6},"end":{"line":608,"column":7}},{"start":{},"end":{}}],"line":598},"16":{"loc":{"start":{"line":626,"column":6},"end":{"line":637,"column":7}},"type":"if","locations":[{"start":{"line":626,"column":6},"end":{"line":637,"column":7}},{"start":{},"end":{}}],"line":626},"17":{"loc":{"start":{"line":711,"column":6},"end":{"line":717,"column":7}},"type":"if","locations":[{"start":{"line":711,"column":6},"end":{"line":717,"column":7}},{"start":{},"end":{}}],"line":711},"18":{"loc":{"start":{"line":778,"column":55},"end":{"line":778,"column":76}},"type":"binary-expr","locations":[{"start":{"line":778,"column":55},"end":{"line":778,"column":61}},{"start":{"line":778,"column":65},"end":{"line":778,"column":76}}],"line":778},"19":{"loc":{"start":{"line":863,"column":63},"end":{"line":863,"column":92}},"type":"binary-expr","locations":[{"start":{"line":863,"column":63},"end":{"line":863,"column":87}},{"start":{"line":863,"column":91},"end":{"line":863,"column":92}}],"line":863},"20":{"loc":{"start":{"line":873,"column":6},"end":{"line":881,"column":7}},"type":"if","locations":[{"start":{"line":873,"column":6},"end":{"line":881,"column":7}},{"start":{},"end":{}}],"line":873},"21":{"loc":{"start":{"line":890,"column":30},"end":{"line":890,"column":50}},"type":"binary-expr","locations":[{"start":{"line":890,"column":30},"end":{"line":890,"column":45}},{"start":{"line":890,"column":49},"end":{"line":890,"column":50}}],"line":890},"22":{"loc":{"start":{"line":891,"column":30},"end":{"line":891,"column":50}},"type":"binary-expr","locations":[{"start":{"line":891,"column":30},"end":{"line":891,"column":44}},{"start":{"line":891,"column":49},"end":{"line":891,"column":50}}],"line":891},"23":{"loc":{"start":{"line":921,"column":25},"end":{"line":921,"column":116}},"type":"binary-expr","locations":[{"start":{"line":921,"column":25},"end":{"line":921,"column":42}},{"start":{"line":921,"column":46},"end":{"line":921,"column":64}},{"start":{"line":921,"column":68},"end":{"line":921,"column":92}},{"start":{"line":921,"column":96},"end":{"line":921,"column":116}}],"line":921},"24":{"loc":{"start":{"line":922,"column":6},"end":{"line":929,"column":7}},"type":"if","locations":[{"start":{"line":922,"column":6},"end":{"line":929,"column":7}},{"start":{},"end":{}}],"line":922},"25":{"loc":{"start":{"line":951,"column":54},"end":{"line":951,"column":66}},"type":"default-arg","locations":[{"start":{"line":951,"column":64},"end":{"line":951,"column":66}}],"line":951},"26":{"loc":{"start":{"line":953,"column":2},"end":{"line":953,"column":78}},"type":"if","locations":[{"start":{"line":953,"column":2},"end":{"line":953,"column":78}},{"start":{},"end":{}}],"line":953},"27":{"loc":{"start":{"line":953,"column":6},"end":{"line":953,"column":64}},"type":"binary-expr","locations":[{"start":{"line":953,"column":6},"end":{"line":953,"column":19}},{"start":{"line":953,"column":23},"end":{"line":953,"column":64}}],"line":953},"28":{"loc":{"start":{"line":983,"column":10},"end":{"line":983,"column":105}},"type":"if","locations":[{"start":{"line":983,"column":10},"end":{"line":983,"column":105}},{"start":{},"end":{}}],"line":983},"29":{"loc":{"start":{"line":984,"column":18},"end":{"line":984,"column":71}},"type":"binary-expr","locations":[{"start":{"line":984,"column":18},"end":{"line":984,"column":63}},{"start":{"line":984,"column":67},"end":{"line":984,"column":71}}],"line":984},"30":{"loc":{"start":{"line":995,"column":58},"end":{"line":995,"column":70}},"type":"default-arg","locations":[{"start":{"line":995,"column":68},"end":{"line":995,"column":70}}],"line":995},"31":{"loc":{"start":{"line":997,"column":2},"end":{"line":997,"column":79}},"type":"if","locations":[{"start":{"line":997,"column":2},"end":{"line":997,"column":79}},{"start":{},"end":{}}],"line":997},"32":{"loc":{"start":{"line":997,"column":6},"end":{"line":997,"column":64}},"type":"binary-expr","locations":[{"start":{"line":997,"column":6},"end":{"line":997,"column":19}},{"start":{"line":997,"column":23},"end":{"line":997,"column":64}}],"line":997},"33":{"loc":{"start":{"line":1028,"column":10},"end":{"line":1028,"column":51}},"type":"if","locations":[{"start":{"line":1028,"column":10},"end":{"line":1028,"column":51}},{"start":{},"end":{}}],"line":1028},"34":{"loc":{"start":{"line":1030,"column":10},"end":{"line":1030,"column":59}},"type":"if","locations":[{"start":{"line":1030,"column":10},"end":{"line":1030,"column":59}},{"start":{},"end":{}}],"line":1030},"35":{"loc":{"start":{"line":1033,"column":26},"end":{"line":1033,"column":67}},"type":"binary-expr","locations":[{"start":{"line":1033,"column":26},"end":{"line":1033,"column":61}},{"start":{"line":1033,"column":65},"end":{"line":1033,"column":67}}],"line":1033},"36":{"loc":{"start":{"line":1034,"column":12},"end":{"line":1034,"column":75}},"type":"if","locations":[{"start":{"line":1034,"column":12},"end":{"line":1034,"column":75}},{"start":{},"end":{}}],"line":1034},"37":{"loc":{"start":{"line":1046,"column":31},"end":{"line":1046,"column":44}},"type":"default-arg","locations":[{"start":{"line":1046,"column":40},"end":{"line":1046,"column":44}}],"line":1046},"38":{"loc":{"start":{"line":1047,"column":21},"end":{"line":1049,"column":50}},"type":"cond-expr","locations":[{"start":{"line":1048,"column":6},"end":{"line":1048,"column":143}},{"start":{"line":1049,"column":6},"end":{"line":1049,"column":50}}],"line":1047},"39":{"loc":{"start":{"line":1083,"column":22},"end":{"line":1083,"column":50}},"type":"binary-expr","locations":[{"start":{"line":1083,"column":22},"end":{"line":1083,"column":44}},{"start":{"line":1083,"column":48},"end":{"line":1083,"column":50}}],"line":1083},"40":{"loc":{"start":{"line":1084,"column":31},"end":{"line":1084,"column":68}},"type":"binary-expr","locations":[{"start":{"line":1084,"column":31},"end":{"line":1084,"column":63}},{"start":{"line":1084,"column":67},"end":{"line":1084,"column":68}}],"line":1084},"41":{"loc":{"start":{"line":1085,"column":23},"end":{"line":1085,"column":51}},"type":"binary-expr","locations":[{"start":{"line":1085,"column":23},"end":{"line":1085,"column":45}},{"start":{"line":1085,"column":49},"end":{"line":1085,"column":51}}],"line":1085},"42":{"loc":{"start":{"line":1086,"column":22},"end":{"line":1086,"column":50}},"type":"binary-expr","locations":[{"start":{"line":1086,"column":22},"end":{"line":1086,"column":44}},{"start":{"line":1086,"column":48},"end":{"line":1086,"column":50}}],"line":1086},"43":{"loc":{"start":{"line":1087,"column":31},"end":{"line":1087,"column":68}},"type":"binary-expr","locations":[{"start":{"line":1087,"column":31},"end":{"line":1087,"column":63}},{"start":{"line":1087,"column":67},"end":{"line":1087,"column":68}}],"line":1087},"44":{"loc":{"start":{"line":1088,"column":22},"end":{"line":1088,"column":50}},"type":"binary-expr","locations":[{"start":{"line":1088,"column":22},"end":{"line":1088,"column":44}},{"start":{"line":1088,"column":48},"end":{"line":1088,"column":50}}],"line":1088},"45":{"loc":{"start":{"line":1089,"column":22},"end":{"line":1089,"column":50}},"type":"binary-expr","locations":[{"start":{"line":1089,"column":22},"end":{"line":1089,"column":44}},{"start":{"line":1089,"column":48},"end":{"line":1089,"column":50}}],"line":1089},"46":{"loc":{"start":{"line":1090,"column":31},"end":{"line":1090,"column":69}},"type":"binary-expr","locations":[{"start":{"line":1090,"column":31},"end":{"line":1090,"column":64}},{"start":{"line":1090,"column":68},"end":{"line":1090,"column":69}}],"line":1090},"47":{"loc":{"start":{"line":1091,"column":31},"end":{"line":1091,"column":69}},"type":"binary-expr","locations":[{"start":{"line":1091,"column":31},"end":{"line":1091,"column":63}},{"start":{"line":1091,"column":68},"end":{"line":1091,"column":69}}],"line":1091},"48":{"loc":{"start":{"line":1092,"column":22},"end":{"line":1092,"column":51}},"type":"binary-expr","locations":[{"start":{"line":1092,"column":22},"end":{"line":1092,"column":44}},{"start":{"line":1092,"column":49},"end":{"line":1092,"column":51}}],"line":1092},"49":{"loc":{"start":{"line":1093,"column":22},"end":{"line":1093,"column":51}},"type":"binary-expr","locations":[{"start":{"line":1093,"column":22},"end":{"line":1093,"column":44}},{"start":{"line":1093,"column":49},"end":{"line":1093,"column":51}}],"line":1093},"50":{"loc":{"start":{"line":1094,"column":22},"end":{"line":1094,"column":51}},"type":"binary-expr","locations":[{"start":{"line":1094,"column":22},"end":{"line":1094,"column":45}},{"start":{"line":1094,"column":49},"end":{"line":1094,"column":51}}],"line":1094},"51":{"loc":{"start":{"line":1095,"column":31},"end":{"line":1095,"column":69}},"type":"binary-expr","locations":[{"start":{"line":1095,"column":31},"end":{"line":1095,"column":64}},{"start":{"line":1095,"column":68},"end":{"line":1095,"column":69}}],"line":1095},"52":{"loc":{"start":{"line":1096,"column":22},"end":{"line":1096,"column":51}},"type":"binary-expr","locations":[{"start":{"line":1096,"column":22},"end":{"line":1096,"column":45}},{"start":{"line":1096,"column":49},"end":{"line":1096,"column":51}}],"line":1096},"53":{"loc":{"start":{"line":1097,"column":31},"end":{"line":1097,"column":69}},"type":"binary-expr","locations":[{"start":{"line":1097,"column":31},"end":{"line":1097,"column":64}},{"start":{"line":1097,"column":68},"end":{"line":1097,"column":69}}],"line":1097},"54":{"loc":{"start":{"line":1103,"column":22},"end":{"line":1103,"column":99}},"type":"binary-expr","locations":[{"start":{"line":1103,"column":22},"end":{"line":1103,"column":93}},{"start":{"line":1103,"column":97},"end":{"line":1103,"column":99}}],"line":1103},"55":{"loc":{"start":{"line":1103,"column":51},"end":{"line":1103,"column":66}},"type":"binary-expr","locations":[{"start":{"line":1103,"column":51},"end":{"line":1103,"column":58}},{"start":{"line":1103,"column":60},"end":{"line":1103,"column":66}}],"line":1103},"56":{"loc":{"start":{"line":1104,"column":22},"end":{"line":1104,"column":101}},"type":"binary-expr","locations":[{"start":{"line":1104,"column":22},"end":{"line":1104,"column":95}},{"start":{"line":1104,"column":99},"end":{"line":1104,"column":101}}],"line":1104},"57":{"loc":{"start":{"line":1106,"column":22},"end":{"line":1106,"column":109}},"type":"binary-expr","locations":[{"start":{"line":1106,"column":22},"end":{"line":1106,"column":98}},{"start":{"line":1106,"column":102},"end":{"line":1106,"column":109}}],"line":1106},"58":{"loc":{"start":{"line":1107,"column":22},"end":{"line":1107,"column":132}},"type":"binary-expr","locations":[{"start":{"line":1107,"column":22},"end":{"line":1107,"column":125}},{"start":{"line":1107,"column":129},"end":{"line":1107,"column":132}}],"line":1107},"59":{"loc":{"start":{"line":1107,"column":56},"end":{"line":1107,"column":75}},"type":"binary-expr","locations":[{"start":{"line":1107,"column":56},"end":{"line":1107,"column":62}},{"start":{"line":1107,"column":64},"end":{"line":1107,"column":75}}],"line":1107},"60":{"loc":{"start":{"line":1108,"column":22},"end":{"line":1108,"column":94}},"type":"binary-expr","locations":[{"start":{"line":1108,"column":22},"end":{"line":1108,"column":89}},{"start":{"line":1108,"column":93},"end":{"line":1108,"column":94}}],"line":1108},"61":{"loc":{"start":{"line":1108,"column":74},"end":{"line":1108,"column":84}},"type":"binary-expr","locations":[{"start":{"line":1108,"column":74},"end":{"line":1108,"column":81}},{"start":{"line":1108,"column":83},"end":{"line":1108,"column":84}}],"line":1108},"62":{"loc":{"start":{"line":1109,"column":22},"end":{"line":1109,"column":128}},"type":"binary-expr","locations":[{"start":{"line":1109,"column":22},"end":{"line":1109,"column":121}},{"start":{"line":1109,"column":125},"end":{"line":1109,"column":128}}],"line":1109},"63":{"loc":{"start":{"line":1110,"column":22},"end":{"line":1110,"column":106}},"type":"binary-expr","locations":[{"start":{"line":1110,"column":22},"end":{"line":1110,"column":99}},{"start":{"line":1110,"column":103},"end":{"line":1110,"column":106}}],"line":1110},"64":{"loc":{"start":{"line":1111,"column":22},"end":{"line":1111,"column":101}},"type":"binary-expr","locations":[{"start":{"line":1111,"column":22},"end":{"line":1111,"column":94}},{"start":{"line":1111,"column":98},"end":{"line":1111,"column":101}}],"line":1111},"65":{"loc":{"start":{"line":1113,"column":21},"end":{"line":1139,"column":8}},"type":"cond-expr","locations":[{"start":{"line":1114,"column":6},"end":{"line":1138,"column":19}},{"start":{"line":1139,"column":6},"end":{"line":1139,"column":8}}],"line":1113},"66":{"loc":{"start":{"line":1113,"column":21},"end":{"line":1113,"column":56}},"type":"binary-expr","locations":[{"start":{"line":1113,"column":21},"end":{"line":1113,"column":31}},{"start":{"line":1113,"column":35},"end":{"line":1113,"column":56}}],"line":1113},"67":{"loc":{"start":{"line":1115,"column":25},"end":{"line":1115,"column":130}},"type":"binary-expr","locations":[{"start":{"line":1115,"column":25},"end":{"line":1115,"column":40}},{"start":{"line":1115,"column":45},"end":{"line":1115,"column":129}}],"line":1115},"68":{"loc":{"start":{"line":1115,"column":45},"end":{"line":1115,"column":129}},"type":"cond-expr","locations":[{"start":{"line":1115,"column":66},"end":{"line":1115,"column":116}},{"start":{"line":1115,"column":125},"end":{"line":1115,"column":129}}],"line":1115},"69":{"loc":{"start":{"line":1116,"column":25},"end":{"line":1116,"column":130}},"type":"binary-expr","locations":[{"start":{"line":1116,"column":25},"end":{"line":1116,"column":40}},{"start":{"line":1116,"column":45},"end":{"line":1116,"column":129}}],"line":1116},"70":{"loc":{"start":{"line":1116,"column":45},"end":{"line":1116,"column":129}},"type":"cond-expr","locations":[{"start":{"line":1116,"column":66},"end":{"line":1116,"column":122}},{"start":{"line":1116,"column":125},"end":{"line":1116,"column":129}}],"line":1116},"71":{"loc":{"start":{"line":1117,"column":25},"end":{"line":1119,"column":134}},"type":"cond-expr","locations":[{"start":{"line":1118,"column":12},"end":{"line":1118,"column":94}},{"start":{"line":1119,"column":13},"end":{"line":1119,"column":133}}],"line":1117},"72":{"loc":{"start":{"line":1118,"column":35},"end":{"line":1118,"column":92}},"type":"cond-expr","locations":[{"start":{"line":1118,"column":53},"end":{"line":1118,"column":87}},{"start":{"line":1118,"column":90},"end":{"line":1118,"column":92}}],"line":1118},"73":{"loc":{"start":{"line":1119,"column":13},"end":{"line":1119,"column":133}},"type":"cond-expr","locations":[{"start":{"line":1119,"column":62},"end":{"line":1119,"column":85}},{"start":{"line":1119,"column":88},"end":{"line":1119,"column":133}}],"line":1119},"74":{"loc":{"start":{"line":1119,"column":13},"end":{"line":1119,"column":59}},"type":"binary-expr","locations":[{"start":{"line":1119,"column":13},"end":{"line":1119,"column":30}},{"start":{"line":1119,"column":34},"end":{"line":1119,"column":59}}],"line":1119},"75":{"loc":{"start":{"line":1119,"column":88},"end":{"line":1119,"column":133}},"type":"cond-expr","locations":[{"start":{"line":1119,"column":116},"end":{"line":1119,"column":126}},{"start":{"line":1119,"column":129},"end":{"line":1119,"column":133}}],"line":1119},"76":{"loc":{"start":{"line":1121,"column":8},"end":{"line":1123,"column":9}},"type":"if","locations":[{"start":{"line":1121,"column":8},"end":{"line":1123,"column":9}},{"start":{},"end":{}}],"line":1121},"77":{"loc":{"start":{"line":1121,"column":12},"end":{"line":1121,"column":57}},"type":"binary-expr","locations":[{"start":{"line":1121,"column":12},"end":{"line":1121,"column":32}},{"start":{"line":1121,"column":36},"end":{"line":1121,"column":57}}],"line":1121},"78":{"loc":{"start":{"line":1122,"column":30},"end":{"line":1122,"column":49}},"type":"binary-expr","locations":[{"start":{"line":1122,"column":30},"end":{"line":1122,"column":36}},{"start":{"line":1122,"column":38},"end":{"line":1122,"column":44}},{"start":{"line":1122,"column":46},"end":{"line":1122,"column":49}}],"line":1122},"79":{"loc":{"start":{"line":1122,"column":74},"end":{"line":1122,"column":129}},"type":"cond-expr","locations":[{"start":{"line":1122,"column":99},"end":{"line":1122,"column":124}},{"start":{"line":1122,"column":127},"end":{"line":1122,"column":129}}],"line":1122},"80":{"loc":{"start":{"line":1125,"column":8},"end":{"line":1127,"column":9}},"type":"if","locations":[{"start":{"line":1125,"column":8},"end":{"line":1127,"column":9}},{"start":{},"end":{}}],"line":1125},"81":{"loc":{"start":{"line":1126,"column":67},"end":{"line":1126,"column":126}},"type":"cond-expr","locations":[{"start":{"line":1126,"column":94},"end":{"line":1126,"column":121}},{"start":{"line":1126,"column":124},"end":{"line":1126,"column":126}}],"line":1126},"82":{"loc":{"start":{"line":1129,"column":8},"end":{"line":1131,"column":9}},"type":"if","locations":[{"start":{"line":1129,"column":8},"end":{"line":1131,"column":9}},{"start":{},"end":{}}],"line":1129},"83":{"loc":{"start":{"line":1129,"column":12},"end":{"line":1129,"column":59}},"type":"binary-expr","locations":[{"start":{"line":1129,"column":12},"end":{"line":1129,"column":34}},{"start":{"line":1129,"column":38},"end":{"line":1129,"column":59}}],"line":1129},"84":{"loc":{"start":{"line":1132,"column":22},"end":{"line":1132,"column":36}},"type":"binary-expr","locations":[{"start":{"line":1132,"column":22},"end":{"line":1132,"column":32}},{"start":{"line":1132,"column":34},"end":{"line":1132,"column":36}}],"line":1132},"85":{"loc":{"start":{"line":1132,"column":42},"end":{"line":1132,"column":53}},"type":"binary-expr","locations":[{"start":{"line":1132,"column":42},"end":{"line":1132,"column":49}},{"start":{"line":1132,"column":51},"end":{"line":1132,"column":53}}],"line":1132},"86":{"loc":{"start":{"line":1132,"column":60},"end":{"line":1132,"column":105}},"type":"binary-expr","locations":[{"start":{"line":1132,"column":60},"end":{"line":1132,"column":73}},{"start":{"line":1132,"column":75},"end":{"line":1132,"column":88}},{"start":{"line":1132,"column":90},"end":{"line":1132,"column":101}},{"start":{"line":1132,"column":103},"end":{"line":1132,"column":105}}],"line":1132},"87":{"loc":{"start":{"line":1133,"column":13},"end":{"line":1133,"column":64}},"type":"cond-expr","locations":[{"start":{"line":1133,"column":29},"end":{"line":1133,"column":53}},{"start":{"line":1133,"column":62},"end":{"line":1133,"column":64}}],"line":1133},"88":{"loc":{"start":{"line":1134,"column":13},"end":{"line":1134,"column":64}},"type":"cond-expr","locations":[{"start":{"line":1134,"column":29},"end":{"line":1134,"column":50}},{"start":{"line":1134,"column":6
[...]
:{"line":137,"column":15},"end":{"line":137,"column":32}},"loc":{"start":{"line":137,"column":43},"end":{"line":157,"column":1}},"line":137},"4":{"name":"(anonymous_4)","decl":{"start":{"line":162,"column":13},"end":{"line":162,"column":14}},"loc":{"start":{"line":162,"column":19},"end":{"line":162,"column":28}},"line":162}},"branchMap":{"0":{"loc":{"start":{"line":11,"column":2},"end":{"line":15,"column":33}},"type":"binary-expr","locations":[{"start":{"line":11,"column":2},"end":{"line":11,"column":43}},{"start":{"line":12,"column":2},"end":{"line":12,"column":34}},{"start":{"line":13,"column":2},"end":{"line":13,"column":34}},{"start":{"line":14,"column":2},"end":{"line":14,"column":38}},{"start":{"line":15,"column":2},"end":{"line":15,"column":33}}],"line":11},"1":{"loc":{"start":{"line":17,"column":0},"end":{"line":21,"column":1}},"type":"if","locations":[{"start":{"line":17,"column":0},"end":{"line":21,"column":1}},{"start":{"line":19,"column":7},"end":{"line":21,"column":1}}],"line":17},"2":{"loc":{"start":{"line":31,"column":2},"end":{"line":31,"column":28}},"type":"if","locations":[{"start":{"line":31,"column":2},"end":{"line":31,"column":28}},{"start":{},"end":{}}],"line":31},"3":{"loc":{"start":{"line":32,"column":2},"end":{"line":32,"column":67}},"type":"if","locations":[{"start":{"line":32,"column":2},"end":{"line":32,"column":67}},{"start":{},"end":{}}],"line":32},"4":{"loc":{"start":{"line":32,"column":6},"end":{"line":32,"column":46}},"type":"binary-expr","locations":[{"start":{"line":32,"column":6},"end":{"line":32,"column":17}},{"start":{"line":32,"column":21},"end":{"line":32,"column":46}}],"line":32},"5":{"loc":{"start":{"line":43,"column":2},"end":{"line":46,"column":3}},"type":"if","locations":[{"start":{"line":43,"column":2},"end":{"line":46,"column":3}},{"start":{},"end":{}}],"line":43},"6":{"loc":{"start":{"line":58,"column":2},"end":{"line":58,"column":32}},"type":"if","locations":[{"start":{"line":58,"column":2},"end":{"line":58,"column":32}},{"start":{},"end":{}}],"line":58},"7":{"loc":{"start":{"line":67,"column":2},"end":{"line":67,"column":91}},"type":"if","locations":[{"start":{"line":67,"column":2},"end":{"line":67,"column":91}},{"start":{},"end":{}}],"line":67},"8":{"loc":{"start":{"line":74,"column":2},"end":{"line":74,"column":94}},"type":"if","locations":[{"start":{"line":74,"column":2},"end":{"line":74,"column":94}},{"start":{},"end":{}}],"line":74},"9":{"loc":{"start":{"line":91,"column":2},"end":{"line":94,"column":3}},"type":"if","locations":[{"start":{"line":91,"column":2},"end":{"line":94,"column":3}},{"start":{},"end":{}}],"line":91},"10":{"loc":{"start":{"line":102,"column":23},"end":{"line":102,"column":65}},"type":"binary-expr","locations":[{"start":{"line":102,"column":23},"end":{"line":102,"column":52}},{"start":{"line":102,"column":56},"end":{"line":102,"column":65}}],"line":102},"11":{"loc":{"start":{"line":116,"column":4},"end":{"line":118,"column":5}},"type":"if","locations":[{"start":{"line":116,"column":4},"end":{"line":118,"column":5}},{"start":{},"end":{}}],"line":116},"12":{"loc":{"start":{"line":138,"column":2},"end":{"line":138,"column":28}},"type":"if","locations":[{"start":{"line":138,"column":2},"end":{"line":138,"column":28}},{"start":{},"end":{}}],"line":138},"13":{"loc":{"start":{"line":143,"column":19},"end":{"line":143,"column":61}},"type":"binary-expr","locations":[{"start":{"line":143,"column":19},"end":{"line":143,"column":48}},{"start":{"line":143,"column":52},"end":{"line":143,"column":61}}],"line":143},"14":{"loc":{"start":{"line":150,"column":4},"end":{"line":150,"column":29}},"type":"if","locations":[{"start":{"line":150,"column":4},"end":{"line":150,"column":29}},{"start":{},"end":{}}],"line":150},"15":{"loc":{"start":{"line":152,"column":11},"end":{"line":152,"column":25}},"type":"binary-expr","locations":[{"start":{"line":152,"column":11},"end":{"line":152,"column":17}},{"start":{"line":152,"column":21},"end":{"line":152,"column":25}}],"line":152}},"s":{"0":0,"1":0,"2":0,"3":0,"4":0,"5":0,"6":0,"7":0,"8":0,"9":0,"10":0,"11":0,"12":0,"13":0,"14":0,"15":0,"16":0,"17":0,"18":0,"19":0,"20":0,"21":0,"22":0,"23":0,"24":0,"25":0,"26":0,"27":0,"28":0,"29":0,"30":0,"31":0,"32":0,"33":0,"34":0,"35":0,"36":0,"37":0,"38":0,"39":0,"40":0,"41":0,"42":0,"43":0,"44":0,"45":0,"46":0,"47":0,"48":0,"49":0,"50":0,"51":0,"52":0,"53":0,"54":0,"55":0,"56":0,"57":0,"58":0,"59":0,"60":0,"61":0,"62":0,"63":0,"64":0,"65":0,"66":0,"67":0,"68":0},"f":{"0":0,"1":0,"2":0,"3":0,"4":0},"b":{"0":[0,0,0,0,0],"1":[0,0],"2":[0,0],"3":[0,0],"4":[0,0],"5":[0,0],"6":[0,0],"7":[0,0],"8":[0,0],"9":[0,0],"10":[0,0],"11":[0,0],"12":[0,0],"13":[0,0],"14":[0,0],"15":[0,0]}}
,"C:\\Users\\hmmot\\Bureau\\Project PFE\\SMQ_GED\\backend\\src\\utils\\auditLog.js": {"path":"C:\\Users\\hmmot\\Bureau\\Project PFE\\SMQ_GED\\backend\\src\\utils\\auditLog.js","statementMap":{"0":{"start":{"line":4,"column":13},"end":{"line":4,"column":29}},"1":{"start":{"line":8,"column":20},"end":{"line":8,"column":124}},"2":{"start":{"line":9,"column":20},"end":{"line":9,"column":68}},"3":{"start":{"line":11,"column":2},"end":{"line":20,"column":3}},"4":{"start":{"line":12,"column":4},"end":{"line":16,"column":6}},"5":{"start":{"line":19,"column":4},"end":{"line":19,"column":59}},"6":{"start":{"line":23,"column":0},"end":{"line":23,"column":30}}},"fnMap":{"0":{"name":"auditLog","decl":{"start":{"line":7,"column":15},"end":{"line":7,"column":23}},"loc":{"start":{"line":7,"column":115},"end":{"line":21,"column":1}},"line":7}},"branchMap":{"0":{"loc":{"start":{"line":7,"column":34},"end":{"line":7,"column":47}},"type":"default-arg","locations":[{"start":{"line":7,"column":43},"end":{"line":7,"column":47}}],"line":7},"1":{"loc":{"start":{"line":7,"column":49},"end":{"line":7,"column":66}},"type":"default-arg","locations":[{"start":{"line":7,"column":62},"end":{"line":7,"column":66}}],"line":7},"2":{"loc":{"start":{"line":7,"column":68},"end":{"line":7,"column":80}},"type":"default-arg","locations":[{"start":{"line":7,"column":78},"end":{"line":7,"column":80}}],"line":7},"3":{"loc":{"start":{"line":7,"column":82},"end":{"line":7,"column":99}},"type":"default-arg","locations":[{"start":{"line":7,"column":93},"end":{"line":7,"column":99}}],"line":7},"4":{"loc":{"start":{"line":7,"column":101},"end":{"line":7,"column":111}},"type":"default-arg","locations":[{"start":{"line":7,"column":107},"end":{"line":7,"column":111}}],"line":7},"5":{"loc":{"start":{"line":8,"column":20},"end":{"line":8,"column":124}},"type":"cond-expr","locations":[{"start":{"line":8,"column":27},"end":{"line":8,"column":116}},{"start":{"line":8,"column":120},"end":{"line":8,"column":124}}],"line":8},"6":{"loc":{"start":{"line":8,"column":27},"end":{"line":8,"column":116}},"type":"binary-expr","locations":[{"start":{"line":8,"column":27},"end":{"line":8,"column":79}},{"start":{"line":8,"column":83},"end":{"line":8,"column":108}},{"start":{"line":8,"column":112},"end":{"line":8,"column":116}}],"line":8},"7":{"loc":{"start":{"line":9,"column":20},"end":{"line":9,"column":68}},"type":"cond-expr","locations":[{"start":{"line":9,"column":27},"end":{"line":9,"column":60}},{"start":{"line":9,"column":64},"end":{"line":9,"column":68}}],"line":9},"8":{"loc":{"start":{"line":9,"column":27},"end":{"line":9,"column":60}},"type":"binary-expr","locations":[{"start":{"line":9,"column":27},"end":{"line":9,"column":52}},{"start":{"line":9,"column":56},"end":{"line":9,"column":60}}],"line":9}},"s":{"0":1,"1":0,"2":0,"3":0,"4":0,"5":0,"6":1},"f":{"0":0},"b":{"0":[0],"1":[0],"2":[0],"3":[0],"4":[0],"5":[0,0],"6":[0,0,0],"7":[0,0],"8":[0,0]},"_coverageSchema":"1a1c01bbd47fc00a2c39e90264f33305004495a9","hash":"7117f88c050370a5bfc35d4ac846cc8b0936a90b"}
,"C:\\Users\\hmmot\\Bureau\\Project PFE\\SMQ_GED\\backend\\src\\utils\\incidentDetector.js": {"path":"C:\\Users\\hmmot\\Bureau\\Project PFE\\SMQ_GED\\backend\\src\\utils\\incidentDetector.js","statementMap":{"0":{"start":{"line":4,"column":21},"end":{"line":4,"column":37}},"1":{"start":{"line":5,"column":21},"end":{"line":5,"column":56}},"2":{"start":{"line":7,"column":23},"end":{"line":7,"column":25}},"3":{"start":{"line":8,"column":23},"end":{"line":8,"column":37}},"4":{"start":{"line":10,"column":14},"end":{"line":51,"column":1}},"5":{"start":{"line":19,"column":6},"end":{"line":19,"column":129}},"6":{"start":{"line":29,"column":6},"end":{"line":29,"column":126}},"7":{"start":{"line":39,"column":6},"end":{"line":39,"column":82}},"8":{"start":{"line":49,"column":6},"end":{"line":49,"column":84}},"9":{"start":{"line":54,"column":22},"end":{"line":54,"column":85}},"10":{"start":{"line":56,"column":2},"end":{"line":114,"column":3}},"11":{"start":{"line":57,"column":4},"end":{"line":113,"column":5}},"12":{"start":{"line":58,"column":23},"end":{"line":58,"column":83}},"13":{"start":{"line":60,"column":21},"end":{"line":72,"column":7}},"14":{"start":{"line":74,"column":6},"end":{"line":110,"column":7}},"15":{"start":{"line":76,"column":20},"end":{"line":84,"column":9}},"16":{"start":{"line":85,"column":8},"end":{"line":85,"column":38}},"17":{"start":{"line":85,"column":29},"end":{"line":85,"column":38}},"18":{"start":{"line":87,"column":28},"end":{"line":87,"column":49}},"19":{"start":{"line":89,"column":8},"end":{"line":93,"column":10}},"20":{"start":{"line":95,"column":8},"end":{"line":95,"column":89}},"21":{"start":{"line":98,"column":27},"end":{"line":98,"column":57}},"22":{"start":{"line":99,"column":8},"end":{"line":109,"column":9}},"23":{"start":{"line":100,"column":10},"end":{"line":108,"column":29}},"24":{"start":{"line":112,"column":6},"end":{"line":112,"column":82}},"25":{"start":{"line":118,"column":2},"end":{"line":118,"column":20}},"26":{"start":{"line":119,"column":2},"end":{"line":119,"column":44}},"27":{"start":{"line":120,"column":2},"end":{"line":120,"column":82}},"28":{"start":{"line":123,"column":0},"end":{"line":123,"column":60}}},"fnMap":{"0":{"name":"(anonymous_0)","decl":{"start":{"line":18,"column":17},"end":{"line":18,"column":18}},"loc":{"start":{"line":19,"column":6},"end":{"line":19,"column":129}},"line":19},"1":{"name":"(anonymous_1)","decl":{"start":{"line":28,"column":17},"end":{"line":28,"column":18}},"loc":{"start":{"line":29,"column":6},"end":{"line":29,"column":126}},"line":29},"2":{"name":"(anonymous_2)","decl":{"start":{"line":38,"column":17},"end":{"line":38,"column":18}},"loc":{"start":{"line":39,"column":6},"end":{"line":39,"column":82}},"line":39},"3":{"name":"(anonymous_3)","decl":{"start":{"line":48,"column":17},"end":{"line":48,"column":18}},"loc":{"start":{"line":49,"column":6},"end":{"line":49,"column":84}},"line":49},"4":{"name":"detectIncidents","decl":{"start":{"line":53,"column":15},"end":{"line":53,"column":30}},"loc":{"start":{"line":53,"column":33},"end":{"line":115,"column":1}},"line":53},"5":{"name":"(anonymous_5)","decl":{"start":{"line":108,"column":19},"end":{"line":108,"column":20}},"loc":{"start":{"line":108,"column":25},"end":{"line":108,"column":27}},"line":108},"6":{"name":"startIncidentDetector","decl":{"start":{"line":117,"column":9},"end":{"line":117,"column":30}},"loc":{"start":{"line":117,"column":33},"end":{"line":121,"column":1}},"line":117}},"branchMap":{"0":{"loc":{"start":{"line":58,"column":23},"end":{"line":58,"column":83}},"type":"cond-expr","locations":[{"start":{"line":58,"column":55},"end":{"line":58,"column":69}},{"start":{"line":58,"column":72},"end":{"line":58,"column":83}}],"line":58},"1":{"loc":{"start":{"line":85,"column":8},"end":{"line":85,"column":38}},"type":"if","locations":[{"start":{"line":85,"column":8},"end":{"line":85,"column":38}},{"start":{},"end":{}}],"line":85},"2":{"loc":{"start":{"line":99,"column":8},"end":{"line":109,"column":9}},"type":"if","locations":[{"start":{"line":99,"column":8},"end":{"line":109,"column":9}},{"start":{},"end":{}}],"line":99},"3":{"loc":{"start":{"line":106,"column":25},"end":{"line":106,"column":53}},"type":"binary-expr","locations":[{"start":{"line":106,"column":25},"end":{"line":106,"column":39}},{"start":{"line":106,"column":43},"end":{"line":106,"column":53}}],"line":106}},"s":{"0":0,"1":0,"2":0,"3":0,"4":0,"5":0,"6":0,"7":0,"8":0,"9":0,"10":0,"11":0,"12":0,"13":0,"14":0,"15":0,"16":0,"17":0,"18":0,"19":0,"20":0,"21":0,"22":0,"23":0,"24":0,"25":0,"26":0,"27":0,"28":0},"f":{"0":0,"1":0,"2":0,"3":0,"4":0,"5":0,"6":0},"b":{"0":[0,0],"1":[0,0],"2":[0,0],"3":[0,0]}}
,"C:\\Users\\hmmot\\Bureau\\Project PFE\\SMQ_GED\\backend\\src\\utils\\logger.js": {"path":"C:\\Users\\hmmot\\Bureau\\Project PFE\\SMQ_GED\\backend\\src\\utils\\logger.js","statementMap":{"0":{"start":{"line":5,"column":13},"end":{"line":5,"column":26}},"1":{"start":{"line":6,"column":13},"end":{"line":6,"column":28}},"2":{"start":{"line":8,"column":18},"end":{"line":8,"column":52}},"3":{"start":{"line":9,"column":18},"end":{"line":9,"column":50}},"4":{"start":{"line":10,"column":18},"end":{"line":10,"column":47}},"5":{"start":{"line":13,"column":0},"end":{"line":13,"column":72}},"6":{"start":{"line":13,"column":29},"end":{"line":13,"column":72}},"7":{"start":{"line":15,"column":26},"end":{"line":15,"column":58}},"8":{"start":{"line":19,"column":15},"end":{"line":19,"column":93}},"9":{"start":{"line":20,"column":2},"end":{"line":20,"column":94}},"10":{"start":{"line":20,"column":39},"end":{"line":20,"column":90}},"11":{"start":{"line":20,"column":48},"end":{"line":20,"column":90}},"12":{"start":{"line":23,"column":17},"end":{"line":23,"column":174}},"13":{"start":{"line":23,"column":44},"end":{"line":23,"column":123}},"14":{"start":{"line":23,"column":124},"end":{"line":23,"column":172}},"15":{"start":{"line":24,"column":17},"end":{"line":24,"column":168}},"16":{"start":{"line":24,"column":44},"end":{"line":24,"column":120}},"17":{"start":{"line":24,"column":121},"end":{"line":24,"column":166}},"18":{"start":{"line":25,"column":17},"end":{"line":25,"column":169}},"19":{"start":{"line":25,"column":44},"end":{"line":25,"column":121}},"20":{"start":{"line":25,"column":122},"end":{"line":25,"column":167}},"21":{"start":{"line":26,"column":17},"end":{"line":26,"column":173}},"22":{"start":{"line":26,"column":44},"end":{"line":26,"column":122}},"23":{"start":{"line":26,"column":123},"end":{"line":26,"column":171}},"24":{"start":{"line":28,"column":0},"end":{"line":28,"column":49}}},"fnMap":{"0":{"name":"getTimestamp","decl":{"start":{"line":15,"column":9},"end":{"line":15,"column":21}},"loc":{"start":{"line":15,"column":24},"end":{"line":15,"column":60}},"line":15},"1":{"name":"writeToFile","decl":{"start":{"line":18,"column":9},"end":{"line":18,"column":20}},"loc":{"start":{"line":18,"column":50},"end":{"line":21,"column":1}},"line":18},"2":{"name":"(anonymous_2)","decl":{"start":{"line":20,"column":28},"end":{"line":20,"column":29}},"loc":{"start":{"line":20,"column":37},"end":{"line":20,"column":92}},"line":20},"3":{"name":"(anonymous_3)","decl":{"start":{"line":23,"column":17},"end":{"line":23,"column":18}},"loc":{"start":{"line":23,"column":42},"end":{"line":23,"column":174}},"line":23},"4":{"name":"(anonymous_4)","decl":{"start":{"line":24,"column":17},"end":{"line":24,"column":18}},"loc":{"start":{"line":24,"column":42},"end":{"line":24,"column":168}},"line":24},"5":{"name":"(anonymous_5)","decl":{"start":{"line":25,"column":17},"end":{"line":25,"column":18}},"loc":{"start":{"line":25,"column":42},"end":{"line":25,"column":169}},"line":25},"6":{"name":"(anonymous_6)","decl":{"start":{"line":26,"column":17},"end":{"line":26,"column":18}},"loc":{"start":{"line":26,"column":42},"end":{"line":26,"column":173}},"line":26}},"branchMap":{"0":{"loc":{"start":{"line":13,"column":0},"end":{"line":13,"column":72}},"type":"if","locations":[{"start":{"line":13,"column":0},"end":{"line":13,"column":72}},{"start":{},"end":{}}],"line":13},"1":{"loc":{"start":{"line":20,"column":39},"end":{"line":20,"column":90}},"type":"if","locations":[{"start":{"line":20,"column":39},"end":{"line":20,"column":90}},{"start":{},"end":{}}],"line":20},"2":{"loc":{"start":{"line":23,"column":28},"end":{"line":23,"column":37}},"type":"default-arg","locations":[{"start":{"line":23,"column":35},"end":{"line":23,"column":37}}],"line":23},"3":{"loc":{"start":{"line":24,"column":28},"end":{"line":24,"column":37}},"type":"default-arg","locations":[{"start":{"line":24,"column":35},"end":{"line":24,"column":37}}],"line":24},"4":{"loc":{"start":{"line":25,"column":28},"end":{"line":25,"column":37}},"type":"default-arg","locations":[{"start":{"line":25,"column":35},"end":{"line":25,"column":37}}],"line":25},"5":{"loc":{"start":{"line":26,"column":28},"end":{"line":26,"column":37}},"type":"default-arg","locations":[{"start":{"line":26,"column":35},"end":{"line":26,"column":37}}],"line":26}},"s":{"0":1,"1":1,"2":1,"3":1,"4":1,"5":1,"6":0,"7":0,"8":0,"9":0,"10":0,"11":0,"12":1,"13":0,"14":0,"15":1,"16":0,"17":0,"18":1,"19":0,"20":0,"21":1,"22":0,"23":0,"24":1},"f":{"0":0,"1":0,"2":0,"3":0,"4":0,"5":0,"6":0},"b":{"0":[0,1],"1":[0,0],"2":[0],"3":[0],"4":[0],"5":[0]},"_coverageSchema":"1a1c01bbd47fc00a2c39e90264f33305004495a9","hash":"11073e6810d5518ffd5941e084fb64bd43c1101e"}
,"C:\\Users\\hmmot\\Bureau\\Project PFE\\SMQ_GED\\backend\\src\\utils\\passwordPolicy.js": {"path":"C:\\Users\\hmmot\\Bureau\\Project PFE\\SMQ_GED\\backend\\src\\utils\\passwordPolicy.js","statementMap":{"0":{"start":{"line":4,"column":15},"end":{"line":10,"column":1}},"1":{"start":{"line":13,"column":17},"end":{"line":13,"column":19}},"2":{"start":{"line":15,"column":2},"end":{"line":16,"column":60}},"3":{"start":{"line":16,"column":4},"end":{"line":16,"column":60}},"4":{"start":{"line":17,"column":2},"end":{"line":18,"column":50}},"5":{"start":{"line":18,"column":4},"end":{"line":18,"column":50}},"6":{"start":{"line":19,"column":2},"end":{"line":20,"column":50}},"7":{"start":{"line":20,"column":4},"end":{"line":20,"column":50}},"8":{"start":{"line":21,"column":2},"end":{"line":22,"column":40}},"9":{"start":{"line":22,"column":4},"end":{"line":22,"column":40}},"10":{"start":{"line":23,"column":2},"end":{"line":24,"column":63}},"11":{"start":{"line":24,"column":4},"end":{"line":24,"column":63}},"12":{"start":{"line":26,"column":2},"end":{"line":26,"column":48}},"13":{"start":{"line":29,"column":0},"end":{"line":29,"column":38}}},"fnMap":{"0":{"name":"validatePassword","decl":{"start":{"line":12,"column":9},"end":{"line":12,"column":25}},"loc":{"start":{"line":12,"column":36},"end":{"line":27,"column":1}},"line":12}},"branchMap":{"0":{"loc":{"start":{"line":15,"column":2},"end":{"line":16,"column":60}},"type":"if","locations":[{"start":{"line":15,"column":2},"end":{"line":16,"column":60}},{"start":{},"end":{}}],"line":15},"1":{"loc":{"start":{"line":15,"column":6},"end":{"line":15,"column":53}},"type":"binary-expr","locations":[{"start":{"line":15,"column":6},"end":{"line":15,"column":15}},{"start":{"line":15,"column":19},"end":{"line":15,"column":53}}],"line":15},"2":{"loc":{"start":{"line":17,"column":2},"end":{"line":18,"column":50}},"type":"if","locations":[{"start":{"line":17,"column":2},"end":{"line":18,"column":50}},{"start":{},"end":{}}],"line":17},"3":{"loc":{"start":{"line":19,"column":2},"end":{"line":20,"column":50}},"type":"if","locations":[{"start":{"line":19,"column":2},"end":{"line":20,"column":50}},{"start":{},"end":{}}],"line":19},"4":{"loc":{"start":{"line":21,"column":2},"end":{"line":22,"column":40}},"type":"if","locations":[{"start":{"line":21,"column":2},"end":{"line":22,"column":40}},{"start":{},"end":{}}],"line":21},"5":{"loc":{"start":{"line":23,"column":2},"end":{"line":24,"column":63}},"type":"if","locations":[{"start":{"line":23,"column":2},"end":{"line":24,"column":63}},{"start":{},"end":{}}],"line":23}},"s":{"0":1,"1":0,"2":0,"3":0,"4":0,"5":0,"6":0,"7":0,"8":0,"9":0,"10":0,"11":0,"12":0,"13":1},"f":{"0":0},"b":{"0":[0,0],"1":[0,0],"2":[0,0],"3":[0,0],"4":[0,0],"5":[0,0]},"_coverageSchema":"1a1c01bbd47fc00a2c39e90264f33305004495a9","hash":"dd6cb1397a7c3aa33f0860fbbdf463ea74df301f"}
}
