TN:
SF:src\upload.js
FN:19,resolveFolderPath
FN:45,(anonymous_1)
FN:51,(anonymous_2)
FN:56,(anonymous_3)
FN:58,(anonymous_4)
FN:69,(anonymous_5)
FNF:6
FNH:0
FNDA:0,resolveFolderPath
FNDA:0,(anonymous_1)
FNDA:0,(anonymous_2)
FNDA:0,(anonymous_3)
FNDA:0,(anonymous_4)
FNDA:0,(anonymous_5)
DA:1,1
DA:2,1
DA:3,1
DA:4,1
DA:5,1
DA:10,1
DA:14,1
DA:20,0
DA:22,0
DA:23,0
DA:27,0
DA:30,0
DA:31,0
DA:32,0
DA:33,0
DA:37,0
DA:38,0
DA:39,0
DA:41,0
DA:44,1
DA:46,0
DA:47,0
DA:48,0
DA:50,0
DA:52,0
DA:53,0
DA:54,0
DA:56,0
DA:59,0
DA:60,0
DA:64,1
DA:70,0
DA:77,0
DA:78,0
DA:82,1
LF:35
LH:10
BRDA:10,0,0,1
BRDA:10,0,1,0
BRDA:14,1,0,0
BRDA:14,1,1,1
BRDA:22,2,0,0
BRDA:22,2,1,0
BRDA:27,3,0,0
BRDA:27,3,1,0
BRDA:37,4,0,0
BRDA:37,4,1,0
BRDA:46,5,0,0
BRDA:46,5,1,0
BRDA:47,6,0,0
BRDA:47,6,1,0
BRDA:48,7,0,0
BRDA:48,7,1,0
BRDA:52,8,0,0
BRDA:52,8,1,0
BRDA:77,9,0,0
BRDA:77,9,1,0
BRF:20
BRH:2
end_of_record
TN:
SF:src\utils.js
FN:3,generateDocCode
FNF:1
FNH:0
FNDA:0,generateDocCode
DA:1,0
DA:5,0
DA:10,0
DA:11,0
DA:14,0
DA:17,0
DA:26,0
DA:29,0
DA:33,0
DA:36,0
LF:10
LH:0
BRDA:10,0,0,0
BRDA:10,0,1,0
BRDA:10,1,0,0
BRDA:10,1,1,0
BRF:4
BRH:0
end_of_record
TN:
SF:src\controllers\aiController.js
FN:16,ensureAITables
FN:253,loadTypeCache
FN:263,extractEntities
FN:283,(anonymous_3)
FN:289,(anonymous_4)
FN:290,(anonymous_5)
FN:291,(anonymous_6)
FN:304,detectIntent
FN:315,buildSQLForIntent
FN:462,(anonymous_9)
FN:465,(anonymous_10)
FN:776,(anonymous_11)
FN:778,(anonymous_12)
FN:809,(anonymous_13)
FN:839,(anonymous_14)
FN:951,callGeminiLLM
FN:967,(anonymous_16)
FN:977,(anonymous_17)
FN:979,(anonymous_18)
FN:980,(anonymous_19)
FN:988,(anonymous_20)
FN:995,callGroqLLMStream
FN:1011,(anonymous_22)
FN:1021,(anonymous_23)
FN:1023,(anonymous_24)
FN:1038,(anonymous_25)
FN:1040,(anonymous_26)
FN:1046,fetchDBSnapshot
FN:1101,buildSystemPrompt
FN:1102,(anonymous_29)
FN:1103,(anonymous_30)
FN:1104,(anonymous_31)
FN:1105,(anonymous_32)
FN:1106,(anonymous_33)
FN:1107,(anonymous_34)
FN:1108,(anonymous_35)
FN:1109,(anonymous_36)
FN:1110,(anonymous_37)
FN:1111,(anonymous_38)
FN:1114,(anonymous_39)
FN:1189,handleChatQuery
FN:1275,(anonymous_41)
FN:1297,handleStreamQuery
FN:1380,(anonymous_43)
FN:1431,computeScore
FN:1442,classifyDocument
FN:1446,(anonymous_46)
FN:1449,(anonymous_47)
FN:1452,(anonymous_48)
FN:1455,(anonymous_49)
FN:1458,(anonymous_50)
FN:1461,(anonymous_51)
FN:1463,(anonymous_52)
FN:1464,(anonymous_53)
FN:1465,(anonymous_54)
FN:1480,handleClassification
FN:1538,parseDate
FN:1558,extractDatesFromText
FN:1608,(anonymous_58)
FN:1614,handleDateExtraction
FN:1629,(anonymous_60)
FN:1630,(anonymous_61)
FN:1631,(anonymous_62)
FN:1632,(anonymous_63)
FN:1674,computeImprovements
FN:1853,(anonymous_65)
FN:1877,buildImprovementsAISynthesis
FN:1882,(anonymous_67)
FN:1931,getImprovements
FN:1955,getQueryLogs
FNF:70
FNH:0
FNDA:0,ensureAITables
FNDA:0,loadTypeCache
FNDA:0,extractEntities
FNDA:0,(anonymous_3)
FNDA:0,(anonymous_4)
FNDA:0,(anonymous_5)
FNDA:0,(anonymous_6)
FNDA:0,detectIntent
FNDA:0,buildSQLForIntent
FNDA:0,(anonymous_9)
FNDA:0,(anonymous_10)
FNDA:0,(anonymous_11)
FNDA:0,(anonymous_12)
FNDA:0,(anonymous_13)
FNDA:0,(anonymous_14)
FNDA:0,callGeminiLLM
FNDA:0,(anonymous_16)
FNDA:0,(anonymous_17)
FNDA:0,(anonymous_18)
FNDA:0,(anonymous_19)
FNDA:0,(anonymous_20)
FNDA:0,callGroqLLMStream
FNDA:0,(anonymous_22)
FNDA:0,(anonymous_23)
FNDA:0,(anonymous_24)
FNDA:0,(anonymous_25)
FNDA:0,(anonymous_26)
FNDA:0,fetchDBSnapshot
FNDA:0,buildSystemPrompt
FNDA:0,(anonymous_29)
FNDA:0,(anonymous_30)
FNDA:0,(anonymous_31)
FNDA:0,(anonymous_32)
FNDA:0,(anonymous_33)
FNDA:0,(anonymous_34)
FNDA:0,(anonymous_35)
FNDA:0,(anonymous_36)
FNDA:0,(anonymous_37)
FNDA:0,(anonymous_38)
FNDA:0,(anonymous_39)
FNDA:0,handleChatQuery
FNDA:0,(anonymous_41)
FNDA:0,handleStreamQuery
FNDA:0,(anonymous_43)
FNDA:0,computeScore
FNDA:0,classifyDocument
FNDA:0,(anonymous_46)
FNDA:0,(anonymous_47)
FNDA:0,(anonymous_48)
FNDA:0,(anonymous_49)
FNDA:0,(anonymous_50)
FNDA:0,(anonymous_51)
FNDA:0,(anonymous_52)
FNDA:0,(anonymous_53)
FNDA:0,(anonymous_54)
FNDA:0,handleClassification
FNDA:0,parseDate
FNDA:0,extractDatesFromText
FNDA:0,(anonymous_58)
FNDA:0,handleDateExtraction
FNDA:0,(anonymous_60)
FNDA:0,(anonymous_61)
FNDA:0,(anonymous_62)
FNDA:0,(anonymous_63)
FNDA:0,computeImprovements
FNDA:0,(anonymous_65)
FNDA:0,buildImprovementsAISynthesis
FNDA:0,(anonymous_67)
FNDA:0,getImprovements
FNDA:0,getQueryLogs
DA:11,1
DA:17,0
DA:27,0
DA:30,0
DA:33,0
DA:41,1
DA:251,1
DA:252,1
DA:254,0
DA:255,0
DA:256,0
DA:257,0
DA:258,0
DA:259,0
DA:264,0
DA:265,0
DA:268,0
DA:269,0
DA:272,0
DA:273,0
DA:276,0
DA:277,0
DA:280,0
DA:281,0
DA:283,0
DA:284,0
DA:285,0
DA:286,0
DA:289,0
DA:290,0
DA:291,0
DA:293,0
DA:294,0
DA:295,0
DA:300,0
DA:305,0
DA:306,0
DA:307,0
DA:311,0
DA:316,0
DA:331,0
DA:333,0
DA:346,0
DA:357,0
DA:358,0
DA:385,0
DA:412,0
DA:423,0
DA:424,0
DA:426,0
DA:437,0
DA:438,0
DA:440,0
DA:451,0
DA:452,0
DA:454,0
DA:462,0
DA:463,0
DA:465,0
DA:472,0
DA:497,0
DA:508,0
DA:519,0
DA:531,0
DA:542,0
DA:543,0
DA:553,0
DA:554,0
DA:565,0
DA:572,0
DA:581,0
DA:588,0
DA:597,0
DA:598,0
DA:599,0
DA:609,0
DA:616,0
DA:625,0
DA:626,0
DA:627,0
DA:638,0
DA:646,0
DA:655,0
DA:665,0
DA:676,0
DA:686,0
DA:697,0
DA:710,0
DA:711,0
DA:712,0
DA:718,0
DA:730,0
DA:738,0
DA:747,0
DA:768,0
DA:776,0
DA:777,0
DA:778,0
DA:787,0
DA:796,0
DA:806,0
DA:809,0
DA:818,0
DA:828,0
DA:836,0
DA:839,0
DA:848,0
DA:859,0
DA:860,0
DA:872,0
DA:873,0
DA:874,0
DA:882,0
DA:889,0
DA:890,0
DA:891,0
DA:892,0
DA:906,0
DA:913,0
DA:921,0
DA:922,0
DA:924,0
DA:930,0
DA:949,1
DA:952,0
DA:953,0
DA:955,0
DA:967,0
DA:968,0
DA:978,0
DA:979,0
DA:980,0
DA:981,0
DA:982,0
DA:983,0
DA:984,0
DA:985,0
DA:988,0
DA:989,0
DA:990,0
DA:996,0
DA:997,0
DA:999,0
DA:1011,0
DA:1012,0
DA:1022,0
DA:1023,0
DA:1024,0
DA:1025,0
DA:1026,0
DA:1027,0
DA:1028,0
DA:1029,0
DA:1030,0
DA:1031,0
DA:1032,0
DA:1033,0
DA:1034,0
DA:1038,0
DA:1040,0
DA:1041,0
DA:1042,0
DA:1047,0
DA:1051,0
DA:1082,0
DA:1102,0
DA:1103,0
DA:1104,0
DA:1105,0
DA:1106,0
DA:1107,0
DA:1108,0
DA:1109,0
DA:1110,0
DA:1111,0
DA:1113,0
DA:1115,0
DA:1116,0
DA:1117,0
DA:1121,0
DA:1122,0
DA:1125,0
DA:1126,0
DA:1129,0
DA:1130,0
DA:1132,0
DA:1141,0
DA:1190,0
DA:1191,0
DA:1193,0
DA:1194,0
DA:1197,0
DA:1198,0
DA:1199,0
DA:1201,0
DA:1203,0
DA:1204,0
DA:1205,0
DA:1206,0
DA:1207,0
DA:1210,0
DA:1211,0
DA:1212,0
DA:1213,0
DA:1214,0
DA:1215,0
DA:1217,0
DA:1221,0
DA:1222,0
DA:1223,0
DA:1225,0
DA:1226,0
DA:1227,0
DA:1228,0
DA:1229,0
DA:1230,0
DA:1231,0
DA:1232,0
DA:1233,0
DA:1234,0
DA:1235,0
DA:1242,0
DA:1244,0
DA:1254,0
DA:1264,0
DA:1267,0
DA:1268,0
DA:1271,0
DA:1272,0
DA:1278,0
DA:1289,0
DA:1290,0
DA:1298,0
DA:1299,0
DA:1301,0
DA:1302,0
DA:1305,0
DA:1306,0
DA:1307,0
DA:1310,0
DA:1311,0
DA:1312,0
DA:1313,0
DA:1314,0
DA:1316,0
DA:1317,0
DA:1318,0
DA:1319,0
DA:1320,0
DA:1321,0
DA:1324,0
DA:1325,0
DA:1328,0
DA:1329,0
DA:1330,0
DA:1332,0
DA:1333,0
DA:1334,0
DA:1335,0
DA:1336,0
DA:1337,0
DA:1342,0
DA:1349,0
DA:1350,0
DA:1351,0
DA:1354,0
DA:1364,0
DA:1365,0
DA:1366,0
DA:1367,0
DA:1369,0
DA:1370,0
DA:1373,0
DA:1376,0
DA:1377,0
DA:1384,0
DA:1385,0
DA:1387,0
DA:1396,1
DA:1409,1
DA:1422,1
DA:1432,0
DA:1433,0
DA:1434,0
DA:1435,0
DA:1436,0
DA:1439,0
DA:1443,0
DA:1446,0
DA:1449,0
DA:1452,0
DA:1455,0
DA:1458,0
DA:1461,0
DA:1463,0
DA:1464,0
DA:1465,0
DA:1467,0
DA:1481,0
DA:1483,0
DA:1484,0
DA:1487,0
DA:1489,0
DA:1490,0
DA:1491,0
DA:1492,0
DA:1501,0
DA:1504,0
DA:1507,0
DA:1510,0
DA:1514,0
DA:1523,0
DA:1524,0
DA:1532,1
DA:1540,0
DA:1541,0
DA:1542,0
DA:1543,0
DA:1546,0
DA:1547,0
DA:1549,0
DA:1550,0
DA:1551,0
DA:1552,0
DA:1553,0
DA:1555,0
DA:1559,0
DA:1560,0
DA:1561,0
DA:1564,0
DA:1576,0
DA:1584,0
DA:1585,0
DA:1587,0
DA:1588,0
DA:1589,0
DA:1590,0
DA:1591,0
DA:1593,0
DA:1594,0
DA:1595,0
DA:1596,0
DA:1597,0
DA:1598,0
DA:1599,0
DA:1600,0
DA:1603,0
DA:1608,0
DA:1615,0
DA:1617,0
DA:1618,0
DA:1621,0
DA:1622,0
DA:1623,0
DA:1626,0
DA:1629,0
DA:1630,0
DA:1631,0
DA:1632,0
DA:1641,0
DA:1642,0
DA:1646,0
DA:1647,0
DA:1654,0
DA:1656,0
DA:1657,0
DA:1666,1
DA:1675,0
DA:1678,0
DA:1692,0
DA:1693,0
DA:1694,0
DA:1695,0
DA:1711,0
DA:1730,0
DA:1731,0
DA:1745,0
DA:1775,0
DA:1776,0
DA:1777,0
DA:1792,0
DA:1810,0
DA:1811,0
DA:1825,0
DA:1841,0
DA:1842,0
DA:1844,0
DA:1852,0
DA:1853,0
DA:1855,0
DA:1878,0
DA:1880,0
DA:1883,0
DA:1886,0
DA:1890,0
DA:1916,0
DA:1917,0
DA:1918,0
DA:1920,0
DA:1921,0
DA:1922,0
DA:1924,0
DA:1932,0
DA:1933,0
DA:1935,0
DA:1936,0
DA:1941,0
DA:1942,0
DA:1944,0
DA:1945,0
DA:1947,0
DA:1948,0
DA:1956,0
DA:1957,0
DA:1959,0
DA:1960,0
DA:1963,0
DA:1964,0
DA:1965,0
DA:1975,0
DA:1980,0
DA:1981,0
DA:1985,1
LF:423
LH:11
BRDA:255,0,0,0
BRDA:255,0,1,0
BRDA:255,1,0,0
BRDA:255,1,1,0
BRDA:269,2,0,0
BRDA:269,2,1,0
BRDA:273,3,0,0
BRDA:273,3,1,0
BRDA:277,4,0,0
BRDA:277,4,1,0
BRDA:284,5,0,0
BRDA:284,5,1,0
BRDA:293,6,0,0
BRDA:293,6,1,0
BRDA:306,7,0,0
BRDA:306,7,1,0
BRDA:331,8,0,0
BRDA:331,8,1,0
BRDA:331,8,2,0
BRDA:331,8,3,0
BRDA:331,8,4,0
BRDA:331,8,5,0
BRDA:331,8,6,0
BRDA:331,8,7,0
BRDA:331,8,8,0
BRDA:331,8,9,0
BRDA:331,8,10,0
BRDA:331,8,11,0
BRDA:331,8,12,0
BRDA:331,8,13,0
BRDA:331,8,14,0
BRDA:331,8,15,0
BRDA:331,8,16,0
BRDA:331,8,17,0
BRDA:331,8,18,0
BRDA:331,8,19,0
BRDA:331,8,20,0
BRDA:331,8,21,0
BRDA:331,8,22,0
BRDA:331,8,23,0
BRDA:331,8,24,0
BRDA:331,8,25,0
BRDA:331,8,26,0
BRDA:331,8,27,0
BRDA:331,8,28,0
BRDA:331,8,29,0
BRDA:331,8,30,0
BRDA:331,8,31,0
BRDA:357,9,0,0
BRDA:357,9,1,0
BRDA:423,10,0,0
BRDA:423,10,1,0
BRDA:437,11,0,0
BRDA:437,11,1,0
BRDA:451,12,0,0
BRDA:451,12,1,0
BRDA:542,13,0,0
BRDA:542,13,1,0
BRDA:553,14,0,0
BRDA:553,14,1,0
BRDA:598,15,0,0
BRDA:598,15,1,0
BRDA:626,16,0,0
BRDA:626,16,1,0
BRDA:711,17,0,0
BRDA:711,17,1,0
BRDA:778,18,0,0
BRDA:778,18,1,0
BRDA:863,19,0,0
BRDA:863,19,1,0
BRDA:873,20,0,0
BRDA:873,20,1,0
BRDA:890,21,0,0
BRDA:890,21,1,0
BRDA:891,22,0,0
BRDA:891,22,1,0
BRDA:921,23,0,0
BRDA:921,23,1,0
BRDA:921,23,2,0
BRDA:921,23,3,0
BRDA:922,24,0,0
BRDA:922,24,1,0
BRDA:951,25,0,0
BRDA:953,26,0,0
BRDA:953,26,1,0
BRDA:953,27,0,0
BRDA:953,27,1,0
BRDA:983,28,0,0
BRDA:983,28,1,0
BRDA:984,29,0,0
BRDA:984,29,1,0
BRDA:995,30,0,0
BRDA:997,31,0,0
BRDA:997,31,1,0
BRDA:997,32,0,0
BRDA:997,32,1,0
BRDA:1028,33,0,0
BRDA:1028,33,1,0
BRDA:1030,34,0,0
BRDA:1030,34,1,0
BRDA:1033,35,0,0
BRDA:1033,35,1,0
BRDA:1034,36,0,0
BRDA:1034,36,1,0
BRDA:1046,37,0,0
BRDA:1047,38,0,0
BRDA:1047,38,1,0
BRDA:1083,39,0,0
BRDA:1083,39,1,0
BRDA:1084,40,0,0
BRDA:1084,40,1,0
BRDA:1085,41,0,0
BRDA:1085,41,1,0
BRDA:1086,42,0,0
BRDA:1086,42,1,0
BRDA:1087,43,0,0
BRDA:1087,43,1,0
BRDA:1088,44,0,0
BRDA:1088,44,1,0
BRDA:1089,45,0,0
BRDA:1089,45,1,0
BRDA:1090,46,0,0
BRDA:1090,46,1,0
BRDA:1091,47,0,0
BRDA:1091,47,1,0
BRDA:1092,48,0,0
BRDA:1092,48,1,0
BRDA:1093,49,0,0
BRDA:1093,49,1,0
BRDA:1094,50,0,0
BRDA:1094,50,1,0
BRDA:1095,51,0,0
BRDA:1095,51,1,0
BRDA:1096,52,0,0
BRDA:1096,52,1,0
BRDA:1097,53,0,0
BRDA:1097,53,1,0
BRDA:1103,54,0,0
BRDA:1103,54,1,0
BRDA:1103,55,0,0
BRDA:1103,55,1,0
BRDA:1104,56,0,0
BRDA:1104,56,1,0
BRDA:1106,57,0,0
BRDA:1106,57,1,0
BRDA:1107,58,0,0
BRDA:1107,58,1,0
BRDA:1107,59,0,0
BRDA:1107,59,1,0
BRDA:1108,60,0,0
BRDA:1108,60,1,0
BRDA:1108,61,0,0
BRDA:1108,61,1,0
BRDA:1109,62,0,0
BRDA:1109,62,1,0
BRDA:1110,63,0,0
BRDA:1110,63,1,0
BRDA:1111,64,0,0
BRDA:1111,64,1,0
BRDA:1113,65,0,0
BRDA:1113,65,1,0
BRDA:1113,66,0,0
BRDA:1113,66,1,0
BRDA:1115,67,0,0
BRDA:1115,67,1,0
BRDA:1115,68,0,0
BRDA:1115,68,1,0
BRDA:1116,69,0,0
BRDA:1116,69,1,0
BRDA:1116,70,0,0
BRDA:1116,70,1,0
BRDA:1117,71,0,0
BRDA:1117,71,1,0
BRDA:1118,72,0,0
BRDA:1118,72,1,0
BRDA:1119,73,0,0
BRDA:1119,73,1,0
BRDA:1119,74,0,0
BRDA:1119,74,1,0
BRDA:1119,75,0,0
BRDA:1119,75,1,0
BRDA:1121,76,0,0
BRDA:1121,76,1,0
BRDA:1121,77,0,0
BRDA:1121,77,1,0
BRDA:1122,78,0,0
BRDA:1122,78,1,0
BRDA:1122,78,2,0
BRDA:1122,79,0,0
BRDA:1122,79,1,0
BRDA:1125,80,0,0
BRDA:1125,80,1,0
BRDA:1126,81,0,0
BRDA:1126,81,1,0
BRDA:1129,82,0,0
BRDA:1129,82,1,0
BRDA:1129,83,0,0
BRDA:1129,83,1,0
BRDA:1132,84,0,0
BRDA:1132,84,1,0
BRDA:1132,85,0,0
BRDA:1132,85,1,0
BRDA:1132,86,0,0
BRDA:1132,86,1,0
BRDA:1132,86,2,0
BRDA:1132,86,3,0
BRDA:1133,87,0,0
BRDA:1133,87,1,0
BRDA:1134,88,0,0
BRDA:1134,88,1,0
BRDA:1135,89,0,0
BRDA:1135,89,1,0
BRDA:1136,90,0,0
BRDA:1136,90,1,0
BRDA:1137,91,0,0
BRDA:1137,91,1,0
BRDA:1151,92,0,0
BRDA:1151,92,1,0
BRDA:1152,93,0,0
BRDA:1152,93,1,0
BRDA:1153,94,0,0
BRDA:1153,94,1,0
BRDA:1156,95,0,0
BRDA:1156,95,1,0
BRDA:1170,96,0,0
BRDA:1170,96,1,0
BRDA:1190,97,0,0
BRDA:1193,98,0,0
BRDA:1193,98,1,0
BRDA:1193,99,0,0
BRDA:1193,99,1,0
BRDA:1198,100,0,0
BRDA:1198,100,1,0
BRDA:1199,101,0,0
BRDA:1199,101,1,0
BRDA:1206,102,0,0
BRDA:1206,102,1,0
BRDA:1206,103,0,0
BRDA:1206,103,1,0
BRDA:1210,104,0,0
BRDA:1210,104,1,0
BRDA:1212,105,0,0
BRDA:1212,105,1,0
BRDA:1214,106,0,0
BRDA:1214,106,1,0
BRDA:1226,107,0,0
BRDA:1226,107,1,0
BRDA:1226,107,2,0
BRDA:1227,108,0,0
BRDA:1227,108,1,0
BRDA:1230,109,0,0
BRDA:1230,109,1,0
BRDA:1231,110,0,0
BRDA:1231,110,1,0
BRDA:1233,111,0,0
BRDA:1233,111,1,0
BRDA:1242,112,0,0
BRDA:1242,112,1,0
BRDA:1264,113,0,0
BRDA:1264,113,1,0
BRDA:1267,114,0,0
BRDA:1267,114,1,0
BRDA:1268,115,0,0
BRDA:1268,115,1,0
BRDA:1271,116,0,0
BRDA:1271,116,1,0
BRDA:1282,117,0,0
BRDA:1282,117,1,0
BRDA:1285,118,0,0
BRDA:1285,118,1,0
BRDA:1298,119,0,0
BRDA:1301,120,0,0
BRDA:1301,120,1,0
BRDA:1301,121,0,0
BRDA:1301,121,1,0
BRDA:1306,122,0,0
BRDA:1306,122,1,0
BRDA:1307,123,0,0
BRDA:1307,123,1,0
BRDA:1320,124,0,0
BRDA:1320,124,1,0
BRDA:1320,125,0,0
BRDA:1320,125,1,0
BRDA:1324,126,0,0
BRDA:1324,126,1,0
BRDA:1330,127,0,0
BRDA:1330,127,1,0
BRDA:1332,128,0,0
BRDA:1332,128,1,0
BRDA:1335,129,0,0
BRDA:1335,129,1,0
BRDA:1336,130,0,0
BRDA:1336,130,1,0
BRDA:1337,131,0,0
BRDA:1337,131,1,0
BRDA:1350,132,0,0
BRDA:1350,132,1,0
BRDA:1351,133,0,0
BRDA:1351,133,1,0
BRDA:1357,134,0,0
BRDA:1357,134,1,0
BRDA:1360,135,0,0
BRDA:1360,135,1,0
BRDA:1364,136,0,0
BRDA:1364,136,1,0
BRDA:1366,137,0,0
BRDA:1366,137,1,0
BRDA:1369,138,0,0
BRDA:1369,138,1,0
BRDA:1376,139,0,0
BRDA:1376,139,1,0
BRDA:1435,140,0,0
BRDA:1435,140,1,0
BRDA:1443,141,0,0
BRDA:1443,141,1,0
BRDA:1443,142,0,0
BRDA:1443,142,1,0
BRDA:1443,143,0,0
BRDA:1443,143,1,0
BRDA:1468,144,0,0
BRDA:1468,144,1,0
BRDA:1469,145,0,0
BRDA:1469,145,1,0
BRDA:1470,146,0,0
BRDA:1470,146,1,0
BRDA:1483,147,0,0
BRDA:1483,147,1,0
BRDA:1483,148,0,0
BRDA:1483,148,1,0
BRDA:1483,148,2,0
BRDA:1489,149,0,0
BRDA:1489,149,1,0
BRDA:1490,150,0,0
BRDA:1490,150,1,0
BRDA:1501,151,0,0
BRDA:1501,151,1,0
BRDA:1518,152,0,0
BRDA:1518,152,1,0
BRDA:1541,153,0,0
BRDA:1541,153,1,0
BRDA:1547,154,0,0
BRDA:1547,154,1,0
BRDA:1550,155,0,0
BRDA:1550,155,1,0
BRDA:1553,156,0,0
BRDA:1553,156,1,0
BRDA:1559,157,0,0
BRDA:1559,157,1,0
BRDA:1588,158,0,0
BRDA:1588,158,1,0
BRDA:1590,159,0,0
BRDA:1590,159,1,0
BRDA:1590,160,0,0
BRDA:1590,160,1,0
BRDA:1597,161,0,0
BRDA:1597,161,1,0
BRDA:1617,162,0,0
BRDA:1617,162,1,0
BRDA:1617,163,0,0
BRDA:1617,163,1,0
BRDA:1617,163,2,0
BRDA:1629,164,0,0
BRDA:1629,164,1,0
BRDA:1630,165,0,0
BRDA:1630,165,1,0
BRDA:1631,166,0,0
BRDA:1631,166,1,0
BRDA:1632,167,0,0
BRDA:1632,167,1,0
BRDA:1635,168,0,0
BRDA:1635,168,1,0
BRDA:1641,169,0,0
BRDA:1641,169,1,0
BRDA:1646,170,0,0
BRDA:1646,170,1,0
BRDA:1694,171,0,0
BRDA:1694,171,1,0
BRDA:1698,172,0,0
BRDA:1698,172,1,0
BRDA:1730,173,0,0
BRDA:1730,173,1,0
BRDA:1734,174,0,0
BRDA:1734,174,1,0
BRDA:1776,175,0,0
BRDA:1776,175,1,0
BRDA:1776,176,0,0
BRDA:1776,176,1,0
BRDA:1780,177,0,0
BRDA:1780,177,1,0
BRDA:1810,178,0,0
BRDA:1810,178,1,0
BRDA:1842,179,0,0
BRDA:1842,179,1,0
BRDA:1853,180,0,0
BRDA:1853,180,1,0
BRDA:1853,181,0,0
BRDA:1853,181,1,0
BRDA:1857,182,0,0
BRDA:1857,182,1,0
BRDA:1857,183,0,0
BRDA:1857,183,1,0
BRDA:1880,184,0,0
BRDA:1880,184,1,0
BRDA:1918,185,0,0
BRDA:1918,185,1,0
BRDA:1921,186,0,0
BRDA:1921,186,1,0
BRDA:1935,187,0,0
BRDA:1935,187,1,0
BRDA:1959,188,0,0
BRDA:1959,188,1,0
BRDA:1964,189,0,0
BRDA:1964,189,1,0
BRF:413
BRH:0
end_of_record
TN:
SF:src\controllers\authController.js
FN:28,_defaultPwd
FN:43,validatePasswordComplexity
FN:51,ensureAuthColumns
FN:84,seedDefaultUsers
FN:132,signToken
FN:154,login
FN:205,(anonymous_6)
FN:230,(anonymous_7)
FN:259,(anonymous_8)
FN:291,me
FN:335,register
FN:406,logout
FN:432,verifyToken
FN:439,ensureTokenBlacklistTable
FN:455,isTokenBlacklisted
FN:464,cleanupExpiredBlacklistedTokens
FN:475,ensureResetTokensTable
FN:498,forgotPassword
FN:552,resetPassword
FNF:19
FNH:1
FNDA:3,_defaultPwd
FNDA:0,validatePasswordComplexity
FNDA:0,ensureAuthColumns
FNDA:0,seedDefaultUsers
FNDA:0,signToken
FNDA:0,login
FNDA:0,(anonymous_6)
FNDA:0,(anonymous_7)
FNDA:0,(anonymous_8)
FNDA:0,me
FNDA:0,register
FNDA:0,logout
FNDA:0,verifyToken
FNDA:0,ensureTokenBlacklistTable
FNDA:0,isTokenBlacklisted
FNDA:0,cleanupExpiredBlacklistedTokens
FNDA:0,ensureResetTokensTable
FNDA:0,forgotPassword
FNDA:0,resetPassword
DA:8,1
DA:9,1
DA:10,1
DA:11,1
DA:12,1
DA:13,1
DA:14,1
DA:15,1
DA:16,1
DA:19,1
DA:20,1
DA:21,0
DA:22,0
DA:24,1
DA:29,3
DA:30,0
DA:31,0
DA:32,0
DA:34,1
DA:44,0
DA:45,0
DA:52,0
DA:58,0
DA:63,0
DA:68,0
DA:74,0
DA:78,0
DA:85,0
DA:86,0
DA:87,0
DA:89,0
DA:93,0
DA:94,0
DA:97,0
DA:102,0
DA:104,0
DA:105,0
DA:106,0
DA:111,0
DA:113,0
DA:116,0
DA:117,0
DA:122,0
DA:125,0
DA:133,0
DA:149,1
DA:150,1
DA:152,1
DA:155,0
DA:157,0
DA:158,0
DA:164,0
DA:165,0
DA:174,0
DA:177,0
DA:178,0
DA:179,0
DA:180,0
DA:184,0
DA:185,0
DA:186,0
DA:192,0
DA:193,0
DA:199,0
DA:202,0
DA:204,0
DA:205,0
DA:206,0
DA:207,0
DA:208,0
DA:213,0
DA:214,0
DA:215,0
DA:216,0
DA:217,0
DA:218,0
DA:219,0
DA:223,0
DA:224,0
DA:226,0
DA:231,0
DA:236,0
DA:240,0
DA:242,0
DA:243,0
DA:245,0
DA:249,0
DA:250,0
DA:251,0
DA:252,0
DA:253,0
DA:255,0
DA:262,0
DA:267,0
DA:269,0
DA:271,0
DA:273,0
DA:283,0
DA:284,0
DA:292,0
DA:293,0
DA:294,0
DA:297,0
DA:298,0
DA:300,0
DA:301,0
DA:303,0
DA:306,0
DA:314,0
DA:315,0
DA:316,0
DA:319,0
DA:321,0
DA:322,0
DA:324,0
DA:333,1
DA:336,0
DA:339,0
DA:340,0
DA:341,0
DA:342,0
DA:343,0
DA:345,0
DA:346,0
DA:348,0
DA:349,0
DA:350,0
DA:352,0
DA:353,0
DA:354,0
DA:357,0
DA:358,0
DA:360,0
DA:361,0
DA:363,0
DA:364,0
DA:367,0
DA:369,0
DA:373,0
DA:374,0
DA:381,0
DA:384,0
DA:391,0
DA:393,0
DA:398,0
DA:399,0
DA:407,0
DA:408,0
DA:409,0
DA:410,0
DA:411,0
DA:412,0
DA:413,0
DA:414,0
DA:415,0
DA:422,0
DA:423,0
DA:426,0
DA:433,0
DA:441,0
DA:448,0
DA:452,0
DA:456,0
DA:457,0
DA:461,0
DA:465,0
DA:468,0
DA:469,0
DA:476,0
DA:486,0
DA:490,0
DA:499,0
DA:500,0
DA:501,0
DA:504,0
DA:505,0
DA:511,0
DA:512,0
DA:515,0
DA:518,0
DA:524,0
DA:525,0
DA:527,0
DA:533,0
DA:540,0
DA:541,0
DA:543,0
DA:544,0
DA:553,0
DA:555,0
DA:556,0
DA:558,0
DA:559,0
DA:561,0
DA:562,0
DA:563,0
DA:566,0
DA:567,0
DA:568,0
DA:570,0
DA:577,0
DA:578,0
DA:579,0
DA:582,0
DA:584,0
DA:585,0
DA:586,0
DA:589,0
DA:590,0
DA:591,0
DA:595,0
DA:598,0
DA:604,0
DA:609,0
DA:611,0
DA:612,0
DA:614,0
DA:615,0
DA:616,0
DA:618,0
DA:622,1
LF:221
LH:19
BRDA:20,0,0,0
BRDA:20,0,1,1
BRDA:24,1,0,1
BRDA:24,1,1,0
BRDA:29,2,0,3
BRDA:29,2,1,0
BRDA:35,3,0,1
BRDA:35,3,1,0
BRDA:36,4,0,1
BRDA:36,4,1,0
BRDA:37,5,0,1
BRDA:37,5,1,0
BRDA:93,6,0,0
BRDA:93,6,1,0
BRDA:102,7,0,0
BRDA:102,7,1,0
BRDA:104,8,0,0
BRDA:104,8,1,0
BRDA:157,9,0,0
BRDA:157,9,1,0
BRDA:157,10,0,0
BRDA:157,10,1,0
BRDA:177,11,0,0
BRDA:177,11,1,0
BRDA:177,12,0,0
BRDA:177,12,1,0
BRDA:184,13,0,0
BRDA:184,13,1,0
BRDA:184,14,0,0
BRDA:184,14,1,0
BRDA:192,15,0,0
BRDA:192,15,1,0
BRDA:199,16,0,0
BRDA:199,16,1,0
BRDA:199,16,2,0
BRDA:204,17,0,0
BRDA:204,17,1,0
BRDA:206,18,0,0
BRDA:206,18,1,0
BRDA:213,19,0,0
BRDA:213,19,1,0
BRDA:215,20,0,0
BRDA:215,20,1,0
BRDA:216,21,0,0
BRDA:216,21,1,0
BRDA:217,22,0,0
BRDA:217,22,1,0
BRDA:251,23,0,0
BRDA:251,23,1,0
BRDA:252,24,0,0
BRDA:252,24,1,0
BRDA:293,25,0,0
BRDA:293,25,1,0
BRDA:300,26,0,0
BRDA:300,26,1,0
BRDA:315,27,0,0
BRDA:315,27,1,0
BRDA:321,28,0,0
BRDA:321,28,1,0
BRDA:340,29,0,0
BRDA:340,29,1,0
BRDA:341,30,0,0
BRDA:341,30,1,0
BRDA:342,31,0,0
BRDA:342,31,1,0
BRDA:343,32,0,0
BRDA:343,32,1,0
BRDA:345,33,0,0
BRDA:345,33,1,0
BRDA:349,34,0,0
BRDA:349,34,1,0
BRDA:349,35,0,0
BRDA:349,35,1,0
BRDA:352,36,0,0
BRDA:352,36,1,0
BRDA:357,37,0,0
BRDA:357,37,1,0
BRDA:357,38,0,0
BRDA:357,38,1,0
BRDA:357,38,2,0
BRDA:360,39,0,0
BRDA:360,39,1,0
BRDA:360,40,0,0
BRDA:360,40,1,0
BRDA:363,41,0,0
BRDA:363,41,1,0
BRDA:373,42,0,0
BRDA:373,42,1,0
BRDA:408,43,0,0
BRDA:408,43,1,0
BRDA:412,44,0,0
BRDA:412,44,1,0
BRDA:422,45,0,0
BRDA:422,45,1,0
BRDA:468,46,0,0
BRDA:468,46,1,0
BRDA:500,47,0,0
BRDA:500,47,1,0
BRDA:511,48,0,0
BRDA:511,48,1,0
BRDA:555,49,0,0
BRDA:555,49,1,0
BRDA:555,50,0,0
BRDA:555,50,1,0
BRDA:555,50,2,0
BRDA:558,51,0,0
BRDA:558,51,1,0
BRDA:562,52,0,0
BRDA:562,52,1,0
BRDA:577,53,0,0
BRDA:577,53,1,0
BRDA:584,54,0,0
BRDA:584,54,1,0
BRDA:589,55,0,0
BRDA:589,55,1,0
BRF:115
BRH:6
end_of_record
TN:
SF:src\controllers\dashboardController.js
FN:18,(anonymous_0)
FN:135,(anonymous_1)
FN:188,(anonymous_2)
FN:192,(anonymous_3)
FN:199,(anonymous_4)
FNF:5
FNH:0
FNDA:0,(anonymous_0)
FNDA:0,(anonymous_1)
FNDA:0,(anonymous_2)
FNDA:0,(anonymous_3)
FNDA:0,(anonymous_4)
DA:8,1
DA:18,1
DA:19,0
DA:20,0
DA:107,0
DA:123,0
DA:124,0
DA:135,1
DA:136,0
DA:137,0
DA:187,0
DA:188,0
DA:192,0
DA:199,0
DA:206,0
DA:207,0
DA:211,1
LF:17
LH:4
BRDA:110,0,0,0
BRDA:110,0,1,0
BRDA:114,1,0,0
BRDA:114,1,1,0
BRDA:118,2,0,0
BRDA:118,2,1,0
BRF:6
BRH:0
end_of_record
TN:
SF:src\controllers\documentController.js
FN:47,(anonymous_0)
FN:135,(anonymous_1)
FN:151,(anonymous_2)
FN:216,(anonymous_3)
FN:225,(anonymous_4)
FN:264,(anonymous_5)
FN:349,(anonymous_6)
FN:369,(anonymous_7)
FN:405,(anonymous_8)
FN:425,(anonymous_9)
FN:596,(anonymous_10)
FN:612,(anonymous_11)
FN:752,(anonymous_12)
FN:771,(anonymous_13)
FN:787,(anonymous_14)
FN:804,(anonymous_15)
FN:825,(anonymous_16)
FN:844,(anonymous_17)
FN:869,(anonymous_18)
FN:888,(anonymous_19)
FN:923,(anonymous_20)
FN:959,(anonymous_21)
FN:988,(anonymous_22)
FN:1005,(anonymous_23)
FN:1034,(anonymous_24)
FN:1063,(anonymous_25)
FN:1083,(anonymous_26)
FN:1097,(anonymous_27)
FN:1111,(anonymous_28)
FN:1162,(anonymous_29)
FN:1175,(anonymous_30)
FN:1189,(anonymous_31)
FN:1201,(anonymous_32)
FN:1225,syncDisk
FN:1233,(anonymous_34)
FNF:35
FNH:0
FNDA:0,(anonymous_0)
FNDA:0,(anonymous_1)
FNDA:0,(anonymous_2)
FNDA:0,(anonymous_3)
FNDA:0,(anonymous_4)
FNDA:0,(anonymous_5)
FNDA:0,(anonymous_6)
FNDA:0,(anonymous_7)
FNDA:0,(anonymous_8)
FNDA:0,(anonymous_9)
FNDA:0,(anonymous_10)
FNDA:0,(anonymous_11)
FNDA:0,(anonymous_12)
FNDA:0,(anonymous_13)
FNDA:0,(anonymous_14)
FNDA:0,(anonymous_15)
FNDA:0,(anonymous_16)
FNDA:0,(anonymous_17)
FNDA:0,(anonymous_18)
FNDA:0,(anonymous_19)
FNDA:0,(anonymous_20)
FNDA:0,(anonymous_21)
FNDA:0,(anonymous_22)
FNDA:0,(anonymous_23)
FNDA:0,(anonymous_24)
FNDA:0,(anonymous_25)
FNDA:0,(anonymous_26)
FNDA:0,(anonymous_27)
FNDA:0,(anonymous_28)
FNDA:0,(anonymous_29)
FNDA:0,(anonymous_30)
FNDA:0,(anonymous_31)
FNDA:0,(anonymous_32)
FNDA:0,syncDisk
FNDA:0,(anonymous_34)
DA:11,1
DA:12,1
DA:13,1
DA:14,1
DA:15,1
DA:16,1
DA:20,1
DA:21,1
DA:27,1
DA:42,1
DA:47,1
DA:48,0
DA:49,0
DA:50,0
DA:65,0
DA:67,0
DA:68,0
DA:71,0
DA:72,0
DA:73,0
DA:74,0
DA:75,0
DA:76,0
DA:77,0
DA:79,0
DA:80,0
DA:81,0
DA:88,0
DA:92,0
DA:93,0
DA:94,0
DA:96,0
DA:97,0
DA:98,0
DA:99,0
DA:103,0
DA:107,0
DA:108,0
DA:109,0
DA:113,0
DA:116,0
DA:117,0
DA:118,0
DA:122,0
DA:130,0
DA:131,0
DA:135,0
DA:137,0
DA:140,0
DA:141,0
DA:142,0
DA:143,0
DA:144,0
DA:145,0
DA:147,0
DA:150,0
DA:151,0
DA:155,0
DA:156,0
DA:159,0
DA:185,0
DA:188,0
DA:200,0
DA:209,0
DA:212,0
DA:213,0
DA:214,0
DA:215,0
DA:216,0
DA:220,0
DA:227,0
DA:241,0
DA:242,0
DA:243,0
DA:245,0
DA:264,1
DA:265,0
DA:272,0
DA:274,0
DA:275,0
DA:276,0
DA:278,0
DA:280,0
DA:281,0
DA:282,0
DA:284,0
DA:285,0
DA:287,0
DA:288,0
DA:289,0
DA:291,0
DA:292,0
DA:293,0
DA:295,0
DA:296,0
DA:297,0
DA:299,0
DA:300,0
DA:302,0
DA:303,0
DA:309,0
DA:310,0
DA:313,0
DA:314,0
DA:315,0
DA:316,0
DA:318,0
DA:348,0
DA:349,0
DA:351,0
DA:361,0
DA:362,0
DA:369,1
DA:370,0
DA:371,0
DA:394,0
DA:395,0
DA:397,0
DA:398,0
DA:405,1
DA:406,0
DA:407,0
DA:415,0
DA:417,0
DA:418,0
DA:425,1
DA:426,0
DA:427,0
DA:428,0
DA:430,0
DA:431,0
DA:432,0
DA:435,0
DA:442,0
DA:443,0
DA:444,0
DA:446,0
DA:449,0
DA:450,0
DA:451,0
DA:457,0
DA:458,0
DA:459,0
DA:463,0
DA:464,0
DA:465,0
DA:474,0
DA:475,0
DA:477,0
DA:478,0
DA:479,0
DA:481,0
DA:482,0
DA:484,0
DA:485,0
DA:486,0
DA:488,0
DA:489,0
DA:491,0
DA:492,0
DA:493,0
DA:495,0
DA:496,0
DA:497,0
DA:498,0
DA:500,0
DA:502,0
DA:503,0
DA:504,0
DA:506,0
DA:507,0
DA:508,0
DA:509,0
DA:511,0
DA:521,0
DA:522,0
DA:525,0
DA:526,0
DA:527,0
DA:528,0
DA:530,0
DA:531,0
DA:532,0
DA:533,0
DA:535,0
DA:538,0
DA:550,0
DA:558,0
DA:559,0
DA:568,0
DA:569,0
DA:583,0
DA:590,0
DA:593,0
DA:596,0
DA:598,0
DA:600,0
DA:601,0
DA:602,0
DA:604,0
DA:612,1
DA:613,0
DA:614,0
DA:615,0
DA:617,0
DA:618,0
DA:620,0
DA:621,0
DA:622,0
DA:626,0
DA:633,0
DA:634,0
DA:635,0
DA:637,0
DA:638,0
DA:641,0
DA:642,0
DA:643,0
DA:649,0
DA:650,0
DA:651,0
DA:655,0
DA:656,0
DA:658,0
DA:659,0
DA:660,0
DA:661,0
DA:662,0
DA:668,0
DA:669,0
DA:670,0
DA:678,0
DA:681,0
DA:689,0
DA:690,0
DA:691,0
DA:692,0
DA:697,0
DA:705,0
DA:709,0
DA:710,0
DA:711,0
DA:713,0
DA:716,0
DA:722,0
DA:723,0
DA:730,0
DA:746,0
DA:749,0
DA:752,0
DA:754,0
DA:760,0
DA:761,0
DA:762,0
DA:764,0
DA:771,1
DA:772,0
DA:773,0
DA:787,0
DA:793,0
DA:795,0
DA:796,0
DA:804,1
DA:805,0
DA:806,0
DA:824,0
DA:825,0
DA:826,0
DA:829,0
DA:835,0
DA:836,0
DA:844,1
DA:845,0
DA:846,0
DA:868,0
DA:869,0
DA:873,0
DA:874,0
DA:888,1
DA:889,0
DA:890,0
DA:910,0
DA:912,0
DA:913,0
DA:923,1
DA:924,0
DA:925,0
DA:926,0
DA:928,0
DA:931,0
DA:940,0
DA:941,0
DA:942,0
DA:950,0
DA:953,0
DA:954,0
DA:955,0
DA:959,0
DA:960,0
DA:965,0
DA:966,0
DA:984,0
DA:985,0
DA:988,0
DA:991,0
DA:992,0
DA:993,0
DA:995,0
DA:1005,1
DA:1006,0
DA:1007,0
DA:1023,0
DA:1025,0
DA:1026,0
DA:1034,1
DA:1035,0
DA:1036,0
DA:1052,0
DA:1054,0
DA:1055,0
DA:1063,1
DA:1064,0
DA:1065,0
DA:1066,0
DA:1067,0
DA:1075,0
DA:1076,0
DA:1077,0
DA:1078,0
DA:1080,0
DA:1083,0
DA:1084,0
DA:1088,0
DA:1089,0
DA:1096,0
DA:1097,0
DA:1099,0
DA:1100,0
DA:1102,0
DA:1111,1
DA:1112,0
DA:1113,0
DA:1116,0
DA:1120,0
DA:1121,0
DA:1123,0
DA:1126,0
DA:1138,0
DA:1149,0
DA:1159,0
DA:1162,0
DA:1163,0
DA:1164,0
DA:1175,0
DA:1176,0
DA:1189,0
DA:1190,0
DA:1201,0
DA:1203,0
DA:1216,0
DA:1217,0
DA:1226,0
DA:1227,0
DA:1229,0
DA:1230,0
DA:1233,0
DA:1234,0
DA:1235,0
DA:1236,0
DA:1238,0
DA:1239,0
DA:1243,1
LF:372
LH:26
BRDA:60,0,0,0
BRDA:67,1,0,0
BRDA:67,1,1,0
BRDA:68,2,0,0
BRDA:68,2,1,0
BRDA:72,3,0,0
BRDA:72,3,1,0
BRDA:73,4,0,0
BRDA:73,4,1,0
BRDA:74,5,0,0
BRDA:74,5,1,0
BRDA:75,6,0,0
BRDA:75,6,1,0
BRDA:76,7,0,0
BRDA:76,7,1,0
BRDA:77,8,0,0
BRDA:77,8,1,0
BRDA:79,9,0,0
BRDA:79,9,1,0
BRDA:92,10,0,0
BRDA:92,10,1,0
BRDA:97,11,0,0
BRDA:97,11,1,0
BRDA:107,12,0,0
BRDA:107,12,1,0
BRDA:116,13,0,0
BRDA:116,13,1,0
BRDA:150,14,0,0
BRDA:150,14,1,0
BRDA:178,15,0,0
BRDA:178,15,1,0
BRDA:178,16,0,0
BRDA:178,16,1,0
BRDA:179,17,0,0
BRDA:179,17,1,0
BRDA:179,18,0,0
BRDA:179,18,1,0
BRDA:181,19,0,0
BRDA:181,19,1,0
BRDA:182,20,0,0
BRDA:182,20,1,0
BRDA:195,21,0,0
BRDA:195,21,1,0
BRDA:204,22,0,0
BRDA:204,22,1,0
BRDA:213,23,0,0
BRDA:213,23,1,0
BRDA:215,24,0,0
BRDA:215,24,1,0
BRDA:224,25,0,0
BRDA:224,25,1,0
BRDA:270,26,0,0
BRDA:271,27,0,0
BRDA:278,28,0,0
BRDA:278,28,1,0
BRDA:284,29,0,0
BRDA:284,29,1,0
BRDA:285,30,0,0
BRDA:285,30,1,0
BRDA:287,31,0,0
BRDA:287,31,1,0
BRDA:288,32,0,0
BRDA:288,32,1,0
BRDA:289,33,0,0
BRDA:289,33,1,0
BRDA:291,34,0,0
BRDA:291,34,1,0
BRDA:295,35,0,0
BRDA:295,35,1,0
BRDA:299,36,0,0
BRDA:299,36,1,0
BRDA:302,37,0,0
BRDA:302,37,1,0
BRDA:313,38,0,0
BRDA:313,38,1,0
BRDA:314,39,0,0
BRDA:314,39,1,0
BRDA:315,40,0,0
BRDA:315,40,1,0
BRDA:348,41,0,0
BRDA:348,41,1,0
BRDA:394,42,0,0
BRDA:394,42,1,0
BRDA:432,43,0,0
BRDA:432,43,1,0
BRDA:442,44,0,0
BRDA:442,44,1,0
BRDA:449,45,0,0
BRDA:449,45,1,0
BRDA:457,46,0,0
BRDA:457,46,1,0
BRDA:463,47,0,0
BRDA:463,47,1,0
BRDA:477,48,0,0
BRDA:477,48,1,0
BRDA:477,49,0,0
BRDA:477,49,1,0
BRDA:477,49,2,0
BRDA:479,50,0,0
BRDA:479,50,1,0
BRDA:485,51,0,0
BRDA:485,51,1,0
BRDA:491,52,0,0
BRDA:491,52,1,0
BRDA:493,53,0,0
BRDA:493,53,1,0
BRDA:493,54,0,0
BRDA:493,54,1,0
BRDA:496,55,0,0
BRDA:496,55,1,0
BRDA:503,56,0,0
BRDA:503,56,1,0
BRDA:507,57,0,0
BRDA:507,57,1,0
BRDA:527,58,0,0
BRDA:527,58,1,0
BRDA:546,59,0,0
BRDA:546,59,1,0
BRDA:554,60,0,0
BRDA:554,60,1,0
BRDA:558,61,0,0
BRDA:558,61,1,0
BRDA:568,62,0,0
BRDA:568,62,1,0
BRDA:572,63,0,0
BRDA:572,63,1,0
BRDA:586,64,0,0
BRDA:586,64,1,0
BRDA:620,65,0,0
BRDA:620,65,1,0
BRDA:633,66,0,0
BRDA:633,66,1,0
BRDA:641,67,0,0
BRDA:641,67,1,0
BRDA:655,68,0,0
BRDA:655,68,1,0
BRDA:656,69,0,0
BRDA:656,69,1,0
BRDA:658,70,0,0
BRDA:658,70,1,0
BRDA:659,71,0,0
BRDA:659,71,1,0
BRDA:659,72,0,0
BRDA:659,72,1,0
BRDA:661,73,0,0
BRDA:661,73,1,0
BRDA:668,74,0,0
BRDA:668,74,1,0
BRDA:668,75,0,0
BRDA:668,75,1,0
BRDA:668,75,2,0
BRDA:678,76,0,0
BRDA:678,76,1,0
BRDA:690,77,0,0
BRDA:690,77,1,0
BRDA:690,78,0,0
BRDA:690,78,1,0
BRDA:692,79,0,0
BRDA:692,79,1,0
BRDA:694,80,0,0
BRDA:694,80,1,0
BRDA:709,81,0,0
BRDA:709,81,1,0
BRDA:722,82,0,0
BRDA:722,82,1,0
BRDA:734,83,0,0
BRDA:734,83,1,0
BRDA:739,84,0,0
BRDA:739,84,1,0
BRDA:789,85,0,0
BRDA:789,85,1,0
BRDA:940,86,0,0
BRDA:940,86,1,0
BRDA:953,87,0,0
BRDA:953,87,1,0
BRDA:972,88,0,0
BRDA:972,88,1,0
BRDA:1075,89,0,0
BRDA:1075,89,1,0
BRDA:1120,90,0,0
BRDA:1120,90,1,0
BRDA:1163,91,0,0
BRDA:1163,91,1,0
BRDA:1169,92,0,0
BRDA:1169,92,1,0
BRDA:1170,93,0,0
BRDA:1170,93,1,0
BRDA:1170,93,2,0
BRDA:1177,94,0,0
BRDA:1177,94,1,0
BRDA:1229,95,0,0
BRDA:1229,95,1,0
BRDA:1234,96,0,0
BRDA:1234,96,1,0
BRDA:1235,97,0,0
BRDA:1235,97,1,0
BRDA:1236,98,0,0
BRDA:1236,98,1,0
BRF:198
BRH:0
end_of_record
TN:
SF:src\controllers\folderController.js
FN:8,(anonymous_0)
FN:22,(anonymous_1)
FNF:2
FNH:0
FNDA:0,(anonymous_0)
FNDA:0,(anonymous_1)
DA:6,1
DA:8,1
DA:9,0
DA:10,0
DA:11,0
DA:15,0
DA:17,0
DA:18,0
DA:22,1
DA:23,0
DA:24,0
DA:25,0
DA:29,0
DA:31,0
DA:32,0
DA:36,1
LF:16
LH:4
BRF:0
BRH:0
end_of_record
TN:
SF:src\controllers\incidentController.js
FN:7,ensureIncidentsTable
FN:32,(anonymous_1)
FN:71,(anonymous_2)
FN:103,(anonymous_3)
FNF:4
FNH:0
FNDA:0,ensureIncidentsTable
FNDA:0,(anonymous_1)
FNDA:0,(anonymous_2)
FNDA:0,(anonymous_3)
DA:5,1
DA:8,0
DA:28,0
DA:32,1
DA:33,0
DA:34,0
DA:35,0
DA:36,0
DA:38,0
DA:39,0
DA:41,0
DA:43,0
DA:44,0
DA:47,0
DA:49,0
DA:63,0
DA:65,0
DA:66,0
DA:71,1
DA:72,0
DA:73,0
DA:74,0
DA:76,0
DA:77,0
DA:78,0
DA:81,0
DA:82,0
DA:92,0
DA:93,0
DA:95,0
DA:97,0
DA:98,0
DA:103,1
DA:104,0
DA:105,0
DA:106,0
DA:108,0
DA:109,0
DA:114,0
DA:116,0
DA:117,0
DA:121,1
LF:42
LH:5
BRDA:33,0,0,0
BRDA:33,1,0,0
BRDA:38,2,0,0
BRDA:38,2,1,0
BRDA:39,3,0,0
BRDA:39,3,1,0
BRDA:41,4,0,0
BRDA:41,4,1,0
BRDA:77,5,0,0
BRDA:77,5,1,0
BRDA:90,6,0,0
BRDA:90,6,1,0
BRDA:92,7,0,0
BRDA:92,7,1,0
BRDA:104,8,0,0
BRDA:105,9,0,0
BRDA:105,9,1,0
BRDA:105,10,0,0
BRDA:105,10,1,0
BRDA:112,11,0,0
BRDA:112,11,1,0
BRDA:112,12,0,0
BRDA:112,12,1,0
BRF:23
BRH:0
end_of_record
TN:
SF:src\controllers\logController.js
FN:19,ensureAuditColumns
FN:39,(anonymous_1)
FN:58,(anonymous_2)
FN:59,(anonymous_3)
FN:144,(anonymous_4)
FN:146,(anonymous_5)
FN:151,(anonymous_6)
FNF:7
FNH:1
FNDA:1,ensureAuditColumns
FNDA:0,(anonymous_1)
FNDA:0,(anonymous_2)
FNDA:0,(anonymous_3)
FNDA:0,(anonymous_4)
FNDA:0,(anonymous_5)
FNDA:0,(anonymous_6)
DA:6,1
DA:13,1
DA:20,1
DA:28,0
DA:29,0
DA:30,0
DA:31,0
DA:39,1
DA:51,0
DA:53,0
DA:54,0
DA:55,0
DA:58,0
DA:59,0
DA:60,0
DA:62,0
DA:63,0
DA:64,0
DA:66,0
DA:67,0
DA:68,0
DA:70,0
DA:71,0
DA:72,0
DA:74,0
DA:75,0
DA:76,0
DA:78,0
DA:79,0
DA:80,0
DA:82,0
DA:83,0
DA:84,0
DA:86,0
DA:87,0
DA:88,0
DA:90,0
DA:91,0
DA:92,0
DA:95,0
DA:97,0
DA:98,0
DA:105,0
DA:107,0
DA:108,0
DA:110,0
DA:134,0
DA:136,0
DA:137,0
DA:144,1
DA:145,0
DA:146,0
DA:147,0
DA:151,0
DA:153,0
DA:154,0
DA:158,1
LF:57
LH:6
BRDA:49,0,0,0
BRDA:50,1,0,0
BRDA:62,2,0,0
BRDA:62,2,1,0
BRDA:66,3,0,0
BRDA:66,3,1,0
BRDA:70,4,0,0
BRDA:70,4,1,0
BRDA:74,5,0,0
BRDA:74,5,1,0
BRDA:78,6,0,0
BRDA:78,6,1,0
BRDA:82,7,0,0
BRDA:82,7,1,0
BRDA:86,8,0,0
BRDA:86,8,1,0
BRDA:90,9,0,0
BRDA:90,9,1,0
BRDA:95,10,0,0
BRDA:95,10,1,0
BRF:20
BRH:0
end_of_record
TN:
SF:src\controllers\notificationController.js
FN:12,emailsByRoles
FN:14,(anonymous_1)
FN:21,(anonymous_2)
FN:27,allActiveEmails
FN:31,(anonymous_4)
FN:40,ensureNotificationsTable
FN:64,createNotification
FN:77,createNotificationsForRoles
FN:80,(anonymous_8)
FN:109,triggerStatusNotification
FN:198,(anonymous_10)
FN:208,triggerNewVersionNotification
FN:212,(anonymous_12)
FN:243,(anonymous_13)
FN:254,runExpirationNotificationsJob
FN:258,(anonymous_15)
FN:287,(anonymous_16)
FN:293,(anonymous_17)
FN:300,(anonymous_18)
FN:309,(anonymous_19)
FN:340,(anonymous_20)
FN:349,(anonymous_21)
FN:360,getUserNotifications
FN:385,getUnreadCount
FN:404,markAsRead
FN:424,markAllAsRead
FN:444,triggerExpirationJob
FNF:27
FNH:0
FNDA:0,emailsByRoles
FNDA:0,(anonymous_1)
FNDA:0,(anonymous_2)
FNDA:0,allActiveEmails
FNDA:0,(anonymous_4)
FNDA:0,ensureNotificationsTable
FNDA:0,createNotification
FNDA:0,createNotificationsForRoles
FNDA:0,(anonymous_8)
FNDA:0,triggerStatusNotification
FNDA:0,(anonymous_10)
FNDA:0,triggerNewVersionNotification
FNDA:0,(anonymous_12)
FNDA:0,(anonymous_13)
FNDA:0,runExpirationNotificationsJob
FNDA:0,(anonymous_15)
FNDA:0,(anonymous_16)
FNDA:0,(anonymous_17)
FNDA:0,(anonymous_18)
FNDA:0,(anonymous_19)
FNDA:0,(anonymous_20)
FNDA:0,(anonymous_21)
FNDA:0,getUserNotifications
FNDA:0,getUnreadCount
FNDA:0,markAsRead
FNDA:0,markAllAsRead
FNDA:0,triggerExpirationJob
DA:7,1
DA:8,1
DA:9,1
DA:13,0
DA:14,0
DA:15,0
DA:21,0
DA:23,0
DA:24,0
DA:25,0
DA:28,0
DA:31,0
DA:32,0
DA:33,0
DA:34,0
DA:41,0
DA:52,0
DA:55,0
DA:58,0
DA:65,0
DA:78,0
DA:80,0
DA:81,0
DA:89,0
DA:91,0
DA:99,0
DA:101,0
DA:110,0
DA:114,0
DA:115,0
DA:116,0
DA:122,0
DA:123,0
DA:129,0
DA:130,0
DA:136,0
DA:137,0
DA:143,0
DA:144,0
DA:147,0
DA:148,0
DA:153,0
DA:154,0
DA:161,0
DA:162,0
DA:169,0
DA:172,0
DA:173,0
DA:174,0
DA:175,0
DA:176,0
DA:177,0
DA:178,0
DA:179,0
DA:180,0
DA:181,0
DA:183,0
DA:185,0
DA:186,0
DA:192,0
DA:196,0
DA:200,0
DA:209,0
DA:212,0
DA:213,0
DA:216,0
DA:218,0
DA:219,0
DA:225,0
DA:228,0
DA:229,0
DA:230,0
DA:231,0
DA:237,0
DA:241,0
DA:245,0
DA:255,0
DA:256,0
DA:258,0
DA:259,0
DA:260,0
DA:264,0
DA:273,0
DA:274,0
DA:277,0
DA:284,0
DA:286,0
DA:287,0
DA:288,0
DA:291,0
DA:293,0
DA:300,0
DA:302,0
DA:305,0
DA:306,0
DA:314,0
DA:322,0
DA:323,0
DA:331,0
DA:332,0
DA:333,0
DA:334,0
DA:340,0
DA:343,0
DA:345,0
DA:346,0
DA:353,0
DA:361,0
DA:362,0
DA:364,0
DA:365,0
DA:375,0
DA:377,0
DA:378,0
DA:386,0
DA:387,0
DA:389,0
DA:390,0
DA:395,0
DA:397,0
DA:405,0
DA:406,0
DA:407,0
DA:409,0
DA:410,0
DA:415,0
DA:417,0
DA:425,0
DA:426,0
DA:428,0
DA:429,0
DA:434,0
DA:436,0
DA:445,0
DA:446,0
DA:447,0
DA:448,0
DA:449,0
DA:451,0
DA:455,1
LF:140
LH:4
BRDA:13,0,0,0
BRDA:13,0,1,0
BRDA:13,1,0,0
BRDA:13,1,1,0
BRDA:24,2,0,0
BRDA:24,2,1,0
BRDA:24,3,0,0
BRDA:24,3,1,0
BRDA:33,4,0,0
BRDA:33,4,1,0
BRDA:33,5,0,0
BRDA:33,5,1,0
BRDA:68,6,0,0
BRDA:68,6,1,0
BRDA:78,7,0,0
BRDA:78,7,1,0
BRDA:78,8,0,0
BRDA:78,8,1,0
BRDA:97,9,0,0
BRDA:97,9,1,0
BRDA:99,10,0,0
BRDA:99,10,1,0
BRDA:110,11,0,0
BRDA:110,11,1,0
BRDA:111,12,0,0
BRDA:111,12,1,0
BRDA:115,13,0,0
BRDA:115,13,1,0
BRDA:122,14,0,0
BRDA:122,14,1,0
BRDA:129,15,0,0
BRDA:129,15,1,0
BRDA:136,16,0,0
BRDA:136,16,1,0
BRDA:143,17,0,0
BRDA:143,17,1,0
BRDA:153,18,0,0
BRDA:153,18,1,0
BRDA:161,19,0,0
BRDA:161,19,1,0
BRDA:174,20,0,0
BRDA:174,20,1,0
BRDA:174,21,0,0
BRDA:174,21,1,0
BRDA:176,22,0,0
BRDA:176,22,1,0
BRDA:178,23,0,0
BRDA:178,23,1,0
BRDA:178,24,0,0
BRDA:178,24,1,0
BRDA:180,25,0,0
BRDA:180,25,1,0
BRDA:185,26,0,0
BRDA:185,26,1,0
BRDA:209,27,0,0
BRDA:209,27,1,0
BRDA:210,28,0,0
BRDA:210,28,1,0
BRDA:212,29,0,0
BRDA:212,29,1,0
BRDA:213,30,0,0
BRDA:213,30,1,0
BRDA:213,31,0,0
BRDA:213,31,1,0
BRDA:216,32,0,0
BRDA:216,32,1,0
BRDA:230,33,0,0
BRDA:230,33,1,0
BRDA:284,34,0,0
BRDA:284,34,1,0
BRDA:296,35,0,0
BRDA:296,35,1,0
BRDA:331,36,0,0
BRDA:331,36,1,0
BRDA:362,37,0,0
BRDA:362,37,1,0
BRDA:387,38,0,0
BRDA:387,38,1,0
BRDA:407,39,0,0
BRDA:407,39,1,0
BRDA:426,40,0,0
BRDA:426,40,1,0
BRDA:446,41,0,0
BRDA:446,41,1,0
BRF:84
BRH:0
end_of_record
TN:
SF:src\controllers\processController.js
FN:3,(anonymous_0)
FNF:1
FNH:0
FNDA:0,(anonymous_0)
DA:1,1
DA:3,1
DA:4,0
DA:5,0
DA:6,0
DA:8,0
DA:9,0
DA:13,1
LF:8
LH:3
BRF:0
BRH:0
end_of_record
TN:
SF:src\controllers\roleController.js
FN:19,(anonymous_0)
FN:49,(anonymous_1)
FN:54,(anonymous_2)
FN:58,(anonymous_3)
FN:59,(anonymous_4)
FN:71,(anonymous_5)
FN:92,(anonymous_6)
FN:141,(anonymous_7)
FN:167,(anonymous_8)
FNF:9
FNH:0
FNDA:0,(anonymous_0)
FNDA:0,(anonymous_1)
FNDA:0,(anonymous_2)
FNDA:0,(anonymous_3)
FNDA:0,(anonymous_4)
FNDA:0,(anonymous_5)
FNDA:0,(anonymous_6)
FNDA:0,(anonymous_7)
FNDA:0,(anonymous_8)
DA:6,1
DA:7,1
DA:13,1
DA:19,1
DA:20,0
DA:22,0
DA:26,0
DA:28,0
DA:29,0
DA:35,0
DA:40,0
DA:43,0
DA:49,1
DA:50,0
DA:51,0
DA:54,0
DA:58,0
DA:59,0
DA:61,0
DA:63,0
DA:64,0
DA:71,1
DA:72,0
DA:73,0
DA:80,0
DA:82,0
DA:83,0
DA:92,1
DA:93,0
DA:94,0
DA:96,0
DA:97,0
DA:99,0
DA:101,0
DA:105,0
DA:106,0
DA:109,0
DA:110,0
DA:113,0
DA:117,0
DA:118,0
DA:121,0
DA:125,0
DA:132,0
DA:133,0
DA:141,1
DA:142,0
DA:143,0
DA:144,0
DA:148,0
DA:149,0
DA:151,0
DA:152,0
DA:153,0
DA:158,0
DA:159,0
DA:167,1
DA:168,0
DA:169,0
DA:171,0
DA:172,0
DA:175,0
DA:176,0
DA:182,0
DA:183,0
DA:185,0
DA:186,0
DA:187,0
DA:190,0
DA:194,0
DA:199,0
DA:200,0
DA:204,1
LF:73
LH:10
BRDA:26,0,0,0
BRDA:26,0,1,0
BRDA:56,1,0,0
BRDA:56,1,1,0
BRDA:96,2,0,0
BRDA:96,2,1,0
BRDA:105,3,0,0
BRDA:105,3,1,0
BRDA:109,4,0,0
BRDA:109,4,1,0
BRDA:117,5,0,0
BRDA:117,5,1,0
BRDA:148,6,0,0
BRDA:148,6,1,0
BRDA:171,7,0,0
BRDA:171,7,1,0
BRDA:182,8,0,0
BRDA:182,8,1,0
BRDA:186,9,0,0
BRDA:186,9,1,0
BRF:20
BRH:0
end_of_record
TN:
SF:src\controllers\typeController.js
FN:8,(anonymous_0)
FNF:1
FNH:0
FNDA:0,(anonymous_0)
DA:6,1
DA:8,1
DA:9,0
DA:10,0
DA:13,0
DA:15,0
DA:16,0
DA:20,1
LF:8
LH:3
BRF:0
BRH:0
end_of_record
TN:
SF:src\controllers\userController.js
FN:8,(anonymous_0)
FN:24,(anonymous_1)
FNF:2
FNH:0
FNDA:0,(anonymous_0)
FNDA:0,(anonymous_1)
DA:6,1
DA:8,1
DA:9,0
DA:10,0
DA:15,0
DA:17,0
DA:18,0
DA:24,1
DA:25,0
DA:26,0
DA:32,0
DA:34,0
DA:35,0
DA:39,1
LF:14
LH:4
BRF:0
BRH:0
end_of_record
TN:
SF:src\controllers\validationController.js
FN:20,(anonymous_0)
FN:29,(anonymous_1)
FN:99,(anonymous_2)
FN:255,(anonymous_3)
FN:286,(anonymous_4)
FN:335,(anonymous_5)
FN:409,(anonymous_6)
FN:426,(anonymous_7)
FN:430,(anonymous_8)
FN:443,(anonymous_9)
FN:509,(anonymous_10)
FN:528,(anonymous_11)
FN:568,(anonymous_12)
FN:573,(anonymous_13)
FN:575,(anonymous_14)
FN:576,(anonymous_15)
FN:592,(anonymous_16)
FN:632,(anonymous_17)
FN:653,(anonymous_18)
FN:708,(anonymous_19)
FNF:20
FNH:0
FNDA:0,(anonymous_0)
FNDA:0,(anonymous_1)
FNDA:0,(anonymous_2)
FNDA:0,(anonymous_3)
FNDA:0,(anonymous_4)
FNDA:0,(anonymous_5)
FNDA:0,(anonymous_6)
FNDA:0,(anonymous_7)
FNDA:0,(anonymous_8)
FNDA:0,(anonymous_9)
FNDA:0,(anonymous_10)
FNDA:0,(anonymous_11)
FNDA:0,(anonymous_12)
FNDA:0,(anonymous_13)
FNDA:0,(anonymous_14)
FNDA:0,(anonymous_15)
FNDA:0,(anonymous_16)
FNDA:0,(anonymous_17)
FNDA:0,(anonymous_18)
FNDA:0,(anonymous_19)
DA:13,1
DA:14,1
DA:15,1
DA:20,1
DA:21,0
DA:29,1
DA:30,0
DA:49,0
DA:53,0
DA:57,0
DA:62,0
DA:63,0
DA:64,0
DA:65,0
DA:66,0
DA:69,0
DA:79,0
DA:82,0
DA:85,0
DA:99,1
DA:100,0
DA:105,0
DA:108,0
DA:109,0
DA:110,0
DA:117,0
DA:118,0
DA:119,0
DA:125,0
DA:126,0
DA:127,0
DA:130,0
DA:139,0
DA:140,0
DA:141,0
DA:144,0
DA:147,0
DA:148,0
DA:149,0
DA:160,0
DA:164,0
DA:165,0
DA:166,0
DA:171,0
DA:175,0
DA:181,0
DA:182,0
DA:183,0
DA:190,0
DA:198,0
DA:201,0
DA:209,0
DA:212,0
DA:234,0
DA:235,0
DA:236,0
DA:237,0
DA:238,0
DA:239,0
DA:244,0
DA:248,0
DA:251,0
DA:252,0
DA:258,0
DA:274,0
DA:275,0
DA:276,0
DA:278,0
DA:286,1
DA:287,0
DA:288,0
DA:290,0
DA:297,0
DA:298,0
DA:301,0
DA:319,0
DA:325,0
DA:326,0
DA:335,1
DA:342,0
DA:344,0
DA:345,0
DA:346,0
DA:348,0
DA:349,0
DA:350,0
DA:352,0
DA:353,0
DA:354,0
DA:356,0
DA:357,0
DA:358,0
DA:361,0
DA:363,0
DA:364,0
DA:389,0
DA:390,0
DA:400,0
DA:401,0
DA:409,1
DA:410,0
DA:411,0
DA:425,0
DA:426,0
DA:428,0
DA:430,0
DA:434,0
DA:435,0
DA:443,1
DA:444,0
DA:445,0
DA:497,0
DA:499,0
DA:500,0
DA:509,1
DA:510,0
DA:511,0
DA:517,0
DA:519,0
DA:520,0
DA:528,1
DA:529,0
DA:530,0
DA:532,0
DA:539,0
DA:540,0
DA:543,0
DA:546,0
DA:567,0
DA:568,0
DA:570,0
DA:573,0
DA:575,0
DA:576,0
DA:582,0
DA:583,0
DA:592,1
DA:593,0
DA:594,0
DA:605,0
DA:611,0
DA:613,0
DA:619,0
DA:620,0
DA:632,1
DA:633,0
DA:634,0
DA:636,0
DA:637,0
DA:639,0
DA:640,0
DA:642,0
DA:643,0
DA:645,0
DA:653,1
DA:654,0
DA:656,0
DA:658,0
DA:663,0
DA:664,0
DA:670,0
DA:674,0
DA:689,0
DA:699,0
DA:700,0
DA:708,1
DA:709,0
DA:711,0
DA:712,0
DA:717,0
DA:718,0
DA:722,0
DA:736,0
DA:745,0
DA:746,0
DA:750,1
LF:176
LH:17
BRDA:102,0,0,0
BRDA:103,1,0,0
BRDA:104,2,0,0
BRDA:108,3,0,0
BRDA:108,3,1,0
BRDA:109,4,0,0
BRDA:109,4,1,0
BRDA:118,5,0,0
BRDA:118,5,1,0
BRDA:139,6,0,0
BRDA:139,6,1,0
BRDA:147,7,0,0
BRDA:147,7,1,0
BRDA:164,8,0,0
BRDA:164,8,1,0
BRDA:181,9,0,0
BRDA:181,9,1,0
BRDA:196,10,0,0
BRDA:196,10,1,0
BRDA:206,11,0,0
BRDA:206,11,1,0
BRDA:218,12,0,0
BRDA:218,12,1,0
BRDA:235,13,0,0
BRDA:235,13,1,0
BRDA:235,14,0,0
BRDA:235,14,1,0
BRDA:237,15,0,0
BRDA:237,15,1,0
BRDA:241,16,0,0
BRDA:241,16,1,0
BRDA:251,17,0,0
BRDA:251,17,1,0
BRDA:297,18,0,0
BRDA:297,18,1,0
BRDA:337,19,0,0
BRDA:338,20,0,0
BRDA:348,21,0,0
BRDA:348,21,1,0
BRDA:348,22,0,0
BRDA:348,22,1,0
BRDA:352,23,0,0
BRDA:352,23,1,0
BRDA:356,24,0,0
BRDA:356,24,1,0
BRDA:361,25,0,0
BRDA:361,25,1,0
BRDA:389,26,0,0
BRDA:389,26,1,0
BRDA:431,27,0,0
BRDA:431,27,1,0
BRDA:539,28,0,0
BRDA:539,28,1,0
BRDA:567,29,0,0
BRDA:567,29,1,0
BRDA:575,30,0,0
BRDA:575,30,1,0
BRDA:576,31,0,0
BRDA:576,31,1,0
BRDA:611,32,0,0
BRDA:611,32,1,0
BRDA:611,32,2,0
BRDA:615,33,0,0
BRDA:615,33,1,0
BRDA:633,34,0,0
BRDA:633,34,1,0
BRDA:636,35,0,0
BRDA:636,35,1,0
BRDA:639,36,0,0
BRDA:639,36,1,0
BRDA:642,37,0,0
BRDA:642,37,1,0
BRDA:663,38,0,0
BRDA:663,38,1,0
BRDA:680,39,0,0
BRDA:680,39,1,0
BRDA:717,40,0,0
BRDA:717,40,1,0
BRDA:728,41,0,0
BRDA:728,41,1,0
BRF:80
BRH:0
end_of_record
TN:
SF:src\kafka\consumer.js
FN:24,withAdminEmail
FN:30,emailsByRoles
FN:32,(anonymous_2)
FN:39,(anonymous_3)
FN:42,allActiveEmails
FN:46,(anonymous_5)
FN:51,handleDocumentCreated
FN:57,handleStatusChanged
FN:74,handleVersionAdded
FN:80,handleExpiring
FN:86,handleInactive
FN:102,ensureTopicsExist
FN:108,(anonymous_12)
FN:121,(anonymous_13)
FN:125,connectConsumer
FN:138,(anonymous_15)
FNF:16
FNH:0
FNDA:0,withAdminEmail
FNDA:0,emailsByRoles
FNDA:0,(anonymous_2)
FNDA:0,(anonymous_3)
FNDA:0,allActiveEmails
FNDA:0,(anonymous_5)
FNDA:0,handleDocumentCreated
FNDA:0,handleStatusChanged
FNDA:0,handleVersionAdded
FNDA:0,handleExpiring
FNDA:0,handleInactive
FNDA:0,ensureTopicsExist
FNDA:0,(anonymous_12)
FNDA:0,(anonymous_13)
FNDA:0,connectConsumer
FNDA:0,(anonymous_15)
DA:7,0
DA:8,0
DA:9,0
DA:11,0
DA:25,0
DA:26,0
DA:27,0
DA:31,0
DA:32,0
DA:33,0
DA:39,0
DA:43,0
DA:46,0
DA:52,0
DA:53,0
DA:54,0
DA:58,0
DA:59,0
DA:61,0
DA:62,0
DA:63,0
DA:64,0
DA:65,0
DA:66,0
DA:68,0
DA:71,0
DA:75,0
DA:76,0
DA:77,0
DA:81,0
DA:82,0
DA:83,0
DA:87,0
DA:88,0
DA:89,0
DA:92,0
DA:103,0
DA:104,0
DA:105,0
DA:106,0
DA:108,0
DA:114,0
DA:117,0
DA:118,0
DA:121,0
DA:126,0
DA:128,0
DA:132,0
DA:133,0
DA:135,0
DA:137,0
DA:140,0
DA:141,0
DA:143,0
DA:144,0
DA:147,0
DA:148,0
DA:150,0
DA:151,0
DA:153,0
DA:159,0
DA:162,0
LF:62
LH:0
BRDA:26,0,0,0
BRDA:26,0,1,0
BRDA:26,1,0,0
BRDA:26,1,1,0
BRDA:31,2,0,0
BRDA:31,2,1,0
BRDA:31,3,0,0
BRDA:31,3,1,0
BRDA:61,4,0,0
BRDA:61,4,1,0
BRDA:63,5,0,0
BRDA:63,5,1,0
BRDA:63,6,0,0
BRDA:63,6,1,0
BRDA:65,7,0,0
BRDA:65,7,1,0
BRDA:117,8,0,0
BRDA:117,8,1,0
BRDA:117,9,0,0
BRDA:117,9,1,0
BRDA:129,10,0,0
BRDA:129,10,1,0
BRDA:148,11,0,0
BRDA:148,11,1,0
BRF:24
BRH:0
end_of_record
TN:
SF:src\kafka\producer.js
FN:11,getKafka
FN:24,connectProducer
FN:31,disconnectProducer
FN:46,publishEvent
FNF:4
FNH:0
FNDA:0,getKafka
FNDA:0,connectProducer
FNDA:0,disconnectProducer
FNDA:0,publishEvent
DA:5,1
DA:7,1
DA:8,1
DA:9,1
DA:12,0
DA:13,0
DA:21,0
DA:25,0
DA:26,0
DA:27,0
DA:28,0
DA:32,0
DA:33,0
DA:34,0
DA:35,0
DA:47,0
DA:48,0
DA:49,0
DA:56,0
DA:58,0
DA:62,1
LF:21
LH:5
BRDA:12,0,0,0
BRDA:12,0,1,0
BRDA:14,1,0,0
BRDA:14,1,1,0
BRDA:15,2,0,0
BRDA:15,2,1,0
BRDA:32,3,0,0
BRDA:32,3,1,0
BRDA:32,4,0,0
BRDA:32,4,1,0
BRDA:47,5,0,0
BRDA:47,5,1,0
BRDA:47,6,0,0
BRDA:47,6,1,0
BRDA:52,7,0,0
BRDA:52,7,1,0
BRF:16
BRH:0
end_of_record
TN:
SF:src\middleware\errorHandler.js
FN:17,(anonymous_0)
FN:48,getGenericErrorMessage
FN:69,(anonymous_2)
FNF:3
FNH:0
FNDA:0,(anonymous_0)
FNDA:0,getGenericErrorMessage
FNDA:0,(anonymous_2)
DA:11,1
DA:17,1
DA:19,0
DA:30,0
DA:33,0
DA:36,0
DA:49,0
DA:62,0
DA:69,1
DA:70,0
DA:71,0
DA:72,0
DA:75,1
LF:13
LH:4
BRDA:30,0,0,0
BRDA:30,0,1,0
BRDA:30,0,2,0
BRDA:38,1,0,0
BRDA:38,1,1,0
BRDA:62,2,0,0
BRDA:62,2,1,0
BRF:7
BRH:0
end_of_record
TN:
SF:src\middleware\metrics.js
FN:15,metricsMiddleware
FN:17,(anonymous_1)
FN:22,recordAuthSuccess
FN:25,recordAuthFailure
FN:29,metricsHandler
FNF:5
FNH:0
FNDA:0,metricsMiddleware
FNDA:0,(anonymous_1)
FNDA:0,recordAuthSuccess
FNDA:0,recordAuthFailure
FNDA:0,metricsHandler
DA:7,1
DA:10,1
DA:11,1
DA:16,0
DA:17,0
DA:18,0
DA:22,0
DA:25,0
DA:30,0
DA:31,0
DA:32,0
DA:34,0
DA:64,0
DA:65,0
DA:68,1
LF:15
LH:4
BRDA:17,0,0,0
BRDA:17,0,1,0
BRF:2
BRH:0
end_of_record
TN:
SF:src\middleware\roleMiddleware.js
FN:56,(anonymous_0)
FN:105,(anonymous_1)
FN:105,(anonymous_2)
FN:132,(anonymous_3)
FN:142,(anonymous_4)
FNF:5
FNH:1
FNDA:0,(anonymous_0)
FNDA:19,(anonymous_1)
FNDA:0,(anonymous_2)
FNDA:0,(anonymous_3)
FNDA:0,(anonymous_4)
DA:11,1
DA:12,1
DA:13,1
DA:18,1
DA:37,1
DA:56,1
DA:58,0
DA:59,0
DA:60,0
DA:61,0
DA:63,0
DA:64,0
DA:65,0
DA:67,0
DA:68,0
DA:74,0
DA:81,0
DA:82,0
DA:83,0
DA:84,0
DA:86,0
DA:87,0
DA:94,0
DA:96,0
DA:98,0
DA:105,19
DA:106,0
DA:107,0
DA:109,0
DA:114,0
DA:115,0
DA:116,0
DA:118,0
DA:125,0
DA:132,1
DA:133,0
DA:134,0
DA:135,0
DA:136,0
DA:142,1
DA:143,0
DA:144,0
DA:147,1
LF:43
LH:10
BRDA:59,0,0,0
BRDA:59,0,1,0
BRDA:63,1,0,0
BRDA:63,1,1,0
BRDA:82,2,0,0
BRDA:82,2,1,0
BRDA:94,3,0,0
BRDA:94,3,1,0
BRDA:106,4,0,0
BRDA:106,4,1,0
BRDA:115,5,0,0
BRDA:115,5,1,0
BRDA:135,6,0,0
BRDA:135,6,1,0
BRDA:143,7,0,0
BRDA:143,7,1,0
BRF:16
BRH:0
end_of_record
TN:
SF:src\middleware\securityHeaders.js
FN:10,(anonymous_0)
FN:11,(anonymous_1)
FNF:2
FNH:0
FNDA:0,(anonymous_0)
FNDA:0,(anonymous_1)
DA:8,1
DA:10,1
DA:11,0
DA:14,0
DA:20,0
DA:23,0
DA:26,0
DA:29,0
DA:32,0
DA:41,0
DA:42,0
DA:56,0
LF:12
LH:2
BRDA:23,0,0,0
BRDA:23,0,1,0
BRDA:41,1,0,0
BRDA:41,1,1,0
BRF:4
BRH:0
end_of_record
TN:
SF:src\middleware\validate.js
FN:14,(anonymous_0)
FN:14,(anonymous_1)
FN:20,(anonymous_2)
FN:50,(anonymous_3)
FN:57,(anonymous_4)
FN:80,(anonymous_5)
FN:87,(anonymous_6)
FNF:7
FNH:0
FNDA:0,(anonymous_0)
FNDA:0,(anonymous_1)
FNDA:0,(anonymous_2)
FNDA:0,(anonymous_3)
FNDA:0,(anonymous_4)
FNDA:0,(anonymous_5)
FNDA:0,(anonymous_6)
DA:8,0
DA:9,0
DA:14,0
DA:15,0
DA:16,0
DA:17,0
DA:18,0
DA:20,0
DA:24,0
DA:30,0
DA:39,0
DA:51,0
DA:52,0
DA:53,0
DA:58,0
DA:59,0
DA:67,0
DA:74,0
DA:81,0
DA:82,0
DA:83,0
DA:88,0
DA:89,0
DA:96,0
DA:102,0
DA:104,0
DA:133,0
DA:149,0
DA:158,0
DA:163,0
LF:30
LH:0
BRDA:17,0,0,0
BRDA:17,0,1,0
BRDA:52,1,0,0
BRDA:52,1,1,0
BRDA:58,2,0,0
BRDA:58,2,1,0
BRDA:82,3,0,0
BRDA:82,3,1,0
BRDA:88,4,0,0
BRDA:88,4,1,0
BRF:10
BRH:0
end_of_record
TN:
SF:src\middleware\virusScan.js
FN:20,scanBuffer
FN:21,(anonymous_1)
FN:25,(anonymous_2)
FN:30,(anonymous_3)
FN:44,(anonymous_4)
FN:59,(anonymous_5)
FN:67,(anonymous_6)
FNF:7
FNH:0
FNDA:0,scanBuffer
FNDA:0,(anonymous_1)
FNDA:0,(anonymous_2)
FNDA:0,(anonymous_3)
FNDA:0,(anonymous_4)
FNDA:0,(anonymous_5)
FNDA:0,(anonymous_6)
DA:9,1
DA:10,1
DA:12,1
DA:13,1
DA:14,1
DA:21,0
DA:22,0
DA:23,0
DA:25,0
DA:26,0
DA:27,0
DA:30,0
DA:32,0
DA:34,0
DA:35,0
DA:36,0
DA:37,0
DA:39,0
DA:40,0
DA:41,0
DA:44,0
DA:45,0
DA:46,0
DA:47,0
DA:48,0
DA:49,0
DA:50,0
DA:53,0
DA:54,0
DA:59,0
DA:67,1
DA:69,0
DA:71,0
DA:73,0
DA:74,0
DA:75,0
DA:77,0
DA:79,0
DA:80,0
DA:81,0
DA:87,0
DA:88,0
DA:91,0
DA:92,0
DA:96,1
LF:45
LH:7
BRDA:12,0,0,1
BRDA:12,0,1,1
BRDA:13,1,0,1
BRDA:13,1,1,1
BRDA:46,2,0,0
BRDA:46,2,1,0
BRDA:46,3,0,0
BRDA:46,3,1,0
BRDA:49,4,0,0
BRDA:49,4,1,0
BRDA:69,5,0,0
BRDA:69,5,1,0
BRDA:77,6,0,0
BRDA:77,6,1,0
BRF:14
BRH:4
end_of_record
TN:
SF:src\routes\aiRoutes.js
FNF:0
FNH:0
DA:10,1
DA:11,1
DA:12,1
DA:13,1
DA:16,1
DA:23,1
DA:31,1
DA:40,1
DA:49,1
DA:57,1
DA:64,1
LF:11
LH:11
BRF:0
BRH:0
end_of_record
TN:
SF:src\routes\authRoutes.js
FNF:0
FNH:0
DA:6,1
DA:7,1
DA:8,1
DA:11,1
DA:14,1
DA:17,1
DA:20,1
DA:23,1
DA:26,1
DA:28,1
LF:10
LH:10
BRF:0
BRH:0
end_of_record
TN:
SF:src\routes\dashboardRoutes.js
FNF:0
FNH:0
DA:6,1
DA:7,1
DA:9,1
DA:10,1
DA:13,1
DA:16,1
DA:18,1
LF:7
LH:7
BRF:0
BRH:0
end_of_record
TN:
SF:src\routes\documentRoutes.js
FNF:0
FNH:0
DA:6,1
DA:7,1
DA:8,1
DA:9,1
DA:10,1
DA:11,1
DA:14,1
DA:15,1
DA:16,1
DA:17,1
DA:18,1
DA:19,1
DA:22,1
DA:29,1
DA:37,1
DA:46,1
DA:47,1
DA:48,1
DA:49,1
DA:52,1
DA:62,1
DA:68,1
LF:22
LH:22
BRF:0
BRH:0
end_of_record
TN:
SF:src\routes\folderRoutes.js
FNF:0
FNH:0
DA:5,1
DA:6,1
DA:7,1
DA:9,1
DA:10,1
DA:12,1
LF:6
LH:6
BRF:0
BRH:0
end_of_record
TN:
SF:src\routes\healthRoutes.js
FN:8,(anonymous_0)
FNF:1
FNH:0
FNDA:0,(anonymous_0)
DA:1,1
DA:2,1
DA:3,1
DA:5,1
DA:8,1
DA:9,0
DA:12,0
DA:13,0
DA:14,0
DA:15,0
DA:16,0
DA:17,0
DA:19,0
DA:22,0
DA:23,0
DA:24,0
DA:26,0
DA:28,0
DA:56,1
LF:19
LH:6
BRDA:29,0,0,0
BRDA:29,0,1,0
BRF:2
BRH:0
end_of_record
TN:
SF:src\routes\incidentRoutes.js
FNF:0
FNH:0
DA:1,1
DA:2,1
DA:3,1
DA:5,1
DA:7,1
DA:8,1
DA:9,1
DA:11,1
LF:8
LH:8
BRF:0
BRH:0
end_of_record
TN:
SF:src\routes\logRoutes.js
FNF:0
FNH:0
DA:5,1
DA:6,1
DA:7,1
DA:8,1
DA:11,1
DA:14,1
DA:16,1
LF:7
LH:7
BRF:0
BRH:0
end_of_record
TN:
SF:src\routes\notificationRoutes.js
FNF:0
FNH:0
DA:4,1
DA:5,1
DA:6,1
DA:7,1
DA:10,1
DA:13,1
DA:16,1
DA:19,1
DA:22,1
DA:25,1
DA:27,1
LF:11
LH:11
BRF:0
BRH:0
end_of_record
TN:
SF:src\routes\processRoutes.js
FNF:0
FNH:0
DA:1,1
DA:2,1
DA:3,1
DA:5,1
DA:7,1
LF:5
LH:5
BRF:0
BRH:0
end_of_record
TN:
SF:src\routes\roleRoutes.js
FNF:0
FNH:0
DA:5,1
DA:6,1
DA:7,1
DA:8,1
DA:11,1
DA:14,1
DA:17,1
DA:20,1
DA:23,1
DA:25,1
LF:10
LH:10
BRF:0
BRH:0
end_of_record
TN:
SF:src\routes\typeRoutes.js
FNF:0
FNH:0
DA:5,1
DA:6,1
DA:7,1
DA:9,1
DA:11,1
LF:5
LH:5
BRF:0
BRH:0
end_of_record
TN:
SF:src\routes\userRoutes.js
FNF:0
FNH:0
DA:5,1
DA:6,1
DA:7,1
DA:9,1
DA:10,1
DA:12,1
LF:6
LH:6
BRF:0
BRH:0
end_of_record
TN:
SF:src\routes\validationRoutes.js
FNF:0
FNH:0
DA:8,1
DA:9,1
DA:10,1
DA:11,1
DA:14,1
DA:15,1
DA:16,1
DA:17,1
DA:18,1
DA:23,1
DA:31,1
DA:36,1
DA:41,1
DA:46,1
LF:14
LH:14
BRF:0
BRH:0
end_of_record
TN:
SF:src\services\emailService.js
FN:8,getTransporter
FN:17,verifyEmailTransporter
FN:105,headerIconBox
FN:113,statusPill
FN:120,statusArrow
FN:140,baseHtml
FN:215,sectionLabel
FN:223,docCard
FN:236,infoRow
FN:244,infoTable
FN:254,alertBox
FN:270,ctaButton
FN:286,sendDocumentCreatedEmail
FN:316,sendStatusChangedEmail
FN:338,sendNewVersionEmail
FN:340,(anonymous_15)
FN:359,sendExpiringDocumentEmail
FN:379,sendExpirationDigestEmail
FN:386,(anonymous_18)
FN:435,sendInactiveDocumentEmail
FN:455,sendPasswordResetEmail
FN:506,sendSecurityAlert
FN:563,sendMail
FN:580,sendAssignmentEmail
FNF:24
FNH:0
FNDA:0,getTransporter
FNDA:0,verifyEmailTransporter
FNDA:0,headerIconBox
FNDA:0,statusPill
FNDA:0,statusArrow
FNDA:0,baseHtml
FNDA:0,sectionLabel
FNDA:0,docCard
FNDA:0,infoRow
FNDA:0,infoTable
FNDA:0,alertBox
FNDA:0,ctaButton
FNDA:0,sendDocumentCreatedEmail
FNDA:0,sendStatusChangedEmail
FNDA:0,sendNewVersionEmail
FNDA:0,(anonymous_15)
FNDA:0,sendExpiringDocumentEmail
FNDA:0,sendExpirationDigestEmail
FNDA:0,(anonymous_18)
FNDA:0,sendInactiveDocumentEmail
FNDA:0,sendPasswordResetEmail
FNDA:0,sendSecurityAlert
FNDA:0,sendMail
FNDA:0,sendAssignmentEmail
DA:4,1
DA:6,1
DA:9,0
DA:18,0
DA:19,0
DA:20,0
DA:22,0
DA:23,0
DA:24,0
DA:25,0
DA:27,0
DA:28,0
DA:33,1
DA:51,1
DA:65,1
DA:106,0
DA:107,0
DA:114,0
DA:115,0
DA:116,0
DA:121,0
DA:122,0
DA:123,0
DA:124,0
DA:125,0
DA:141,0
DA:142,0
DA:143,0
DA:144,0
DA:145,0
DA:216,0
DA:217,0
DA:224,0
DA:225,0
DA:237,0
DA:245,0
DA:255,0
DA:256,0
DA:263,0
DA:271,0
DA:272,0
DA:273,0
DA:274,0
DA:287,0
DA:288,0
DA:289,0
DA:290,0
DA:302,0
DA:305,1
DA:317,0
DA:318,0
DA:319,0
DA:320,0
DA:321,0
DA:322,0
DA:335,0
DA:339,0
DA:340,0
DA:341,0
DA:342,0
DA:343,0
DA:356,0
DA:360,0
DA:361,0
DA:362,0
DA:363,0
DA:375,0
DA:381,0
DA:382,0
DA:383,0
DA:384,0
DA:386,0
DA:399,0
DA:426,0
DA:436,0
DA:437,0
DA:438,0
DA:439,0
DA:451,0
DA:456,0
DA:457,0
DA:458,0
DA:459,0
DA:460,0
DA:461,0
DA:463,0
DA:492,0
DA:508,0
DA:510,0
DA:511,0
DA:512,0
DA:522,0
DA:523,0
DA:524,0
DA:535,0
DA:536,0
DA:537,0
DA:538,0
DA:553,0
DA:556,0
DA:557,0
DA:564,0
DA:565,0
DA:566,0
DA:567,0
DA:568,0
DA:574,0
DA:576,0
DA:581,0
DA:582,0
DA:584,0
DA:585,0
DA:586,0
DA:587,0
DA:588,0
DA:589,0
DA:590,0
DA:592,0
DA:604,0
DA:607,1
LF:120
LH:7
BRDA:10,0,0,0
BRDA:10,0,1,0
BRDA:11,1,0,0
BRDA:11,1,1,0
BRDA:18,2,0,0
BRDA:18,2,1,0
BRDA:18,3,0,0
BRDA:18,3,1,0
BRDA:106,4,0,0
BRDA:106,4,1,0
BRDA:114,5,0,0
BRDA:114,5,1,0
BRDA:115,6,0,0
BRDA:115,6,1,0
BRDA:121,7,0,0
BRDA:121,7,1,0
BRDA:122,8,0,0
BRDA:122,8,1,0
BRDA:123,9,0,0
BRDA:123,9,1,0
BRDA:124,10,0,0
BRDA:124,10,1,0
BRDA:129,11,0,0
BRDA:129,11,1,0
BRDA:133,12,0,0
BRDA:133,12,1,0
BRDA:141,13,0,0
BRDA:141,13,1,0
BRDA:142,14,0,0
BRDA:142,14,1,0
BRDA:143,15,0,0
BRDA:143,15,1,0
BRDA:216,16,0,0
BRDA:216,16,1,0
BRDA:224,17,0,0
BRDA:224,17,1,0
BRDA:227,18,0,0
BRDA:227,18,1,0
BRDA:228,19,0,0
BRDA:228,19,1,0
BRDA:230,20,0,0
BRDA:230,20,1,0
BRDA:240,21,0,0
BRDA:240,21,1,0
BRDA:255,22,0,0
BRDA:255,22,1,0
BRDA:256,23,0,0
BRDA:256,23,1,0
BRDA:256,24,0,0
BRDA:256,24,1,0
BRDA:256,24,2,0
BRDA:258,25,0,0
BRDA:258,25,1,0
BRDA:258,26,0,0
BRDA:258,26,1,0
BRDA:260,27,0,0
BRDA:260,27,1,0
BRDA:260,28,0,0
BRDA:260,28,1,0
BRDA:271,29,0,0
BRDA:271,29,1,0
BRDA:272,30,0,0
BRDA:272,30,1,0
BRDA:273,31,0,0
BRDA:273,31,1,0
BRDA:277,32,0,0
BRDA:277,32,1,0
BRDA:289,33,0,0
BRDA:289,33,1,0
BRDA:297,34,0,0
BRDA:297,34,1,0
BRDA:317,35,0,0
BRDA:317,35,1,0
BRDA:318,36,0,0
BRDA:318,36,1,0
BRDA:321,37,0,0
BRDA:321,37,1,0
BRDA:321,38,0,0
BRDA:321,38,1,0
BRDA:325,39,0,0
BRDA:325,39,1,0
BRDA:330,40,0,0
BRDA:330,40,1,0
BRDA:333,41,0,0
BRDA:333,41,1,0
BRDA:340,42,0,0
BRDA:340,42,1,0
BRDA:342,43,0,0
BRDA:342,43,1,0
BRDA:351,44,0,0
BRDA:351,44,1,0
BRDA:362,45,0,0
BRDA:362,45,1,0
BRDA:370,46,0,0
BRDA:370,46,1,0
BRDA:371,47,0,0
BRDA:371,47,1,0
BRDA:381,48,0,0
BRDA:381,48,1,0
BRDA:381,49,0,0
BRDA:381,49,1,0
BRDA:384,50,0,0
BRDA:384,50,1,0
BRDA:392,51,0,0
BRDA:392,51,1,0
BRDA:402,52,0,0
BRDA:402,52,1,0
BRDA:402,53,0,0
BRDA:402,53,1,0
BRDA:427,54,0,0
BRDA:427,54,1,0
BRDA:438,55,0,0
BRDA:438,55,1,0
BRDA:446,56,0,0
BRDA:446,56,1,0
BRDA:457,57,0,0
BRDA:457,57,1,0
BRDA:466,58,0,0
BRDA:466,58,1,0
BRDA:510,59,0,0
BRDA:510,59,1,0
BRDA:522,60,0,0
BRDA:522,60,1,0
BRDA:535,61,0,0
BRDA:535,61,1,0
BRDA:536,62,0,0
BRDA:536,62,1,0
BRDA:545,63,0,0
BRDA:545,63,1,0
BRDA:556,64,0,0
BRDA:556,64,1,0
BRDA:564,65,0,0
BRDA:564,65,1,0
BRDA:564,66,0,0
BRDA:564,66,1,0
BRDA:565,67,0,0
BRDA:565,67,1,0
BRDA:566,68,0,0
BRDA:566,68,1,0
BRDA:569,69,0,0
BRDA:569,69,1,0
BRDA:581,70,0,0
BRDA:581,70,1,0
BRDA:581,71,0,0
BRDA:581,71,1,0
BRDA:581,71,2,0
BRDA:582,72,0,0
BRDA:582,72,1,0
BRDA:590,73,0,0
BRDA:590,73,1,0
BRDA:598,74,0,0
BRDA:598,74,1,0
BRF:152
BRH:0
end_of_record
TN:
SF:src\services\ldapService.js
FN:18,escapeLdap
FN:19,(anonymous_1)
FN:24,createClient
FN:33,bindAsync
FN:34,(anonymous_4)
FN:35,(anonymous_5)
FN:39,searchAsync
FN:40,(anonymous_7)
FN:49,(anonymous_8)
FN:51,(anonymous_9)
FN:53,(anonymous_10)
FN:63,authenticateLdap
FN:115,(anonymous_12)
FNF:13
FNH:0
FNDA:0,escapeLdap
FNDA:0,(anonymous_1)
FNDA:0,createClient
FNDA:0,bindAsync
FNDA:0,(anonymous_4)
FNDA:0,(anonymous_5)
FNDA:0,searchAsync
FNDA:0,(anonymous_7)
FNDA:0,(anonymous_8)
FNDA:0,(anonymous_9)
FNDA:0,(anonymous_10)
FNDA:0,authenticateLdap
FNDA:0,(anonymous_12)
DA:8,1
DA:10,1
DA:11,1
DA:12,1
DA:13,1
DA:14,1
DA:15,1
DA:19,0
DA:20,0
DA:25,0
DA:34,0
DA:35,0
DA:40,0
DA:41,0
DA:48,0
DA:49,0
DA:50,0
DA:51,0
DA:52,0
DA:53,0
DA:64,0
DA:65,0
DA:66,0
DA:67,0
DA:70,0
DA:71,0
DA:75,0
DA:76,0
DA:78,0
DA:79,0
DA:83,0
DA:84,0
DA:85,0
DA:86,0
DA:89,0
DA:90,0
DA:93,0
DA:94,0
DA:95,0
DA:96,0
DA:97,0
DA:103,0
DA:106,0
DA:107,0
DA:109,0
DA:113,1
DA:115,0
LF:47
LH:8
BRDA:11,0,0,1
BRDA:11,0,1,0
BRDA:12,1,0,1
BRDA:12,1,1,0
BRDA:13,2,0,1
BRDA:13,2,1,0
BRDA:14,3,0,1
BRDA:14,3,1,0
BRDA:15,4,0,1
BRDA:15,4,1,0
BRDA:35,5,0,0
BRDA:35,5,1,0
BRDA:50,6,0,0
BRDA:50,6,1,0
BRDA:64,7,0,0
BRDA:64,7,1,0
BRDA:65,8,0,0
BRDA:65,8,1,0
BRDA:65,9,0,0
BRDA:65,9,1,0
BRDA:70,10,0,0
BRDA:70,10,1,0
BRDA:78,11,0,0
BRDA:78,11,1,0
BRDA:78,12,0,0
BRDA:78,12,1,0
BRDA:84,13,0,0
BRDA:84,13,1,0
BRDA:90,14,0,0
BRDA:90,14,1,0
BRDA:98,15,0,0
BRDA:98,15,1,0
BRDA:98,15,2,0
BRDA:99,16,0,0
BRDA:99,16,1,0
BRDA:100,17,0,0
BRDA:100,17,1,0
BRF:37
BRH:5
end_of_record
TN:
SF:src\services\sharepointService.js
FN:30,getAccessToken
FN:57,getDriveId
FN:90,uploadFileToSharePoint
FN:137,getSharePointLink
FN:162,(anonymous_4)
FNF:5
FNH:0
FNDA:0,getAccessToken
FNDA:0,getDriveId
FNDA:0,uploadFileToSharePoint
FNDA:0,getSharePointLink
FNDA:0,(anonymous_4)
DA:11,0
DA:17,0
DA:18,0
DA:20,0
DA:24,0
DA:25,0
DA:31,0
DA:32,0
DA:34,0
DA:35,0
DA:42,0
DA:43,0
DA:44,0
DA:45,0
DA:47,0
DA:48,0
DA:49,0
DA:50,0
DA:55,0
DA:58,0
DA:59,0
DA:60,0
DA:61,0
DA:63,0
DA:67,0
DA:68,0
DA:70,0
DA:74,0
DA:75,0
DA:76,0
DA:77,0
DA:91,0
DA:92,0
DA:93,0
DA:96,0
DA:97,0
DA:98,0
DA:99,0
DA:101,0
DA:102,0
DA:104,0
DA:116,0
DA:117,0
DA:120,0
DA:121,0
DA:122,0
DA:123,0
DA:125,0
DA:126,0
DA:138,0
DA:140,0
DA:141,0
DA:142,0
DA:143,0
DA:145,0
DA:150,0
DA:151,0
DA:152,0
DA:154,0
DA:155,0
DA:159,0
DA:162,0
LF:62
LH:0
BRDA:11,0,0,0
BRDA:11,0,1,0
BRDA:11,0,2,0
BRDA:11,0,3,0
BRDA:11,0,4,0
BRDA:17,1,0,0
BRDA:17,1,1,0
BRDA:31,2,0,0
BRDA:31,2,1,0
BRDA:32,3,0,0
BRDA:32,3,1,0
BRDA:32,4,0,0
BRDA:32,4,1,0
BRDA:43,5,0,0
BRDA:43,5,1,0
BRDA:58,6,0,0
BRDA:58,6,1,0
BRDA:67,7,0,0
BRDA:67,7,1,0
BRDA:74,8,0,0
BRDA:74,8,1,0
BRDA:91,9,0,0
BRDA:91,9,1,0
BRDA:102,10,0,0
BRDA:102,10,1,0
BRDA:116,11,0,0
BRDA:116,11,1,0
BRDA:138,12,0,0
BRDA:138,12,1,0
BRDA:143,13,0,0
BRDA:143,13,1,0
BRDA:150,14,0,0
BRDA:150,14,1,0
BRDA:152,15,0,0
BRDA:152,15,1,0
BRF:35
BRH:0
end_of_record
TN:
SF:src\utils\auditLog.js
FN:7,auditLog
FNF:1
FNH:0
FNDA:0,auditLog
DA:4,1
DA:8,0
DA:9,0
DA:11,0
DA:12,0
DA:19,0
DA:23,1
LF:7
LH:2
BRDA:7,0,0,0
BRDA:7,1,0,0
BRDA:7,2,0,0
BRDA:7,3,0,0
BRDA:7,4,0,0
BRDA:8,5,0,0
BRDA:8,5,1,0
BRDA:8,6,0,0
BRDA:8,6,1,0
BRDA:8,6,2,0
BRDA:9,7,0,0
BRDA:9,7,1,0
BRDA:9,8,0,0
BRDA:9,8,1,0
BRF:14
BRH:0
end_of_record
TN:
SF:src\utils\incidentDetector.js
FN:18,(anonymous_0)
FN:28,(anonymous_1)
FN:38,(anonymous_2)
FN:48,(anonymous_3)
FN:53,detectIncidents
FN:108,(anonymous_5)
FN:117,startIncidentDetector
FNF:7
FNH:0
FNDA:0,(anonymous_0)
FNDA:0,(anonymous_1)
FNDA:0,(anonymous_2)
FNDA:0,(anonymous_3)
FNDA:0,detectIncidents
FNDA:0,(anonymous_5)
FNDA:0,startIncidentDetector
DA:4,0
DA:5,0
DA:7,0
DA:8,0
DA:10,0
DA:19,0
DA:29,0
DA:39,0
DA:49,0
DA:54,0
DA:56,0
DA:57,0
DA:58,0
DA:60,0
DA:74,0
DA:76,0
DA:85,0
DA:87,0
DA:89,0
DA:95,0
DA:98,0
DA:99,0
DA:100,0
DA:112,0
DA:118,0
DA:119,0
DA:120,0
DA:123,0
LF:28
LH:0
BRDA:58,0,0,0
BRDA:58,0,1,0
BRDA:85,1,0,0
BRDA:85,1,1,0
BRDA:99,2,0,0
BRDA:99,2,1,0
BRDA:106,3,0,0
BRDA:106,3,1,0
BRF:8
BRH:0
end_of_record
TN:
SF:src\utils\logger.js
FN:15,getTimestamp
FN:18,writeToFile
FN:20,(anonymous_2)
FN:23,(anonymous_3)
FN:24,(anonymous_4)
FN:25,(anonymous_5)
FN:26,(anonymous_6)
FNF:7
FNH:0
FNDA:0,getTimestamp
FNDA:0,writeToFile
FNDA:0,(anonymous_2)
FNDA:0,(anonymous_3)
FNDA:0,(anonymous_4)
FNDA:0,(anonymous_5)
FNDA:0,(anonymous_6)
DA:5,1
DA:6,1
DA:8,1
DA:9,1
DA:10,1
DA:13,1
DA:15,0
DA:19,0
DA:20,0
DA:23,1
DA:24,1
DA:25,1
DA:26,1
DA:28,1
LF:14
LH:11
BRDA:13,0,0,0
BRDA:13,0,1,1
BRDA:20,1,0,0
BRDA:20,1,1,0
BRDA:23,2,0,0
BRDA:24,3,0,0
BRDA:25,4,0,0
BRDA:26,5,0,0
BRF:8
BRH:1
end_of_record
TN:
SF:src\utils\passwordPolicy.js
FN:12,validatePassword
FNF:1
FNH:0
FNDA:0,validatePassword
DA:4,1
DA:13,0
DA:15,0
DA:16,0
DA:17,0
DA:18,0
DA:19,0
DA:20,0
DA:21,0
DA:22,0
DA:23,0
DA:24,0
DA:26,0
DA:29,1
LF:14
LH:2
BRDA:15,0,0,0
BRDA:15,0,1,0
BRDA:15,1,0,0
BRDA:15,1,1,0
BRDA:17,2,0,0
BRDA:17,2,1,0
BRDA:19,3,0,0
BRDA:19,3,1,0
BRDA:21,4,0,0
BRDA:21,4,1,0
BRDA:23,5,0,0
BRDA:23,5,1,0
BRF:12
BRH:0
end_of_record
